#
# There is insufficient memory for the Java Runtime Environment to continue.
# Native memory allocation (malloc) failed to allocate 972736 bytes for Chunk::new
# Possible reasons:
#   The system is out of physical RAM or swap space
#   The process is running with CompressedOops enabled, and the Java Heap may be blocking the growth of the native heap
# Possible solutions:
#   Reduce memory load on the system
#   Increase physical memory or swap space
#   Check if swap backing store is full
#   Decrease Java heap size (-Xmx/-Xms)
#   Decrease number of Java threads
#   Decrease Java thread stack sizes (-Xss)
#   Set larger code cache with -XX:ReservedCodeCacheSize=
#   JVM is running with Unscaled Compressed Oops mode in which the Java heap is
#     placed in the first 4GB address space. The Java Heap base address is the
#     maximum limit for the native heap growth. Please use -XX:HeapBaseMinAddress
#     to set the Java Heap base and to place the Java Heap above 4GB virtual address.
# This output file may be truncated or incomplete.
#
#  Out of Memory Error (t:/workspace/open/src/hotspot/share/memory/arena.cpp:197), pid=8552, tid=7120
#
# JRE version: Java(TM) SE Runtime Environment (11.0+28) (build 11+28)
# Java VM: Java HotSpot(TM) 64-Bit Server VM (11+28, mixed mode, tiered, compressed oops, g1 gc, windows-amd64)
# No core dump will be written. Minidumps are not enabled by default on client versions of Windows
#

---------------  S U M M A R Y ------------

Command Line: --add-opens=java.base/java.util=ALL-UNNAMED --add-opens=java.base/java.lang=ALL-UNNAMED --add-opens=java.base/java.lang.invoke=ALL-UNNAMED --add-opens=java.prefs/java.util.prefs=ALL-UNNAMED -XX:MaxMetaspaceSize=256m -XX:+HeapDumpOnOutOfMemoryError -Xms256m -Xmx512m -Dfile.encoding=windows-1252 -Duser.country=IN -Duser.language=en -Duser.variant org.gradle.launcher.daemon.bootstrap.GradleDaemon 6.0.1

Host: Intel(R) Core(TM) i3-5005U CPU @ 2.00GHz, 4 cores, 7G,  Windows 10 , 64 bit Build 17134 (10.0.17134.556)
Time: Wed Jul  1 12:00:40 2020 India Standard Time elapsed time: 42 seconds (0d 0h 0m 42s)

---------------  T H R E A D  ---------------

Current thread (0x000002264bc1f800):  JavaThread "C2 CompilerThread1" daemon [_thread_in_native, id=7120, stack(0x0000009774100000,0x0000009774200000)]


Current CompileTask:
C2:  42900 9120       4       org.gradle.internal.graph.CachingDirectedGraphWalker::doSearch (659 bytes)

Stack: [0x0000009774100000,0x0000009774200000]
Native frames: (J=compiled Java code, j=interpreted, Vv=VM code, C=native code)
V  [jvm.dll+0x63c22a]
V  [jvm.dll+0x7797ef]
V  [jvm.dll+0x77adda]
V  [jvm.dll+0x77b493]
V  [jvm.dll+0x262818]
V  [jvm.dll+0xc5c71]
V  [jvm.dll+0xc61fc]
V  [jvm.dll+0x2d1114]
V  [jvm.dll+0x55413f]
V  [jvm.dll+0x21e2d9]
V  [jvm.dll+0x21b866]
V  [jvm.dll+0x198390]
V  [jvm.dll+0x22a99f]
V  [jvm.dll+0x228fb8]
V  [jvm.dll+0x73f04d]
V  [jvm.dll+0x63b2c2]
C  [ucrtbase.dll+0x1c4ce]
C  [KERNEL32.DLL+0x13dc4]
C  [ntdll.dll+0x73691]


---------------  P R O C E S S  ---------------

Threads class SMR info:
_java_thread_list=0x0000022650c6e4d0, length=39, elements={
0x000002262c2d4000, 0x0000022648d17800, 0x0000022648d21000, 0x0000022649682800,
0x0000022648d37800, 0x0000022648d38000, 0x0000022648d3d800, 0x0000022648d4d800,
0x00000226497d4000, 0x0000022649812800, 0x000002264b653800, 0x0000022649f8a800,
0x000002264c1a5000, 0x000002264d100000, 0x000002264b274800, 0x000002264d381000,
0x000002264afa8000, 0x000002264acc5800, 0x000002264a024000, 0x000002264afc2000,
0x000002264bd28000, 0x000002264bd29800, 0x000002264bd28800, 0x000002264bd27000,
0x000002264bc1a800, 0x000002264bc1c000, 0x000002264bc1b800, 0x000002264bc1a000,
0x000002264bc1d000, 0x000002264bc1e000, 0x000002264bc1e800, 0x000002264bc19000,
0x000002264bc23800, 0x000002264bc1f800, 0x000002264bc22000, 0x000002264bc21000,
0x000002264bc22800, 0x000002264bc24800, 0x000002264bc26000
}

Java Threads: ( => current thread )
  0x000002262c2d4000 JavaThread "main" [_thread_blocked, id=1288, stack(0x0000009772000000,0x0000009772100000)]
  0x0000022648d17800 JavaThread "Reference Handler" daemon [_thread_blocked, id=5192, stack(0x0000009772700000,0x0000009772800000)]
  0x0000022648d21000 JavaThread "Finalizer" daemon [_thread_blocked, id=2764, stack(0x0000009772800000,0x0000009772900000)]
  0x0000022649682800 JavaThread "Signal Dispatcher" daemon [_thread_blocked, id=5556, stack(0x0000009772900000,0x0000009772a00000)]
  0x0000022648d37800 JavaThread "Attach Listener" daemon [_thread_blocked, id=12224, stack(0x0000009772a00000,0x0000009772b00000)]
  0x0000022648d38000 JavaThread "C2 CompilerThread0" daemon [_thread_in_native, id=1436, stack(0x0000009772b00000,0x0000009772c00000)]
  0x0000022648d3d800 JavaThread "C1 CompilerThread0" daemon [_thread_in_native, id=10736, stack(0x0000009772c00000,0x0000009772d00000)]
  0x0000022648d4d800 JavaThread "Sweeper thread" daemon [_thread_blocked, id=10860, stack(0x0000009772d00000,0x0000009772e00000)]
  0x00000226497d4000 JavaThread "Common-Cleaner" daemon [_thread_blocked, id=12176, stack(0x0000009772e00000,0x0000009772f00000)]
  0x0000022649812800 JavaThread "Service Thread" daemon [_thread_blocked, id=2412, stack(0x0000009772f00000,0x0000009773000000)]
  0x000002264b653800 JavaThread "Daemon health stats" [_thread_blocked, id=6888, stack(0x0000009773500000,0x0000009773600000)]
  0x0000022649f8a800 JavaThread "Incoming local TCP Connector on port 49470" [_thread_in_native, id=7596, stack(0x0000009773400000,0x0000009773500000)]
  0x000002264c1a5000 JavaThread "Daemon periodic checks" [_thread_blocked, id=5568, stack(0x0000009773600000,0x0000009773700000)]
  0x000002264d100000 JavaThread "Daemon" [_thread_blocked, id=11612, stack(0x0000009773700000,0x0000009773800000)]
  0x000002264b274800 JavaThread "Handler for socket connection from /127.0.0.1:49470 to /127.0.0.1:49471" [_thread_in_native, id=10952, stack(0x0000009773800000,0x0000009773900000)]
  0x000002264d381000 JavaThread "Cancel handler" [_thread_blocked, id=9960, stack(0x0000009773900000,0x0000009773a00000)]
  0x000002264afa8000 JavaThread "Daemon worker" [_thread_in_Java, id=10768, stack(0x0000009773a00000,0x0000009773b00000)]
  0x000002264acc5800 JavaThread "Asynchronous log dispatcher for DefaultDaemonConnection: socket connection from /127.0.0.1:49470 to /127.0.0.1:49471" [_thread_blocked, id=11992, stack(0x0000009773b00000,0x0000009773c00000)]
  0x000002264a024000 JavaThread "Stdin handler" [_thread_blocked, id=7928, stack(0x0000009773c00000,0x0000009773d00000)]
  0x000002264afc2000 JavaThread "Thread-8" [_thread_blocked, id=3096, stack(0x0000009773d00000,0x0000009773e00000)]
  0x000002264bd28000 JavaThread "Cache worker for file hash cache (C:\Users\user\.gradle\caches\6.0.1\fileHashes)" [_thread_blocked, id=8432, stack(0x0000009773e00000,0x0000009773f00000)]
  0x000002264bd29800 JavaThread "File lock request listener" [_thread_in_native, id=11092, stack(0x0000009773f00000,0x0000009774000000)]
  0x000002264bd28800 JavaThread "Cache worker for journal cache (C:\Users\user\.gradle\caches\journal-1)" [_thread_blocked, id=8600, stack(0x0000009774000000,0x0000009774100000)]
  0x000002264bd27000 JavaThread "Cache worker for file hash cache (C:\Users\user\Desktop\reStartup\Covid19_Tracker\android\.gradle\6.0.1\fileHashes)" [_thread_blocked, id=8736, stack(0x0000009774200000,0x0000009774300000)]
  0x000002264bc1a800 JavaThread "Cache worker for cache directory md-supplier (C:\Users\user\.gradle\caches\6.0.1\md-supplier)" [_thread_blocked, id=9640, stack(0x0000009774300000,0x0000009774400000)]
  0x000002264bc1c000 JavaThread "Cache worker for cache directory md-rule (C:\Users\user\.gradle\caches\6.0.1\md-rule)" [_thread_blocked, id=6140, stack(0x0000009774400000,0x0000009774500000)]
  0x000002264bc1b800 JavaThread "Cache worker for execution history cache (C:\Users\user\.gradle\caches\6.0.1\executionHistory)" [_thread_blocked, id=10928, stack(0x0000009774500000,0x0000009774600000)]
  0x000002264bc1a000 JavaThread "Build operations" [_thread_blocked, id=2508, stack(0x0000009774600000,0x0000009774700000)]
  0x000002264bc1d000 JavaThread "Build operations Thread 2" [_thread_blocked, id=6232, stack(0x0000009774700000,0x0000009774800000)]
  0x000002264bc1e000 JavaThread "Build operations Thread 3" [_thread_blocked, id=1752, stack(0x0000009774800000,0x0000009774900000)]
  0x000002264bc1e800 JavaThread "Build operations Thread 4" [_thread_blocked, id=10324, stack(0x0000009774900000,0x0000009774a00000)]
  0x000002264bc19000 JavaThread "Cache worker for Build Output Cleanup Cache (C:\Users\user\Desktop\reStartup\Covid19_Tracker\android\.gradle\buildOutputCleanup)" [_thread_blocked, id=8844, stack(0x0000009774a00000,0x0000009774b00000)]
  0x000002264bc23800 JavaThread "Memory manager" [_thread_blocked, id=11624, stack(0x0000009774b00000,0x0000009774c00000)]
=>0x000002264bc1f800 JavaThread "C2 CompilerThread1" daemon [_thread_in_native, id=7120, stack(0x0000009774100000,0x0000009774200000)]
  0x000002264bc22000 JavaThread "Cache worker for file content cache (C:\Users\user\.gradle\caches\6.0.1\fileContent)" [_thread_blocked, id=872, stack(0x0000009774e00000,0x0000009774f00000)]
  0x000002264bc21000 JavaThread "Cache worker for file content cache (C:\Users\user\Desktop\reStartup\Covid19_Tracker\android\.gradle\6.0.1\fileContent)" [_thread_blocked, id=3392, stack(0x0000009774f00000,0x0000009775000000)]
  0x000002264bc22800 JavaThread "Execution worker for ':'" [_thread_in_vm, id=1572, stack(0x0000009775000000,0x0000009775100000)]
  0x000002264bc24800 JavaThread "Execution worker for ':' Thread 2" [_thread_blocked, id=9924, stack(0x0000009775100000,0x0000009775200000)]
  0x000002264bc26000 JavaThread "Execution worker for ':' Thread 3" [_thread_blocked, id=9544, stack(0x0000009775200000,0x0000009775300000)]

Other Threads:
  0x0000022648cf2000 VMThread "VM Thread" [stack: 0x0000009772600000,0x0000009772700000] [id=428]
  0x0000022649813800 WatcherThread [stack: 0x0000009773000000,0x0000009773100000] [id=2128]
  0x000002262c2ea800 GCTaskThread "GC Thread#0" [stack: 0x0000009772100000,0x0000009772200000] [id=1912]
  0x0000022649b1b000 GCTaskThread "GC Thread#1" [stack: 0x0000009773100000,0x0000009773200000] [id=10152]
  0x0000022649b5c000 GCTaskThread "GC Thread#2" [stack: 0x0000009773200000,0x0000009773300000] [id=2320]
  0x0000022649c29000 GCTaskThread "GC Thread#3" [stack: 0x0000009773300000,0x0000009773400000] [id=8728]
  0x000002262c2fc800 ConcurrentGCThread "G1 Main Marker" [stack: 0x0000009772200000,0x0000009772300000] [id=11620]
  0x000002262c2ff000 ConcurrentGCThread "G1 Conc#0" [stack: 0x0000009772300000,0x0000009772400000] [id=7620]
  0x0000022648b90800 ConcurrentGCThread "G1 Refine#0" [stack: 0x0000009772400000,0x0000009772500000] [id=9608]
  0x0000022648b91000 ConcurrentGCThread "G1 Young RemSet Sampling" [stack: 0x0000009772500000,0x0000009772600000] [id=10564]

Threads with active compile tasks:
C2 CompilerThread08982       4       org.gradle.api.internal.artifacts.configurations.DefaultConfiguration::collectSuperConfigs (72 bytes)
C2 CompilerThread19120       4       org.gradle.internal.graph.CachingDirectedGraphWalker::doSearch (659 bytes)

VM state:not at safepoint (normal execution)

VM Mutex/Monitor currently owned by a thread: None

Heap address: 0x00000000e0000000, size: 512 MB, Compressed Oops mode: 32-bit
Narrow klass base: 0x0000000000000000, Narrow klass shift: 3
Compressed class space size: 260046848 Address: 0x0000000100000000

Heap:
 garbage-first heap   total 262144K, used 161783K [0x00000000e0000000, 0x0000000100000000)
  region size 1024K, 110 young (112640K), 20 survivors (20480K)
 Metaspace       used 73512K, capacity 76165K, committed 76236K, reserved 321536K
  class space    used 9446K, capacity 10388K, committed 10444K, reserved 253952K
Heap Regions: E=young(eden), S=young(survivor), O=old, HS=humongous(starts), HC=humongous(continues), CS=collection set, F=free, A=archive, TAMS=top-at-mark-start (previous, next)
|   0|0x00000000e0000000, 0x00000000e0100000, 0x00000000e0100000|100%| O|  |TAMS 0x00000000e0100000, 0x00000000e0000000| Untracked 
|   1|0x00000000e0100000, 0x00000000e0200000, 0x00000000e0200000|100%| O|  |TAMS 0x00000000e0200000, 0x00000000e0100000| Untracked 
|   2|0x00000000e0200000, 0x00000000e0300000, 0x00000000e0300000|100%| O|  |TAMS 0x00000000e0300000, 0x00000000e0200000| Untracked 
|   3|0x00000000e0300000, 0x00000000e0400000, 0x00000000e0400000|100%|HS|  |TAMS 0x00000000e0400000, 0x00000000e0300000| Complete 
|   4|0x00000000e0400000, 0x00000000e0500000, 0x00000000e0500000|100%|HC|  |TAMS 0x00000000e0500000, 0x00000000e0400000| Complete 
|   5|0x00000000e0500000, 0x00000000e0600000, 0x00000000e0600000|100%|HC|  |TAMS 0x00000000e0600000, 0x00000000e0500000| Complete 
|   6|0x00000000e0600000, 0x00000000e0700000, 0x00000000e0700000|100%| O|  |TAMS 0x00000000e0700000, 0x00000000e0600000| Untracked 
|   7|0x00000000e0700000, 0x00000000e0800000, 0x00000000e0800000|100%| O|  |TAMS 0x00000000e0800000, 0x00000000e0700000| Untracked 
|   8|0x00000000e0800000, 0x00000000e0900000, 0x00000000e0900000|100%| O|  |TAMS 0x00000000e0900000, 0x00000000e0800000| Untracked 
|   9|0x00000000e0900000, 0x00000000e0a00000, 0x00000000e0a00000|100%| O|  |TAMS 0x00000000e0a00000, 0x00000000e0900000| Untracked 
|  10|0x00000000e0a00000, 0x00000000e0b00000, 0x00000000e0b00000|100%| O|  |TAMS 0x00000000e0b00000, 0x00000000e0a00000| Untracked 
|  11|0x00000000e0b00000, 0x00000000e0c00000, 0x00000000e0c00000|100%| O|  |TAMS 0x00000000e0c00000, 0x00000000e0b00000| Untracked 
|  12|0x00000000e0c00000, 0x00000000e0d00000, 0x00000000e0d00000|100%| O|  |TAMS 0x00000000e0d00000, 0x00000000e0c00000| Untracked 
|  13|0x00000000e0d00000, 0x00000000e0e00000, 0x00000000e0e00000|100%|HS|  |TAMS 0x00000000e0e00000, 0x00000000e0d00000| Complete 
|  14|0x00000000e0e00000, 0x00000000e0f00000, 0x00000000e0f00000|100%|HC|  |TAMS 0x00000000e0f00000, 0x00000000e0e00000| Complete 
|  15|0x00000000e0f00000, 0x00000000e1000000, 0x00000000e1000000|100%| O|  |TAMS 0x00000000e1000000, 0x00000000e0f00000| Untracked 
|  16|0x00000000e1000000, 0x00000000e1100000, 0x00000000e1100000|100%| O|  |TAMS 0x00000000e1100000, 0x00000000e1000000| Untracked 
|  17|0x00000000e1100000, 0x00000000e1200000, 0x00000000e1200000|100%| O|  |TAMS 0x00000000e1112400, 0x00000000e1100000| Untracked 
|  18|0x00000000e1200000, 0x00000000e1300000, 0x00000000e1300000|100%| O|  |TAMS 0x00000000e1200000, 0x00000000e1200000| Untracked 
|  19|0x00000000e1300000, 0x00000000e1400000, 0x00000000e1400000|100%| O|  |TAMS 0x00000000e1300000, 0x00000000e1300000| Untracked 
|  20|0x00000000e1400000, 0x00000000e1500000, 0x00000000e1500000|100%| O|  |TAMS 0x00000000e1400000, 0x00000000e1400000| Untracked 
|  21|0x00000000e1500000, 0x00000000e1600000, 0x00000000e1600000|100%| O|  |TAMS 0x00000000e1500000, 0x00000000e1500000| Untracked 
|  22|0x00000000e1600000, 0x00000000e1700000, 0x00000000e1700000|100%| O|  |TAMS 0x00000000e1600000, 0x00000000e1600000| Untracked 
|  23|0x00000000e1700000, 0x00000000e1800000, 0x00000000e1800000|100%| O|  |TAMS 0x00000000e1700000, 0x00000000e1700000| Untracked 
|  24|0x00000000e1800000, 0x00000000e1900000, 0x00000000e1900000|100%| O|  |TAMS 0x00000000e1800000, 0x00000000e1800000| Untracked 
|  25|0x00000000e1900000, 0x00000000e1a00000, 0x00000000e1a00000|100%| O|  |TAMS 0x00000000e1900000, 0x00000000e1900000| Untracked 
|  26|0x00000000e1a00000, 0x00000000e1b00000, 0x00000000e1b00000|100%| O|  |TAMS 0x00000000e1a00000, 0x00000000e1a00000| Untracked 
|  27|0x00000000e1b00000, 0x00000000e1c00000, 0x00000000e1c00000|100%|HS|  |TAMS 0x00000000e1b00000, 0x00000000e1b00000| Complete 
|  28|0x00000000e1c00000, 0x00000000e1d00000, 0x00000000e1d00000|100%|HC|  |TAMS 0x00000000e1c00000, 0x00000000e1c00000| Complete 
|  29|0x00000000e1d00000, 0x00000000e1e00000, 0x00000000e1e00000|100%|HC|  |TAMS 0x00000000e1d00000, 0x00000000e1d00000| Complete 
|  30|0x00000000e1e00000, 0x00000000e1f00000, 0x00000000e1f00000|100%| O|  |TAMS 0x00000000e1e00000, 0x00000000e1e00000| Untracked 
|  31|0x00000000e1f00000, 0x00000000e2000000, 0x00000000e2000000|100%| O|  |TAMS 0x00000000e1f00000, 0x00000000e1f00000| Untracked 
|  32|0x00000000e2000000, 0x00000000e2100000, 0x00000000e2100000|100%| O|  |TAMS 0x00000000e2000000, 0x00000000e2000000| Untracked 
|  33|0x00000000e2100000, 0x00000000e2200000, 0x00000000e2200000|100%| O|  |TAMS 0x00000000e2100000, 0x00000000e2100000| Untracked 
|  34|0x00000000e2200000, 0x00000000e2300000, 0x00000000e2300000|100%| O|  |TAMS 0x00000000e2200000, 0x00000000e2200000| Untracked 
|  35|0x00000000e2300000, 0x00000000e2400000, 0x00000000e2400000|100%| O|  |TAMS 0x00000000e2300000, 0x00000000e2300000| Untracked 
|  36|0x00000000e2400000, 0x00000000e2500000, 0x00000000e2500000|100%| O|  |TAMS 0x00000000e2400000, 0x00000000e2400000| Untracked 
|  37|0x00000000e2500000, 0x00000000e2600000, 0x00000000e2600000|100%| O|  |TAMS 0x00000000e2500000, 0x00000000e2500000| Untracked 
|  38|0x00000000e2600000, 0x00000000e2700000, 0x00000000e2700000|100%| O|  |TAMS 0x00000000e2600000, 0x00000000e2600000| Untracked 
|  39|0x00000000e2700000, 0x00000000e2800000, 0x00000000e2800000|100%| O|  |TAMS 0x00000000e2700000, 0x00000000e2700000| Untracked 
|  40|0x00000000e2800000, 0x00000000e2900000, 0x00000000e2900000|100%| O|  |TAMS 0x00000000e2800000, 0x00000000e2800000| Untracked 
|  41|0x00000000e2900000, 0x00000000e2a00000, 0x00000000e2a00000|100%| O|  |TAMS 0x00000000e2900000, 0x00000000e2900000| Untracked 
|  42|0x00000000e2a00000, 0x00000000e2b00000, 0x00000000e2b00000|100%| O|  |TAMS 0x00000000e2a00000, 0x00000000e2a00000| Untracked 
|  43|0x00000000e2b00000, 0x00000000e2c00000, 0x00000000e2c00000|100%| O|  |TAMS 0x00000000e2b00000, 0x00000000e2b00000| Untracked 
|  44|0x00000000e2c00000, 0x00000000e2d00000, 0x00000000e2d00000|100%| O|  |TAMS 0x00000000e2c00000, 0x00000000e2c00000| Untracked 
|  45|0x00000000e2d00000, 0x00000000e2e00000, 0x00000000e2e00000|100%| O|  |TAMS 0x00000000e2d00000, 0x00000000e2d00000| Untracked 
|  46|0x00000000e2e00000, 0x00000000e2f00000, 0x00000000e2f00000|100%| O|  |TAMS 0x00000000e2e00000, 0x00000000e2e00000| Untracked 
|  47|0x00000000e2f00000, 0x00000000e3000000, 0x00000000e3000000|100%| O|  |TAMS 0x00000000e2f00000, 0x00000000e2f00000| Untracked 
|  48|0x00000000e3000000, 0x00000000e30fde00, 0x00000000e3100000| 99%| O|  |TAMS 0x00000000e3000000, 0x00000000e3000000| Untracked 
|  49|0x00000000e3100000, 0x00000000e3100000, 0x00000000e3200000|  0%| F|  |TAMS 0x00000000e3100000, 0x00000000e3100000| Untracked 
|  50|0x00000000e3200000, 0x00000000e3200000, 0x00000000e3300000|  0%| F|  |TAMS 0x00000000e3200000, 0x00000000e3200000| Untracked 
|  51|0x00000000e3300000, 0x00000000e3300000, 0x00000000e3400000|  0%| F|  |TAMS 0x00000000e3300000, 0x00000000e3300000| Untracked 
|  52|0x00000000e3400000, 0x00000000e3400000, 0x00000000e3500000|  0%| F|  |TAMS 0x00000000e3400000, 0x00000000e3400000| Untracked 
|  53|0x00000000e3500000, 0x00000000e3500000, 0x00000000e3600000|  0%| F|  |TAMS 0x00000000e3500000, 0x00000000e3500000| Untracked 
|  54|0x00000000e3600000, 0x00000000e3600000, 0x00000000e3700000|  0%| F|  |TAMS 0x00000000e3600000, 0x00000000e3600000| Untracked 
|  55|0x00000000e3700000, 0x00000000e3700000, 0x00000000e3800000|  0%| F|  |TAMS 0x00000000e3700000, 0x00000000e3700000| Untracked 
|  56|0x00000000e3800000, 0x00000000e3800000, 0x00000000e3900000|  0%| F|  |TAMS 0x00000000e3800000, 0x00000000e3800000| Untracked 
|  57|0x00000000e3900000, 0x00000000e3900000, 0x00000000e3a00000|  0%| F|  |TAMS 0x00000000e3900000, 0x00000000e3900000| Untracked 
|  58|0x00000000e3a00000, 0x00000000e3a00000, 0x00000000e3b00000|  0%| F|  |TAMS 0x00000000e3a00000, 0x00000000e3a00000| Untracked 
|  59|0x00000000e3b00000, 0x00000000e3b00000, 0x00000000e3c00000|  0%| F|  |TAMS 0x00000000e3b00000, 0x00000000e3b00000| Untracked 
|  60|0x00000000e3c00000, 0x00000000e3c00000, 0x00000000e3d00000|  0%| F|  |TAMS 0x00000000e3c00000, 0x00000000e3c00000| Untracked 
|  61|0x00000000e3d00000, 0x00000000e3d00000, 0x00000000e3e00000|  0%| F|  |TAMS 0x00000000e3d00000, 0x00000000e3d00000| Untracked 
|  62|0x00000000e3e00000, 0x00000000e3e00000, 0x00000000e3f00000|  0%| F|  |TAMS 0x00000000e3e00000, 0x00000000e3e00000| Untracked 
|  63|0x00000000e3f00000, 0x00000000e3f00000, 0x00000000e4000000|  0%| F|  |TAMS 0x00000000e3f00000, 0x00000000e3f00000| Untracked 
|  64|0x00000000e4000000, 0x00000000e4000000, 0x00000000e4100000|  0%| F|  |TAMS 0x00000000e4000000, 0x00000000e4000000| Untracked 
|  65|0x00000000e4100000, 0x00000000e4100000, 0x00000000e4200000|  0%| F|  |TAMS 0x00000000e4100000, 0x00000000e4100000| Untracked 
|  66|0x00000000e4200000, 0x00000000e4200000, 0x00000000e4300000|  0%| F|  |TAMS 0x00000000e4200000, 0x00000000e4200000| Untracked 
|  67|0x00000000e4300000, 0x00000000e4300000, 0x00000000e4400000|  0%| F|  |TAMS 0x00000000e4300000, 0x00000000e4300000| Untracked 
|  68|0x00000000e4400000, 0x00000000e4400000, 0x00000000e4500000|  0%| F|  |TAMS 0x00000000e4400000, 0x00000000e4400000| Untracked 
|  69|0x00000000e4500000, 0x00000000e4500000, 0x00000000e4600000|  0%| F|  |TAMS 0x00000000e4500000, 0x00000000e4500000| Untracked 
|  70|0x00000000e4600000, 0x00000000e4600000, 0x00000000e4700000|  0%| F|  |TAMS 0x00000000e4600000, 0x00000000e4600000| Untracked 
|  71|0x00000000e4700000, 0x00000000e4700000, 0x00000000e4800000|  0%| F|  |TAMS 0x00000000e4700000, 0x00000000e4700000| Untracked 
|  72|0x00000000e4800000, 0x00000000e4800000, 0x00000000e4900000|  0%| F|  |TAMS 0x00000000e4800000, 0x00000000e4800000| Untracked 
|  73|0x00000000e4900000, 0x00000000e4900000, 0x00000000e4a00000|  0%| F|  |TAMS 0x00000000e4900000, 0x00000000e4900000| Untracked 
|  74|0x00000000e4a00000, 0x00000000e4a00000, 0x00000000e4b00000|  0%| F|  |TAMS 0x00000000e4a00000, 0x00000000e4a00000| Untracked 
|  75|0x00000000e4b00000, 0x00000000e4b00000, 0x00000000e4c00000|  0%| F|  |TAMS 0x00000000e4b00000, 0x00000000e4b00000| Untracked 
|  76|0x00000000e4c00000, 0x00000000e4c00000, 0x00000000e4d00000|  0%| F|  |TAMS 0x00000000e4c00000, 0x00000000e4c00000| Untracked 
|  77|0x00000000e4d00000, 0x00000000e4d00000, 0x00000000e4e00000|  0%| F|  |TAMS 0x00000000e4d00000, 0x00000000e4d00000| Untracked 
|  78|0x00000000e4e00000, 0x00000000e4e00000, 0x00000000e4f00000|  0%| F|  |TAMS 0x00000000e4e00000, 0x00000000e4e00000| Untracked 
|  79|0x00000000e4f00000, 0x00000000e4f00000, 0x00000000e5000000|  0%| F|  |TAMS 0x00000000e4f00000, 0x00000000e4f00000| Untracked 
|  80|0x00000000e5000000, 0x00000000e5000000, 0x00000000e5100000|  0%| F|  |TAMS 0x00000000e5000000, 0x00000000e5000000| Untracked 
|  81|0x00000000e5100000, 0x00000000e5100000, 0x00000000e5200000|  0%| F|  |TAMS 0x00000000e5100000, 0x00000000e5100000| Untracked 
|  82|0x00000000e5200000, 0x00000000e5200000, 0x00000000e5300000|  0%| F|  |TAMS 0x00000000e5200000, 0x00000000e5200000| Untracked 
|  83|0x00000000e5300000, 0x00000000e5300000, 0x00000000e5400000|  0%| F|  |TAMS 0x00000000e5300000, 0x00000000e5300000| Untracked 
|  84|0x00000000e5400000, 0x00000000e5400000, 0x00000000e5500000|  0%| F|  |TAMS 0x00000000e5400000, 0x00000000e5400000| Untracked 
|  85|0x00000000e5500000, 0x00000000e5500000, 0x00000000e5600000|  0%| F|  |TAMS 0x00000000e5500000, 0x00000000e5500000| Untracked 
|  86|0x00000000e5600000, 0x00000000e5600000, 0x00000000e5700000|  0%| F|  |TAMS 0x00000000e5600000, 0x00000000e5600000| Untracked 
|  87|0x00000000e5700000, 0x00000000e5700000, 0x00000000e5800000|  0%| F|  |TAMS 0x00000000e5700000, 0x00000000e5700000| Untracked 
|  88|0x00000000e5800000, 0x00000000e5800000, 0x00000000e5900000|  0%| F|  |TAMS 0x00000000e5800000, 0x00000000e5800000| Untracked 
|  89|0x00000000e5900000, 0x00000000e5a00000, 0x00000000e5a00000|100%| S|CS|TAMS 0x00000000e5900000, 0x00000000e5900000| Complete 
|  90|0x00000000e5a00000, 0x00000000e5b00000, 0x00000000e5b00000|100%| S|CS|TAMS 0x00000000e5a00000, 0x00000000e5a00000| Complete 
|  91|0x00000000e5b00000, 0x00000000e5c00000, 0x00000000e5c00000|100%| S|CS|TAMS 0x00000000e5b00000, 0x00000000e5b00000| Complete 
|  92|0x00000000e5c00000, 0x00000000e5d00000, 0x00000000e5d00000|100%| S|CS|TAMS 0x00000000e5c00000, 0x00000000e5c00000| Complete 
|  93|0x00000000e5d00000, 0x00000000e5e00000, 0x00000000e5e00000|100%| S|CS|TAMS 0x00000000e5d00000, 0x00000000e5d00000| Complete 
|  94|0x00000000e5e00000, 0x00000000e5f00000, 0x00000000e5f00000|100%| S|CS|TAMS 0x00000000e5e00000, 0x00000000e5e00000| Complete 
|  95|0x00000000e5f00000, 0x00000000e6000000, 0x00000000e6000000|100%| S|CS|TAMS 0x00000000e5f00000, 0x00000000e5f00000| Complete 
|  96|0x00000000e6000000, 0x00000000e6100000, 0x00000000e6100000|100%| S|CS|TAMS 0x00000000e6000000, 0x00000000e6000000| Complete 
|  97|0x00000000e6100000, 0x00000000e6200000, 0x00000000e6200000|100%| S|CS|TAMS 0x00000000e6100000, 0x00000000e6100000| Complete 
|  98|0x00000000e6200000, 0x00000000e6300000, 0x00000000e6300000|100%| S|CS|TAMS 0x00000000e6200000, 0x00000000e6200000| Complete 
|  99|0x00000000e6300000, 0x00000000e6400000, 0x00000000e6400000|100%| S|CS|TAMS 0x00000000e6300000, 0x00000000e6300000| Complete 
| 100|0x00000000e6400000, 0x00000000e6500000, 0x00000000e6500000|100%| S|CS|TAMS 0x00000000e6400000, 0x00000000e6400000| Complete 
| 101|0x00000000e6500000, 0x00000000e6600000, 0x00000000e6600000|100%| S|CS|TAMS 0x00000000e6500000, 0x00000000e6500000| Complete 
| 102|0x00000000e6600000, 0x00000000e6700000, 0x00000000e6700000|100%| S|CS|TAMS 0x00000000e6600000, 0x00000000e6600000| Complete 
| 103|0x00000000e6700000, 0x00000000e6800000, 0x00000000e6800000|100%| S|CS|TAMS 0x00000000e6700000, 0x00000000e6700000| Complete 
| 104|0x00000000e6800000, 0x00000000e6900000, 0x00000000e6900000|100%| S|CS|TAMS 0x00000000e6800000, 0x00000000e6800000| Complete 
| 105|0x00000000e6900000, 0x00000000e6a00000, 0x00000000e6a00000|100%| S|CS|TAMS 0x00000000e6900000, 0x00000000e6900000| Complete 
| 106|0x00000000e6a00000, 0x00000000e6b00000, 0x00000000e6b00000|100%| S|CS|TAMS 0x00000000e6a00000, 0x00000000e6a00000| Complete 
| 107|0x00000000e6b00000, 0x00000000e6b00000, 0x00000000e6c00000|  0%| F|  |TAMS 0x00000000e6b00000, 0x00000000e6b00000| Untracked 
| 108|0x00000000e6c00000, 0x00000000e6c00000, 0x00000000e6d00000|  0%| F|  |TAMS 0x00000000e6c00000, 0x00000000e6c00000| Untracked 
| 109|0x00000000e6d00000, 0x00000000e6d00000, 0x00000000e6e00000|  0%| F|  |TAMS 0x00000000e6d00000, 0x00000000e6d00000| Untracked 
| 110|0x00000000e6e00000, 0x00000000e6e00000, 0x00000000e6f00000|  0%| F|  |TAMS 0x00000000e6e00000, 0x00000000e6e00000| Untracked 
| 111|0x00000000e6f00000, 0x00000000e6f00000, 0x00000000e7000000|  0%| F|  |TAMS 0x00000000e6f00000, 0x00000000e6f00000| Untracked 
| 112|0x00000000e7000000, 0x00000000e7000000, 0x00000000e7100000|  0%| F|  |TAMS 0x00000000e7000000, 0x00000000e7000000| Untracked 
| 113|0x00000000e7100000, 0x00000000e7100000, 0x00000000e7200000|  0%| F|  |TAMS 0x00000000e7100000, 0x00000000e7100000| Untracked 
| 114|0x00000000e7200000, 0x00000000e7200000, 0x00000000e7300000|  0%| F|  |TAMS 0x00000000e7200000, 0x00000000e7200000| Untracked 
| 115|0x00000000e7300000, 0x00000000e7300000, 0x00000000e7400000|  0%| F|  |TAMS 0x00000000e7300000, 0x00000000e7300000| Untracked 
| 116|0x00000000e7400000, 0x00000000e7400000, 0x00000000e7500000|  0%| F|  |TAMS 0x00000000e7400000, 0x00000000e7400000| Untracked 
| 117|0x00000000e7500000, 0x00000000e7500000, 0x00000000e7600000|  0%| F|  |TAMS 0x00000000e7500000, 0x00000000e7500000| Untracked 
| 118|0x00000000e7600000, 0x00000000e7600000, 0x00000000e7700000|  0%| F|  |TAMS 0x00000000e7600000, 0x00000000e7600000| Untracked 
| 119|0x00000000e7700000, 0x00000000e7700000, 0x00000000e7800000|  0%| F|  |TAMS 0x00000000e7700000, 0x00000000e7700000| Untracked 
| 120|0x00000000e7800000, 0x00000000e7800000, 0x00000000e7900000|  0%| F|  |TAMS 0x00000000e7800000, 0x00000000e7800000| Untracked 
| 121|0x00000000e7900000, 0x00000000e7a00000, 0x00000000e7a00000|100%| S|CS|TAMS 0x00000000e7900000, 0x00000000e7900000| Complete 
| 122|0x00000000e7a00000, 0x00000000e7b00000, 0x00000000e7b00000|100%| S|CS|TAMS 0x00000000e7a00000, 0x00000000e7a00000| Complete 
| 123|0x00000000e7b00000, 0x00000000e7b00000, 0x00000000e7c00000|  0%| F|  |TAMS 0x00000000e7b00000, 0x00000000e7b00000| Untracked 
| 124|0x00000000e7c00000, 0x00000000e7c00000, 0x00000000e7d00000|  0%| F|  |TAMS 0x00000000e7c00000, 0x00000000e7c00000| Untracked 
| 125|0x00000000e7d00000, 0x00000000e7d00000, 0x00000000e7e00000|  0%| F|  |TAMS 0x00000000e7d00000, 0x00000000e7d00000| Untracked 
| 126|0x00000000e7e00000, 0x00000000e7e00000, 0x00000000e7f00000|  0%| F|  |TAMS 0x00000000e7e00000, 0x00000000e7e00000| Untracked 
| 127|0x00000000e7f00000, 0x00000000e7f00000, 0x00000000e8000000|  0%| F|  |TAMS 0x00000000e7f00000, 0x00000000e7f00000| Untracked 
| 128|0x00000000e8000000, 0x00000000e8000000, 0x00000000e8100000|  0%| F|  |TAMS 0x00000000e8000000, 0x00000000e8000000| Untracked 
| 129|0x00000000e8100000, 0x00000000e8100000, 0x00000000e8200000|  0%| F|  |TAMS 0x00000000e8100000, 0x00000000e8100000| Untracked 
| 130|0x00000000e8200000, 0x00000000e8200000, 0x00000000e8300000|  0%| F|  |TAMS 0x00000000e8200000, 0x00000000e8200000| Untracked 
| 131|0x00000000e8300000, 0x00000000e8300000, 0x00000000e8400000|  0%| F|  |TAMS 0x00000000e8300000, 0x00000000e8300000| Untracked 
| 132|0x00000000e8400000, 0x00000000e8400000, 0x00000000e8500000|  0%| F|  |TAMS 0x00000000e8400000, 0x00000000e8400000| Untracked 
| 133|0x00000000e8500000, 0x00000000e8500000, 0x00000000e8600000|  0%| F|  |TAMS 0x00000000e8500000, 0x00000000e8500000| Untracked 
| 134|0x00000000e8600000, 0x00000000e8600000, 0x00000000e8700000|  0%| F|  |TAMS 0x00000000e8600000, 0x00000000e8600000| Untracked 
| 135|0x00000000e8700000, 0x00000000e8700000, 0x00000000e8800000|  0%| F|  |TAMS 0x00000000e8700000, 0x00000000e8700000| Untracked 
| 136|0x00000000e8800000, 0x00000000e8800000, 0x00000000e8900000|  0%| F|  |TAMS 0x00000000e8800000, 0x00000000e8800000| Untracked 
| 137|0x00000000e8900000, 0x00000000e8900000, 0x00000000e8a00000|  0%| F|  |TAMS 0x00000000e8900000, 0x00000000e8900000| Untracked 
| 138|0x00000000e8a00000, 0x00000000e8a00000, 0x00000000e8b00000|  0%| F|  |TAMS 0x00000000e8a00000, 0x00000000e8a00000| Untracked 
| 139|0x00000000e8b00000, 0x00000000e8b00000, 0x00000000e8c00000|  0%| F|  |TAMS 0x00000000e8b00000, 0x00000000e8b00000| Untracked 
| 140|0x00000000e8c00000, 0x00000000e8c00000, 0x00000000e8d00000|  0%| F|  |TAMS 0x00000000e8c00000, 0x00000000e8c00000| Untracked 
| 141|0x00000000e8d00000, 0x00000000e8d00000, 0x00000000e8e00000|  0%| F|  |TAMS 0x00000000e8d00000, 0x00000000e8d00000| Untracked 
| 142|0x00000000e8e00000, 0x00000000e8e00000, 0x00000000e8f00000|  0%| F|  |TAMS 0x00000000e8e00000, 0x00000000e8e00000| Untracked 
| 143|0x00000000e8f00000, 0x00000000e8f00000, 0x00000000e9000000|  0%| F|  |TAMS 0x00000000e8f00000, 0x00000000e8f00000| Untracked 
| 144|0x00000000e9000000, 0x00000000e9000000, 0x00000000e9100000|  0%| F|  |TAMS 0x00000000e9000000, 0x00000000e9000000| Untracked 
| 145|0x00000000e9100000, 0x00000000e9100000, 0x00000000e9200000|  0%| F|  |TAMS 0x00000000e9100000, 0x00000000e9100000| Untracked 
| 146|0x00000000e9200000, 0x00000000e9200000, 0x00000000e9300000|  0%| F|  |TAMS 0x00000000e9200000, 0x00000000e9200000| Untracked 
| 147|0x00000000e9300000, 0x00000000e9300000, 0x00000000e9400000|  0%| F|  |TAMS 0x00000000e9300000, 0x00000000e9300000| Untracked 
| 148|0x00000000e9400000, 0x00000000e9400000, 0x00000000e9500000|  0%| F|  |TAMS 0x00000000e9400000, 0x00000000e9400000| Untracked 
| 149|0x00000000e9500000, 0x00000000e9500000, 0x00000000e9600000|  0%| F|  |TAMS 0x00000000e9500000, 0x00000000e9500000| Untracked 
| 150|0x00000000e9600000, 0x00000000e9600000, 0x00000000e9700000|  0%| F|  |TAMS 0x00000000e9600000, 0x00000000e9600000| Untracked 
| 151|0x00000000e9700000, 0x00000000e9700000, 0x00000000e9800000|  0%| F|  |TAMS 0x00000000e9700000, 0x00000000e9700000| Untracked 
| 152|0x00000000e9800000, 0x00000000e9800000, 0x00000000e9900000|  0%| F|  |TAMS 0x00000000e9800000, 0x00000000e9800000| Untracked 
| 153|0x00000000e9900000, 0x00000000e9900000, 0x00000000e9a00000|  0%| F|  |TAMS 0x00000000e9900000, 0x00000000e9900000| Untracked 
| 154|0x00000000e9a00000, 0x00000000e9a00000, 0x00000000e9b00000|  0%| F|  |TAMS 0x00000000e9a00000, 0x00000000e9a00000| Untracked 
| 155|0x00000000e9b00000, 0x00000000e9b00000, 0x00000000e9c00000|  0%| F|  |TAMS 0x00000000e9b00000, 0x00000000e9b00000| Untracked 
| 156|0x00000000e9c00000, 0x00000000e9c00000, 0x00000000e9d00000|  0%| F|  |TAMS 0x00000000e9c00000, 0x00000000e9c00000| Untracked 
| 157|0x00000000e9d00000, 0x00000000e9d00000, 0x00000000e9e00000|  0%| F|  |TAMS 0x00000000e9d00000, 0x00000000e9d00000| Untracked 
| 158|0x00000000e9e00000, 0x00000000e9e00000, 0x00000000e9f00000|  0%| F|  |TAMS 0x00000000e9e00000, 0x00000000e9e00000| Untracked 
| 159|0x00000000e9f00000, 0x00000000e9f00000, 0x00000000ea000000|  0%| F|  |TAMS 0x00000000e9f00000, 0x00000000e9f00000| Untracked 
| 160|0x00000000ea000000, 0x00000000ea000000, 0x00000000ea100000|  0%| F|  |TAMS 0x00000000ea000000, 0x00000000ea000000| Untracked 
| 161|0x00000000ea100000, 0x00000000ea100000, 0x00000000ea200000|  0%| F|  |TAMS 0x00000000ea100000, 0x00000000ea100000| Untracked 
| 162|0x00000000ea200000, 0x00000000ea200000, 0x00000000ea300000|  0%| F|  |TAMS 0x00000000ea200000, 0x00000000ea200000| Untracked 
| 163|0x00000000ea300000, 0x00000000ea300000, 0x00000000ea400000|  0%| F|  |TAMS 0x00000000ea300000, 0x00000000ea300000| Untracked 
| 164|0x00000000ea400000, 0x00000000ea400000, 0x00000000ea500000|  0%| F|  |TAMS 0x00000000ea400000, 0x00000000ea400000| Untracked 
| 165|0x00000000ea500000, 0x00000000ea53f7d0, 0x00000000ea600000| 24%| E|  |TAMS 0x00000000ea500000, 0x00000000ea500000| Complete 
| 166|0x00000000ea600000, 0x00000000ea700000, 0x00000000ea700000|100%| E|CS|TAMS 0x00000000ea600000, 0x00000000ea600000| Complete 
| 167|0x00000000ea700000, 0x00000000ea800000, 0x00000000ea800000|100%| E|CS|TAMS 0x00000000ea700000, 0x00000000ea700000| Complete 
| 168|0x00000000ea800000, 0x00000000ea900000, 0x00000000ea900000|100%| E|CS|TAMS 0x00000000ea800000, 0x00000000ea800000| Complete 
| 169|0x00000000ea900000, 0x00000000eaa00000, 0x00000000eaa00000|100%| E|CS|TAMS 0x00000000ea900000, 0x00000000ea900000| Complete 
| 170|0x00000000eaa00000, 0x00000000eab00000, 0x00000000eab00000|100%| E|CS|TAMS 0x00000000eaa00000, 0x00000000eaa00000| Complete 
| 171|0x00000000eab00000, 0x00000000eac00000, 0x00000000eac00000|100%| E|CS|TAMS 0x00000000eab00000, 0x00000000eab00000| Complete 
| 172|0x00000000eac00000, 0x00000000ead00000, 0x00000000ead00000|100%| E|CS|TAMS 0x00000000eac00000, 0x00000000eac00000| Complete 
| 173|0x00000000ead00000, 0x00000000eae00000, 0x00000000eae00000|100%| E|CS|TAMS 0x00000000ead00000, 0x00000000ead00000| Complete 
| 174|0x00000000eae00000, 0x00000000eaf00000, 0x00000000eaf00000|100%| E|CS|TAMS 0x00000000eae00000, 0x00000000eae00000| Complete 
| 175|0x00000000eaf00000, 0x00000000eb000000, 0x00000000eb000000|100%| E|CS|TAMS 0x00000000eaf00000, 0x00000000eaf00000| Complete 
| 176|0x00000000eb000000, 0x00000000eb100000, 0x00000000eb100000|100%| E|CS|TAMS 0x00000000eb000000, 0x00000000eb000000| Complete 
| 177|0x00000000eb100000, 0x00000000eb200000, 0x00000000eb200000|100%| E|CS|TAMS 0x00000000eb100000, 0x00000000eb100000| Complete 
| 178|0x00000000eb200000, 0x00000000eb300000, 0x00000000eb300000|100%| E|CS|TAMS 0x00000000eb200000, 0x00000000eb200000| Complete 
| 179|0x00000000eb300000, 0x00000000eb400000, 0x00000000eb400000|100%| E|CS|TAMS 0x00000000eb300000, 0x00000000eb300000| Complete 
| 180|0x00000000eb400000, 0x00000000eb500000, 0x00000000eb500000|100%| E|CS|TAMS 0x00000000eb400000, 0x00000000eb400000| Complete 
| 181|0x00000000eb500000, 0x00000000eb600000, 0x00000000eb600000|100%| E|CS|TAMS 0x00000000eb500000, 0x00000000eb500000| Complete 
| 182|0x00000000eb600000, 0x00000000eb700000, 0x00000000eb700000|100%| E|CS|TAMS 0x00000000eb600000, 0x00000000eb600000| Complete 
| 183|0x00000000eb700000, 0x00000000eb800000, 0x00000000eb800000|100%| E|CS|TAMS 0x00000000eb700000, 0x00000000eb700000| Complete 
| 184|0x00000000eb800000, 0x00000000eb900000, 0x00000000eb900000|100%| E|CS|TAMS 0x00000000eb800000, 0x00000000eb800000| Complete 
| 185|0x00000000eb900000, 0x00000000eba00000, 0x00000000eba00000|100%| E|CS|TAMS 0x00000000eb900000, 0x00000000eb900000| Complete 
| 186|0x00000000eba00000, 0x00000000ebb00000, 0x00000000ebb00000|100%| E|CS|TAMS 0x00000000eba00000, 0x00000000eba00000| Complete 
| 187|0x00000000ebb00000, 0x00000000ebc00000, 0x00000000ebc00000|100%| E|CS|TAMS 0x00000000ebb00000, 0x00000000ebb00000| Complete 
| 188|0x00000000ebc00000, 0x00000000ebd00000, 0x00000000ebd00000|100%| E|CS|TAMS 0x00000000ebc00000, 0x00000000ebc00000| Complete 
| 189|0x00000000ebd00000, 0x00000000ebe00000, 0x00000000ebe00000|100%| E|CS|TAMS 0x00000000ebd00000, 0x00000000ebd00000| Complete 
| 190|0x00000000ebe00000, 0x00000000ebf00000, 0x00000000ebf00000|100%| E|CS|TAMS 0x00000000ebe00000, 0x00000000ebe00000| Complete 
| 191|0x00000000ebf00000, 0x00000000ec000000, 0x00000000ec000000|100%| E|CS|TAMS 0x00000000ebf00000, 0x00000000ebf00000| Complete 
| 192|0x00000000ec000000, 0x00000000ec100000, 0x00000000ec100000|100%| E|CS|TAMS 0x00000000ec000000, 0x00000000ec000000| Complete 
| 193|0x00000000ec100000, 0x00000000ec200000, 0x00000000ec200000|100%| E|CS|TAMS 0x00000000ec100000, 0x00000000ec100000| Complete 
| 194|0x00000000ec200000, 0x00000000ec300000, 0x00000000ec300000|100%| E|CS|TAMS 0x00000000ec200000, 0x00000000ec200000| Complete 
| 195|0x00000000ec300000, 0x00000000ec400000, 0x00000000ec400000|100%| E|CS|TAMS 0x00000000ec300000, 0x00000000ec300000| Complete 
| 196|0x00000000ec400000, 0x00000000ec500000, 0x00000000ec500000|100%| E|CS|TAMS 0x00000000ec400000, 0x00000000ec400000| Complete 
| 197|0x00000000ec500000, 0x00000000ec600000, 0x00000000ec600000|100%| E|CS|TAMS 0x00000000ec500000, 0x00000000ec500000| Complete 
| 198|0x00000000ec600000, 0x00000000ec700000, 0x00000000ec700000|100%| E|CS|TAMS 0x00000000ec600000, 0x00000000ec600000| Complete 
| 199|0x00000000ec700000, 0x00000000ec800000, 0x00000000ec800000|100%| E|CS|TAMS 0x00000000ec700000, 0x00000000ec700000| Complete 
| 200|0x00000000ec800000, 0x00000000ec900000, 0x00000000ec900000|100%| E|CS|TAMS 0x00000000ec800000, 0x00000000ec800000| Complete 
| 201|0x00000000ec900000, 0x00000000eca00000, 0x00000000eca00000|100%| E|CS|TAMS 0x00000000ec900000, 0x00000000ec900000| Complete 
| 202|0x00000000eca00000, 0x00000000ecb00000, 0x00000000ecb00000|100%| E|CS|TAMS 0x00000000eca00000, 0x00000000eca00000| Complete 
| 203|0x00000000ecb00000, 0x00000000ecc00000, 0x00000000ecc00000|100%| E|CS|TAMS 0x00000000ecb00000, 0x00000000ecb00000| Complete 
| 204|0x00000000ecc00000, 0x00000000ecd00000, 0x00000000ecd00000|100%| E|CS|TAMS 0x00000000ecc00000, 0x00000000ecc00000| Complete 
| 205|0x00000000ecd00000, 0x00000000ece00000, 0x00000000ece00000|100%| E|CS|TAMS 0x00000000ecd00000, 0x00000000ecd00000| Complete 
| 206|0x00000000ece00000, 0x00000000ecf00000, 0x00000000ecf00000|100%| E|CS|TAMS 0x00000000ece00000, 0x00000000ece00000| Complete 
| 207|0x00000000ecf00000, 0x00000000ed000000, 0x00000000ed000000|100%| E|CS|TAMS 0x00000000ecf00000, 0x00000000ecf00000| Complete 
| 208|0x00000000ed000000, 0x00000000ed100000, 0x00000000ed100000|100%| E|CS|TAMS 0x00000000ed000000, 0x00000000ed000000| Complete 
| 209|0x00000000ed100000, 0x00000000ed200000, 0x00000000ed200000|100%| E|CS|TAMS 0x00000000ed100000, 0x00000000ed100000| Complete 
| 210|0x00000000ed200000, 0x00000000ed300000, 0x00000000ed300000|100%| E|CS|TAMS 0x00000000ed200000, 0x00000000ed200000| Complete 
| 211|0x00000000ed300000, 0x00000000ed400000, 0x00000000ed400000|100%| E|CS|TAMS 0x00000000ed300000, 0x00000000ed300000| Complete 
| 212|0x00000000ed400000, 0x00000000ed500000, 0x00000000ed500000|100%| E|CS|TAMS 0x00000000ed400000, 0x00000000ed400000| Complete 
| 213|0x00000000ed500000, 0x00000000ed600000, 0x00000000ed600000|100%| E|CS|TAMS 0x00000000ed500000, 0x00000000ed500000| Complete 
| 214|0x00000000ed600000, 0x00000000ed700000, 0x00000000ed700000|100%| E|CS|TAMS 0x00000000ed600000, 0x00000000ed600000| Complete 
| 215|0x00000000ed700000, 0x00000000ed800000, 0x00000000ed800000|100%| E|CS|TAMS 0x00000000ed700000, 0x00000000ed700000| Complete 
| 216|0x00000000ed800000, 0x00000000ed900000, 0x00000000ed900000|100%| E|CS|TAMS 0x00000000ed800000, 0x00000000ed800000| Complete 
| 217|0x00000000ed900000, 0x00000000eda00000, 0x00000000eda00000|100%| E|CS|TAMS 0x00000000ed900000, 0x00000000ed900000| Complete 
| 218|0x00000000eda00000, 0x00000000edb00000, 0x00000000edb00000|100%| E|CS|TAMS 0x00000000eda00000, 0x00000000eda00000| Complete 
| 219|0x00000000edb00000, 0x00000000edc00000, 0x00000000edc00000|100%| E|CS|TAMS 0x00000000edb00000, 0x00000000edb00000| Complete 
| 220|0x00000000edc00000, 0x00000000edd00000, 0x00000000edd00000|100%| E|CS|TAMS 0x00000000edc00000, 0x00000000edc00000| Complete 
| 221|0x00000000edd00000, 0x00000000ede00000, 0x00000000ede00000|100%| E|CS|TAMS 0x00000000edd00000, 0x00000000edd00000| Complete 
| 222|0x00000000ede00000, 0x00000000edf00000, 0x00000000edf00000|100%| E|CS|TAMS 0x00000000ede00000, 0x00000000ede00000| Complete 
| 223|0x00000000edf00000, 0x00000000ee000000, 0x00000000ee000000|100%| E|CS|TAMS 0x00000000edf00000, 0x00000000edf00000| Complete 
| 224|0x00000000ee000000, 0x00000000ee100000, 0x00000000ee100000|100%| E|CS|TAMS 0x00000000ee000000, 0x00000000ee000000| Complete 
| 225|0x00000000ee100000, 0x00000000ee200000, 0x00000000ee200000|100%| E|CS|TAMS 0x00000000ee100000, 0x00000000ee100000| Complete 
| 226|0x00000000ee200000, 0x00000000ee300000, 0x00000000ee300000|100%| E|CS|TAMS 0x00000000ee200000, 0x00000000ee200000| Complete 
| 227|0x00000000ee300000, 0x00000000ee400000, 0x00000000ee400000|100%| E|CS|TAMS 0x00000000ee300000, 0x00000000ee300000| Complete 
| 228|0x00000000ee400000, 0x00000000ee500000, 0x00000000ee500000|100%| E|CS|TAMS 0x00000000ee400000, 0x00000000ee400000| Complete 
| 229|0x00000000ee500000, 0x00000000ee600000, 0x00000000ee600000|100%| E|CS|TAMS 0x00000000ee500000, 0x00000000ee500000| Complete 
| 230|0x00000000ee600000, 0x00000000ee700000, 0x00000000ee700000|100%| E|CS|TAMS 0x00000000ee600000, 0x00000000ee600000| Complete 
| 231|0x00000000ee700000, 0x00000000ee800000, 0x00000000ee800000|100%| E|CS|TAMS 0x00000000ee700000, 0x00000000ee700000| Complete 
| 232|0x00000000ee800000, 0x00000000ee900000, 0x00000000ee900000|100%| E|CS|TAMS 0x00000000ee800000, 0x00000000ee800000| Complete 
| 233|0x00000000ee900000, 0x00000000eea00000, 0x00000000eea00000|100%| E|CS|TAMS 0x00000000ee900000, 0x00000000ee900000| Complete 
| 234|0x00000000eea00000, 0x00000000eeb00000, 0x00000000eeb00000|100%| E|CS|TAMS 0x00000000eea00000, 0x00000000eea00000| Complete 
| 235|0x00000000eeb00000, 0x00000000eec00000, 0x00000000eec00000|100%| E|CS|TAMS 0x00000000eeb00000, 0x00000000eeb00000| Complete 
| 236|0x00000000eec00000, 0x00000000eed00000, 0x00000000eed00000|100%| E|CS|TAMS 0x00000000eec00000, 0x00000000eec00000| Complete 
| 237|0x00000000eed00000, 0x00000000eee00000, 0x00000000eee00000|100%| E|CS|TAMS 0x00000000eed00000, 0x00000000eed00000| Complete 
| 238|0x00000000eee00000, 0x00000000eef00000, 0x00000000eef00000|100%| E|CS|TAMS 0x00000000eee00000, 0x00000000eee00000| Complete 
| 239|0x00000000eef00000, 0x00000000ef000000, 0x00000000ef000000|100%| E|CS|TAMS 0x00000000eef00000, 0x00000000eef00000| Complete 
| 240|0x00000000ef000000, 0x00000000ef100000, 0x00000000ef100000|100%| E|CS|TAMS 0x00000000ef000000, 0x00000000ef000000| Complete 
| 241|0x00000000ef100000, 0x00000000ef200000, 0x00000000ef200000|100%| E|CS|TAMS 0x00000000ef100000, 0x00000000ef100000| Complete 
| 242|0x00000000ef200000, 0x00000000ef300000, 0x00000000ef300000|100%| E|CS|TAMS 0x00000000ef200000, 0x00000000ef200000| Complete 
| 243|0x00000000ef300000, 0x00000000ef400000, 0x00000000ef400000|100%| E|CS|TAMS 0x00000000ef300000, 0x00000000ef300000| Complete 
| 244|0x00000000ef400000, 0x00000000ef500000, 0x00000000ef500000|100%| E|CS|TAMS 0x00000000ef400000, 0x00000000ef400000| Complete 
| 245|0x00000000ef500000, 0x00000000ef600000, 0x00000000ef600000|100%| E|CS|TAMS 0x00000000ef500000, 0x00000000ef500000| Complete 
| 246|0x00000000ef600000, 0x00000000ef700000, 0x00000000ef700000|100%| E|CS|TAMS 0x00000000ef600000, 0x00000000ef600000| Complete 
| 247|0x00000000ef700000, 0x00000000ef800000, 0x00000000ef800000|100%| E|CS|TAMS 0x00000000ef700000, 0x00000000ef700000| Complete 
| 248|0x00000000ef800000, 0x00000000ef900000, 0x00000000ef900000|100%| E|CS|TAMS 0x00000000ef800000, 0x00000000ef800000| Complete 
| 249|0x00000000ef900000, 0x00000000efa00000, 0x00000000efa00000|100%| E|CS|TAMS 0x00000000ef900000, 0x00000000ef900000| Complete 
| 250|0x00000000efa00000, 0x00000000efb00000, 0x00000000efb00000|100%| E|CS|TAMS 0x00000000efa00000, 0x00000000efa00000| Complete 
| 251|0x00000000efb00000, 0x00000000efc00000, 0x00000000efc00000|100%| E|CS|TAMS 0x00000000efb00000, 0x00000000efb00000| Complete 
| 252|0x00000000efc00000, 0x00000000efd00000, 0x00000000efd00000|100%| E|CS|TAMS 0x00000000efc00000, 0x00000000efc00000| Complete 
| 253|0x00000000efd00000, 0x00000000efe00000, 0x00000000efe00000|100%| E|CS|TAMS 0x00000000efd00000, 0x00000000efd00000| Complete 
| 254|0x00000000efe00000, 0x00000000eff00000, 0x00000000eff00000|100%| E|CS|TAMS 0x00000000efe00000, 0x00000000efe00000| Complete 
| 255|0x00000000eff00000, 0x00000000f0000000, 0x00000000f0000000|100%| E|CS|TAMS 0x00000000eff00000, 0x00000000eff00000| Complete 

Card table byte_map: [0x00000226454f0000,0x00000226455f0000] _byte_map_base: 0x0000022644df0000

Marking Bits (Prev, Next): (CMBitMap*) 0x000002262c2f9cd0, (CMBitMap*) 0x000002262c2f9c98
 Prev Bits: [0x0000022645ef0000, 0x00000226466f0000)
 Next Bits: [0x00000226456f0000, 0x0000022645ef0000)

Polling page: 0x000002262c0a0000

Metaspace:

Usage:
  Non-class:     64.28 MB capacity,    62.61 MB ( 97%) used,     1.49 MB (  2%) free+waste,   178.50 KB ( <1%) overhead. 
      Class:     10.17 MB capacity,     9.24 MB ( 91%) used,   860.71 KB (  8%) free+waste,    85.25 KB ( <1%) overhead. 
       Both:     74.44 MB capacity,    71.85 MB ( 97%) used,     2.34 MB (  3%) free+waste,   263.75 KB ( <1%) overhead. 

Virtual space:
  Non-class space:       66.00 MB reserved,      64.50 MB ( 98%) committed 
      Class space:      248.00 MB reserved,      10.20 MB (  4%) committed 
             Both:      314.00 MB reserved,      74.70 MB ( 24%) committed 

Chunk freelists:
   Non-Class:  0 bytes
       Class:  0 bytes
        Both:  0 bytes

CodeHeap 'non-profiled nmethods': size=120064Kb used=4800Kb max_used=4800Kb free=115263Kb
 bounds [0x000002263d870000, 0x000002263dd30000, 0x0000022644db0000]
CodeHeap 'profiled nmethods': size=120000Kb used=20186Kb max_used=20186Kb free=99813Kb
 bounds [0x0000022636340000, 0x0000022637700000, 0x000002263d870000]
CodeHeap 'non-nmethods': size=5696Kb used=2266Kb max_used=2313Kb free=3430Kb
 bounds [0x0000022635db0000, 0x0000022636020000, 0x0000022636340000]
 total_blobs=11759 nmethods=9011 adapters=760
 compilation: enabled
              stopped_count=0, restarted_count=0
 full_count=0

Compilation events (10 events):
Event: 42.864 Thread 0x0000022648d3d800 9243       1       sun.nio.fs.WindowsFileAttributes::size (5 bytes)
Event: 42.864 Thread 0x0000022648d3d800 nmethod 9243 0x000002263dd1d790 code [0x000002263dd1d940, 0x000002263dd1da58]
Event: 42.864 Thread 0x0000022648d3d800 9244       1       org.gradle.internal.file.impl.DefaultFileMetadata::getType (5 bytes)
Event: 42.864 Thread 0x0000022648d3d800 nmethod 9244 0x000002263dd1db10 code [0x000002263dd1dcc0, 0x000002263dd1ddd8]
Event: 42.868 Thread 0x0000022648d3d800 9245       1       org.gradle.internal.snapshot.impl.DefaultFileSystemSnapshotter::access$300 (5 bytes)
Event: 42.868 Thread 0x0000022648d3d800 nmethod 9245 0x000002263dd1de90 code [0x000002263dd1e040, 0x000002263dd1e138]
Event: 42.868 Thread 0x0000022648d3d800 9246       2       org.gradle.internal.snapshot.impl.DefaultFileSystemSnapshotter$InternableString::asInterned (40 bytes)
Event: 42.869 Thread 0x0000022648d3d800 nmethod 9246 0x00000226376e6710 code [0x00000226376e68e0, 0x00000226376e6b10]
Event: 42.869 Thread 0x0000022648d3d800 9247       2       org.gradle.api.internal.cache.StringInterner::intern (9 bytes)
Event: 42.869 Thread 0x0000022648d3d800 nmethod 9247 0x00000226376e6c10 code [0x00000226376e6de0, 0x00000226376e6ff0]

GC Heap History (10 events):
Event: 10.733 GC heap before
{Heap before GC invocations=6 (full 0):
 garbage-first heap   total 262144K, used 73904K [0x00000000e0000000, 0x0000000100000000)
  region size 1024K, 58 young (59392K), 4 survivors (4096K)
 Metaspace       used 31556K, capacity 32154K, committed 32384K, reserved 282624K
  class space    used 3890K, capacity 4103K, committed 4224K, reserved 253952K
}
Event: 10.748 GC heap after
{Heap after GC invocations=7 (full 0):
 garbage-first heap   total 262144K, used 20369K [0x00000000e0000000, 0x0000000100000000)
  region size 1024K, 8 young (8192K), 8 survivors (8192K)
 Metaspace       used 31556K, capacity 32154K, committed 32384K, reserved 282624K
  class space    used 3890K, capacity 4103K, committed 4224K, reserved 253952K
}
Event: 16.568 GC heap before
{Heap before GC invocations=7 (full 0):
 garbage-first heap   total 262144K, used 62353K [0x00000000e0000000, 0x0000000100000000)
  region size 1024K, 50 young (51200K), 8 survivors (8192K)
 Metaspace       used 35144K, capacity 35765K, committed 35840K, reserved 286720K
  class space    used 4464K, capacity 4711K, committed 4736K, reserved 253952K
}
Event: 16.589 GC heap after
{Heap after GC invocations=8 (full 0):
 garbage-first heap   total 262144K, used 23596K [0x00000000e0000000, 0x0000000100000000)
  region size 1024K, 11 young (11264K), 11 survivors (11264K)
 Metaspace       used 35144K, capacity 35765K, committed 35840K, reserved 286720K
  class space    used 4464K, capacity 4711K, committed 4736K, reserved 253952K
}
Event: 20.214 GC heap before
{Heap before GC invocations=9 (full 0):
 garbage-first heap   total 262144K, used 165932K [0x00000000e0000000, 0x0000000100000000)
  region size 1024K, 149 young (152576K), 11 survivors (11264K)
 Metaspace       used 49450K, capacity 50576K, committed 50764K, reserved 299008K
  class space    used 6262K, capacity 6685K, committed 6732K, reserved 253952K
}
Event: 20.253 GC heap after
{Heap after GC invocations=10 (full 0):
 garbage-first heap   total 262144K, used 35913K [0x00000000e0000000, 0x0000000100000000)
  region size 1024K, 18 young (18432K), 18 survivors (18432K)
 Metaspace       used 49450K, capacity 50576K, committed 50764K, reserved 299008K
  class space    used 6262K, capacity 6685K, committed 6732K, reserved 253952K
}
Event: 23.653 GC heap before
{Heap before GC invocations=11 (full 0):
 garbage-first heap   total 262144K, used 174153K [0x00000000e0000000, 0x0000000100000000)
  region size 1024K, 153 young (156672K), 18 survivors (18432K)
 Metaspace       used 62510K, capacity 64103K, committed 64332K, reserved 311296K
  class space    used 8049K, capacity 8649K, committed 8780K, reserved 253952K
}
Event: 23.702 GC heap after
{Heap after GC invocations=12 (full 0):
 garbage-first heap   total 262144K, used 46646K [0x00000000e0000000, 0x0000000100000000)
  region size 1024K, 20 young (20480K), 20 survivors (20480K)
 Metaspace       used 62510K, capacity 64103K, committed 64332K, reserved 311296K
  class space    used 8049K, capacity 8649K, committed 8780K, reserved 253952K
}
Event: 40.223 GC heap before
{Heap before GC invocations=12 (full 0):
 garbage-first heap   total 262144K, used 184886K [0x00000000e0000000, 0x0000000100000000)
  region size 1024K, 153 young (156672K), 20 survivors (20480K)
 Metaspace       used 70487K, capacity 72912K, committed 73036K, reserved 317440K
  class space    used 9115K, capacity 9991K, committed 10060K, reserved 253952K
}
Event: 40.320 GC heap after
{Heap after GC invocations=13 (full 0):
 garbage-first heap   total 262144K, used 70647K [0x00000000e0000000, 0x0000000100000000)
  region size 1024K, 20 young (20480K), 20 survivors (20480K)
 Metaspace       used 70487K, capacity 72912K, committed 73036K, reserved 317440K
  class space    used 9115K, capacity 9991K, committed 10060K, reserved 253952K
}

Deoptimization events (10 events):
Event: 42.767 Thread 0x000002264afa8000 Uncommon trap: reason=class_check action=maybe_recompile pc=0x000002263da385cc method=com.google.common.collect.AbstractIndexedListIterator.next()Ljava/lang/Object; @ 27 c2
Event: 42.768 Thread 0x000002264afa8000 Uncommon trap: reason=class_check action=maybe_recompile pc=0x000002263da385cc method=com.google.common.collect.AbstractIndexedListIterator.next()Ljava/lang/Object; @ 27 c2
Event: 42.768 Thread 0x000002264afa8000 Uncommon trap: reason=class_check action=maybe_recompile pc=0x000002263da385cc method=com.google.common.collect.AbstractIndexedListIterator.next()Ljava/lang/Object; @ 27 c2
Event: 42.768 Thread 0x000002264afa8000 Uncommon trap: reason=class_check action=maybe_recompile pc=0x000002263da385cc method=com.google.common.collect.AbstractIndexedListIterator.next()Ljava/lang/Object; @ 27 c2
Event: 42.826 Thread 0x000002264afa8000 Uncommon trap: reason=unstable_if action=reinterpret pc=0x000002263dc430cc method=org.gradle.internal.logging.sink.OutputEventTransformer.onOutput(Lorg/gradle/internal/logging/events/OutputEvent;)V @ 114 c2
Event: 42.853 Thread 0x000002264afa8000 Uncommon trap: reason=unstable_if action=reinterpret pc=0x000002263dbe4780 method=org.gradle.internal.time.MonotonicClock.advance(J)J @ 25 c2
Event: 42.853 Thread 0x000002264bc26000 Uncommon trap: reason=unstable_if action=reinterpret pc=0x000002263dc33358 method=org.gradle.internal.operations.logging.LoggingBuildOperationProgressBroadcaster.onOutput(Lorg/gradle/internal/logging/events/OutputEvent;)V @ 73 c2
Event: 42.854 Thread 0x000002264afa8000 Uncommon trap: reason=unstable_if action=reinterpret pc=0x000002263dc33c40 method=org.gradle.internal.operations.logging.LoggingBuildOperationProgressBroadcaster.onOutput(Lorg/gradle/internal/logging/events/OutputEvent;)V @ 73 c2
Event: 42.862 Thread 0x000002264afa8000 Uncommon trap: reason=class_check action=maybe_recompile pc=0x000002263da137c8 method=java.util.concurrent.ConcurrentHashMap.putVal(Ljava/lang/Object;Ljava/lang/Object;Z)Ljava/lang/Object; @ 159 c2
Event: 42.862 Thread 0x000002264afa8000 Uncommon trap: reason=speculate_null_assert action=make_not_entrant pc=0x000002263dac815c method=java.lang.invoke.MethodType$ConcurrentWeakInternSet.add(Ljava/lang/Object;)Ljava/lang/Object; @ 47 c2

Classes redefined (0 events):
No events

Internal exceptions (10 events):
Event: 38.835 Thread 0x000002264afa8000 Exception <a 'java/lang/ClassNotFoundException'{0x00000000ea043b38}: com/android/build/gradle/internal/res/LinkApplicationAndroidResourcesTask_DecoratedBeanInfo> (0x00000000ea043b38) thrown at [t:/workspace/open/src/hotspot/share/classfile/systemDictionar
Event: 38.847 Thread 0x000002264afa8000 Exception <a 'java/lang/ClassNotFoundException'{0x00000000ea057b00}: com/android/build/gradle/internal/res/LinkApplicationAndroidResourcesTaskBeanInfo> (0x00000000ea057b00) thrown at [t:/workspace/open/src/hotspot/share/classfile/systemDictionary.cpp, lin
Event: 38.848 Thread 0x000002264afa8000 Exception <a 'java/lang/ClassNotFoundException'{0x00000000ea06a2c0}: com/android/build/gradle/tasks/ProcessAndroidResourcesBeanInfo> (0x00000000ea06a2c0) thrown at [t:/workspace/open/src/hotspot/share/classfile/systemDictionary.cpp, line 231]
Event: 38.849 Thread 0x000002264afa8000 Exception <a 'java/lang/ClassNotFoundException'{0x00000000ea07ca48}: com/android/build/gradle/tasks/ProcessAndroidResourcesCustomizer> (0x00000000ea07ca48) thrown at [t:/workspace/open/src/hotspot/share/classfile/systemDictionary.cpp, line 231]
Event: 38.851 Thread 0x000002264afa8000 Exception <a 'java/lang/ClassNotFoundException'{0x00000000ea0a07d8}: com/android/build/gradle/internal/res/LinkApplicationAndroidResourcesTaskCustomizer> (0x00000000ea0a07d8) thrown at [t:/workspace/open/src/hotspot/share/classfile/systemDictionary.cpp, l
Event: 38.856 Thread 0x000002264afa8000 Exception <a 'java/lang/ClassNotFoundException'{0x00000000e9f16b10}: com/android/build/gradle/internal/res/LinkApplicationAndroidResourcesTask_DecoratedCustomizer> (0x00000000e9f16b10) thrown at [t:/workspace/open/src/hotspot/share/classfile/systemDiction
Event: 39.145 Thread 0x000002264afa8000 Exception <a 'java/lang/NullPointerException'{0x00000000e9701148}> (0x00000000e9701148) thrown at [t:/workspace/open/src/hotspot/share/interpreter/linkResolver.cpp, line 1454]
Event: 39.578 Thread 0x000002264afa8000 Implicit null exception at 0x000002263db33899 to 0x000002263db34c9e
Event: 39.772 Thread 0x000002264afa8000 Exception <a 'java/lang/NoSuchMethodError'{0x00000000e87d0e30}: java.lang.invoke.DirectMethodHandle$Holder.invokeStatic(Ljava/lang/Object;Ljava/lang/Object;ILjava/lang/Object;)I> (0x00000000e87d0e30) thrown at [t:/workspace/open/src/hotspot/share/interpre
Event: 40.394 Thread 0x000002264afa8000 Implicit null exception at 0x000002263d9cc912 to 0x000002263d9ccf06

Events (10 events):
Event: 42.863 Executing VM operation: RevokeBias
Event: 42.863 Executing VM operation: RevokeBias done
Event: 42.863 Executing VM operation: RevokeBias
Event: 42.863 Executing VM operation: RevokeBias done
Event: 42.863 Executing VM operation: RevokeBias
Event: 42.863 Executing VM operation: RevokeBias done
Event: 42.863 Executing VM operation: RevokeBias
Event: 42.864 Executing VM operation: RevokeBias done
Event: 42.864 Executing VM operation: RevokeBias
Event: 42.865 Executing VM operation: RevokeBias done


Dynamic libraries:
0x00007ff7da150000 - 0x00007ff7da197000 	C:\Program Files\Java\jdk\bin\java.exe
0x00007ffc9b250000 - 0x00007ffc9b431000 	C:\WINDOWS\SYSTEM32\ntdll.dll
0x00007ffc997c0000 - 0x00007ffc99872000 	C:\WINDOWS\System32\KERNEL32.DLL
0x00007ffc98410000 - 0x00007ffc98683000 	C:\WINDOWS\System32\KERNELBASE.dll
0x00007ffc98a00000 - 0x00007ffc98aa1000 	C:\WINDOWS\System32\ADVAPI32.dll
0x00007ffc995b0000 - 0x00007ffc9964e000 	C:\WINDOWS\System32\msvcrt.dll
0x00007ffc98ab0000 - 0x00007ffc98b0b000 	C:\WINDOWS\System32\sechost.dll
0x00007ffc99650000 - 0x00007ffc99774000 	C:\WINDOWS\System32\RPCRT4.dll
0x00007ffc986f0000 - 0x00007ffc98880000 	C:\WINDOWS\System32\USER32.dll
0x00007ffc97680000 - 0x00007ffc976a0000 	C:\WINDOWS\System32\win32u.dll
0x00007ffc99360000 - 0x00007ffc99388000 	C:\WINDOWS\System32\GDI32.dll
0x00007ffc976a0000 - 0x00007ffc97832000 	C:\WINDOWS\System32\gdi32full.dll
0x00007ffc98370000 - 0x00007ffc9840f000 	C:\WINDOWS\System32\msvcp_win.dll
0x00007ffc98020000 - 0x00007ffc9811a000 	C:\WINDOWS\System32\ucrtbase.dll
0x00007ffc9ad80000 - 0x00007ffc9ad8a000 	C:\WINDOWS\System32\VERSION.dll
0x00007ffc91710000 - 0x00007ffc91979000 	C:\WINDOWS\WinSxS\amd64_microsoft.windows.common-controls_6595b64144ccf1df_6.0.17134.556_none_fb439e4b3064774e\COMCTL32.dll
0x00007ffc99030000 - 0x00007ffc99352000 	C:\WINDOWS\System32\combase.dll
0x00007ffc97890000 - 0x00007ffc9790a000 	C:\WINDOWS\System32\bcryptPrimitives.dll
0x00007ffc9ad30000 - 0x00007ffc9ad5d000 	C:\WINDOWS\System32\IMM32.DLL
0x00007ffc8dde0000 - 0x00007ffc8ddf6000 	C:\Program Files\Java\jdk\bin\vcruntime140.dll
0x00007ffc73010000 - 0x00007ffc730ba000 	C:\Program Files\Java\jdk\bin\msvcp140.dll
0x00007ffc65500000 - 0x00007ffc66042000 	C:\Program Files\Java\jdk\bin\server\jvm.dll
0x00007ffc99790000 - 0x00007ffc99799000 	C:\WINDOWS\System32\WSOCK32.dll
0x00007ffc9acc0000 - 0x00007ffc9ad2c000 	C:\WINDOWS\System32\WS2_32.dll
0x00007ffc995a0000 - 0x00007ffc995a8000 	C:\WINDOWS\System32\PSAPI.DLL
0x00007ffc941c0000 - 0x00007ffc941e3000 	C:\WINDOWS\SYSTEM32\WINMM.dll
0x00007ffc94190000 - 0x00007ffc941ba000 	C:\WINDOWS\SYSTEM32\WINMMBASE.dll
0x00007ffc97840000 - 0x00007ffc97889000 	C:\WINDOWS\System32\cfgmgr32.dll
0x00007ffc97510000 - 0x00007ffc97521000 	C:\WINDOWS\System32\kernel.appcore.dll
0x00007ffc8d710000 - 0x00007ffc8d721000 	C:\Program Files\Java\jdk\bin\verify.dll
0x00007ffc95560000 - 0x00007ffc95729000 	C:\WINDOWS\SYSTEM32\DBGHELP.DLL
0x00007ffc876f0000 - 0x00007ffc87719000 	C:\WINDOWS\SYSTEM32\dbgcore.DLL
0x00007ffc8d670000 - 0x00007ffc8d699000 	C:\Program Files\Java\jdk\bin\java.dll
0x00007ffc8d6f0000 - 0x00007ffc8d706000 	C:\Program Files\Java\jdk\bin\zip.dll
0x00007ffc915d0000 - 0x00007ffc915da000 	C:\Program Files\Java\jdk\bin\jimage.dll
0x00007ffc99880000 - 0x00007ffc9acc0000 	C:\WINDOWS\System32\SHELL32.dll
0x00007ffc9b110000 - 0x00007ffc9b1b9000 	C:\WINDOWS\System32\shcore.dll
0x00007ffc97910000 - 0x00007ffc9801d000 	C:\WINDOWS\System32\windows.storage.dll
0x00007ffc993b0000 - 0x00007ffc99401000 	C:\WINDOWS\System32\shlwapi.dll
0x00007ffc975b0000 - 0x00007ffc975cf000 	C:\WINDOWS\System32\profapi.dll
0x00007ffc97530000 - 0x00007ffc9757c000 	C:\WINDOWS\System32\powrprof.dll
0x00007ffc975a0000 - 0x00007ffc975aa000 	C:\WINDOWS\System32\FLTLIB.DLL
0x00007ffc8d130000 - 0x00007ffc8d149000 	C:\Program Files\Java\jdk\bin\net.dll
0x00007ffc93a80000 - 0x00007ffc93b5d000 	C:\WINDOWS\SYSTEM32\WINHTTP.dll
0x00007ffc96d20000 - 0x00007ffc96d86000 	C:\WINDOWS\system32\mswsock.dll
0x00007ffc8ab00000 - 0x00007ffc8ab13000 	C:\Program Files\Java\jdk\bin\nio.dll
0x00007ffc85fe0000 - 0x00007ffc86006000 	C:\Users\user\.gradle\native\30\windows-amd64\native-platform.dll
0x00007ffc90ad0000 - 0x00007ffc90ad9000 	C:\Program Files\Java\jdk\bin\management.dll
0x00007ffc8caf0000 - 0x00007ffc8cafc000 	C:\Program Files\Java\jdk\bin\management_ext.dll
0x00007ffc96f30000 - 0x00007ffc96f47000 	C:\WINDOWS\SYSTEM32\CRYPTSP.dll
0x00007ffc96910000 - 0x00007ffc96943000 	C:\WINDOWS\system32\rsaenh.dll
0x00007ffc97070000 - 0x00007ffc97095000 	C:\WINDOWS\SYSTEM32\bcrypt.dll
0x00007ffc97440000 - 0x00007ffc97468000 	C:\WINDOWS\SYSTEM32\USERENV.dll
0x00007ffc96f50000 - 0x00007ffc96f5b000 	C:\WINDOWS\SYSTEM32\CRYPTBASE.dll
0x00007ffc96ab0000 - 0x00007ffc96ae8000 	C:\WINDOWS\SYSTEM32\IPHLPAPI.DLL
0x00007ffc993a0000 - 0x00007ffc993a8000 	C:\WINDOWS\System32\NSI.dll
0x00007ffc93a60000 - 0x00007ffc93a76000 	C:\WINDOWS\SYSTEM32\dhcpcsvc6.DLL
0x00007ffc93a40000 - 0x00007ffc93a5a000 	C:\WINDOWS\SYSTEM32\dhcpcsvc.DLL

dbghelp: loaded successfully - version: 4.0.5 - missing functions: none
symbol engine: initialized successfully - sym options: 0x614 - pdb path: .;C:\Program Files\Java\jdk\bin;C:\WINDOWS\SYSTEM32;C:\WINDOWS\WinSxS\amd64_microsoft.windows.common-controls_6595b64144ccf1df_6.0.17134.556_none_fb439e4b3064774e;C:\Program Files\Java\jdk\bin\server;C:\Users\user\.gradle\native\30\windows-amd64

VM Arguments:
jvm_args: --add-opens=java.base/java.util=ALL-UNNAMED --add-opens=java.base/java.lang=ALL-UNNAMED --add-opens=java.base/java.lang.invoke=ALL-UNNAMED --add-opens=java.prefs/java.util.prefs=ALL-UNNAMED -XX:MaxMetaspaceSize=256m -XX:+HeapDumpOnOutOfMemoryError -Xms256m -Xmx512m -Dfile.encoding=windows-1252 -Duser.country=IN -Duser.language=en -Duser.variant 
java_command: org.gradle.launcher.daemon.bootstrap.GradleDaemon 6.0.1
java_class_path (initial): C:\Users\user\.gradle\wrapper\dists\gradle-6.0.1-all\99d3u8wxs16ndehh90lbbir67\gradle-6.0.1\lib\gradle-launcher-6.0.1.jar
Launcher Type: SUN_STANDARD

[Global flags]
     intx CICompilerCount                          = 3                                         {product} {ergonomic}
   size_t CompressedClassSpaceSize                 = 260046848                                 {product} {ergonomic}
     uint ConcGCThreads                            = 1                                         {product} {ergonomic}
     uint G1ConcRefinementThreads                  = 4                                         {product} {ergonomic}
   size_t G1HeapRegionSize                         = 1048576                                   {product} {ergonomic}
    uintx GCDrainStackTargetSize                   = 64                                        {product} {ergonomic}
     bool HeapDumpOnOutOfMemoryError               = true                                   {manageable} {command line}
   size_t InitialHeapSize                          = 268435456                                 {product} {command line}
   size_t MarkStackSize                            = 4194304                                   {product} {ergonomic}
   size_t MaxHeapSize                              = 536870912                                 {product} {command line}
   size_t MaxMetaspaceSize                         = 268435456                                 {product} {command line}
   size_t MaxNewSize                               = 321912832                                 {product} {ergonomic}
   size_t MinHeapDeltaBytes                        = 1048576                                   {product} {ergonomic}
    uintx NonNMethodCodeHeapSize                   = 5830092                                {pd product} {ergonomic}
    uintx NonProfiledCodeHeapSize                  = 122914074                              {pd product} {ergonomic}
    uintx ProfiledCodeHeapSize                     = 122914074                              {pd product} {ergonomic}
    uintx ReservedCodeCacheSize                    = 251658240                              {pd product} {ergonomic}
     bool SegmentedCodeCache                       = true                                      {product} {ergonomic}
     bool UseCompressedClassPointers               = true                                 {lp64_product} {ergonomic}
     bool UseCompressedOops                        = true                                 {lp64_product} {ergonomic}
     bool UseG1GC                                  = true                                      {product} {ergonomic}
     bool UseLargePagesIndividualAllocation        = false                                  {pd product} {ergonomic}

Logging:
Log output configuration:
 #0: stdout all=warning uptime,level,tags
 #1: stderr all=off uptime,level,tags

Environment Variables:
JAVA_HOME=C:\Program Files\Java\jdk
CLASSPATH=C:\Users\user\Desktop\reStartup\Covid19_Tracker\android\\gradle\wrapper\gradle-wrapper.jar
PATH=C:\Users\user\Desktop\reStartup\Covid19_Tracker\android\node_modules\.bin;C:\Users\user\Desktop\reStartup\Covid19_Tracker\node_modules\.bin;C:\Users\user\Desktop\reStartup\node_modules\.bin;C:\Users\user\Desktop\node_modules\.bin;C:\Users\user\node_modules\.bin;C:\Users\node_modules\.bin;C:\node_modules\.bin;C:\Program Files\nodejs;C:\WINDOWS\system32;C:\WINDOWS;C:\WINDOWS\system32\Wbem;C:\Python27\;C:\Python27\Scripts;C:\ProgramData\Oracle\Java\javapath;C:\Program Files\Java\jdk\bin;C:\WINDOWS\System32\WindowsPowerShell\v1.0\;C:\Program Files (x86)\AMD\ATI.ACE\Core-Static;C:\WINDOWS\System32\OpenSSH\;C:\Program Files (x86)\Python37-32;C:\Program Files (x86)\Python37-32\Scripts;F:\app\Microsoft VS Code\bin;C:\Program Files\Git\cmd;C:\Users\user\AppData\Local\Android\Sdk\platform-tools;C:\Program Files (x86)\Yarn\bin\;C:\Users\user\AppData\Roaming\nvm;C:\Program Files\nodejs;C:\ProgramData\chocolatey\bin;C:\Users\user\Anaconda3;C:\Users\user\Anaconda3\Library\mingw-w64\bin;C:\Users\user\Anaconda3\Library\usr\bin;C:\Users\user\Anaconda3\Library\bin;C:\Users\user\Anaconda3\Scripts;C:\Program Files\Java\jdk-12.0.2\bin;F:\UDEMY\flutter\bin;C:\Program Files\heroku\bin;C:\Users\user\AppData\Local\Yarn\bin;C:\Users\user\AppData\Roaming\npm;C:\Users\user\AppData\Roaming\nvm;C:\Program Files\nodejs
USERNAME=user
OS=Windows_NT
PROCESSOR_IDENTIFIER=Intel64 Family 6 Model 61 Stepping 4, GenuineIntel



---------------  S Y S T E M  ---------------

OS: Windows 10 , 64 bit Build 17134 (10.0.17134.556)

CPU:total 4 (initial active 4) (2 cores per cpu, 2 threads per core) family 6 model 61 stepping 4, cmov, cx8, fxsr, mmx, sse, sse2, sse3, ssse3, sse4.1, sse4.2, popcnt, avx, avx2, aes, clmul, erms, 3dnowpref, lzcnt, ht, tsc, tscinvbit, bmi1, bmi2, adx, fma

Memory: 4k page, system-wide physical 8106M (3713M free)
TotalPageFile size 14106M (AvailPageFile size 7M)
current process WorkingSet (physical memory assigned to process): 431M, peak: 434M
current process commit charge ("private bytes"): 506M, peak: 509M

vm_info: Java HotSpot(TM) 64-Bit Server VM (11+28) for windows-amd64 JRE (11+28), built on Aug 23 2018 03:03:59 by "mach5one" with MS VC++ 15.5 (VS2017)

END.
