#
# There is insufficient memory for the Java Runtime Environment to continue.
# Native memory allocation (malloc) failed to allocate 2428816 bytes for Chunk::new
# Possible reasons:
#   The system is out of physical RAM or swap space
#   The process is running with CompressedOops enabled, and the Java Heap may be blocking the growth of the native heap
# Possible solutions:
#   Reduce memory load on the system
#   Increase physical memory or swap space
#   Check if swap backing store is full
#   Decrease Java heap size (-Xmx/-Xms)
#   Decrease number of Java threads
#   Decrease Java thread stack sizes (-Xss)
#   Set larger code cache with -XX:ReservedCodeCacheSize=
#   JVM is running with Unscaled Compressed Oops mode in which the Java heap is
#     placed in the first 4GB address space. The Java Heap base address is the
#     maximum limit for the native heap growth. Please use -XX:HeapBaseMinAddress
#     to set the Java Heap base and to place the Java Heap above 4GB virtual address.
# This output file may be truncated or incomplete.
#
#  Out of Memory Error (t:/workspace/open/src/hotspot/share/memory/arena.cpp:197), pid=10652, tid=5944
#
# JRE version: Java(TM) SE Runtime Environment (11.0+28) (build 11+28)
# Java VM: Java HotSpot(TM) 64-Bit Server VM (11+28, mixed mode, tiered, compressed oops, g1 gc, windows-amd64)
# No core dump will be written. Minidumps are not enabled by default on client versions of Windows
#

---------------  S U M M A R Y ------------

Command Line: --add-opens=java.base/java.util=ALL-UNNAMED --add-opens=java.base/java.lang=ALL-UNNAMED --add-opens=java.base/java.lang.invoke=ALL-UNNAMED --add-opens=java.prefs/java.util.prefs=ALL-UNNAMED -XX:MaxMetaspaceSize=256m -XX:+HeapDumpOnOutOfMemoryError -Xms256m -Xmx512m -Dfile.encoding=windows-1252 -Duser.country=IN -Duser.language=en -Duser.variant org.gradle.launcher.daemon.bootstrap.GradleDaemon 6.0.1

Host: Intel(R) Core(TM) i3-5005U CPU @ 2.00GHz, 4 cores, 7G,  Windows 10 , 64 bit Build 17134 (10.0.17134.556)
Time: Wed Jul  1 11:42:18 2020 India Standard Time elapsed time: 11661 seconds (0d 3h 14m 21s)

---------------  T H R E A D  ---------------

Current thread (0x000001e0c3916800):  JavaThread "C2 CompilerThread1" daemon [_thread_in_native, id=5944, stack(0x000000ab8da00000,0x000000ab8db00000)]


Current CompileTask:
C2:11661067 39490       4       com.android.tools.r8.code.InstructionFactory::readSequenceFrom (4072 bytes)

Stack: [0x000000ab8da00000,0x000000ab8db00000]
Native frames: (J=compiled Java code, j=interpreted, Vv=VM code, C=native code)
V  [jvm.dll+0x63c22a]
V  [jvm.dll+0x7797ef]
V  [jvm.dll+0x77adda]
V  [jvm.dll+0x77b493]
V  [jvm.dll+0x262818]
V  [jvm.dll+0xc5c71]
V  [jvm.dll+0xc61fc]
V  [jvm.dll+0x36f927]
V  [jvm.dll+0x33c6d3]
V  [jvm.dll+0x33baaa]
V  [jvm.dll+0x21c7e5]
V  [jvm.dll+0x21b98a]
V  [jvm.dll+0x198390]
V  [jvm.dll+0x22a99f]
V  [jvm.dll+0x228fb8]
V  [jvm.dll+0x73f04d]
V  [jvm.dll+0x63b2c2]
C  [ucrtbase.dll+0x1c4ce]
C  [KERNEL32.DLL+0x13dc4]
C  [ntdll.dll+0x73691]


---------------  P R O C E S S  ---------------

Threads class SMR info:
_java_thread_list=0x000001e0d220e400, length=66, elements={
0x000001e0a3c58000, 0x000001e0be791000, 0x000001e0be79a800, 0x000001e0be7b1800,
0x000001e0be7b2800, 0x000001e0bf0f4800, 0x000001e0bf0fa000, 0x000001e0bf100000,
0x000001e0bf251000, 0x000001e0bf2a4800, 0x000001e0c118b000, 0x000001e0c14ce800,
0x000001e0c0a72000, 0x000001e0bf43d800, 0x000001e0bf43e000, 0x000001e0bf438800,
0x000001e0c390d000, 0x000001e0c390b000, 0x000001e0c3912000, 0x000001e0c3917800,
0x000001e0c3918800, 0x000001e0c391a000, 0x000001e0c16f8800, 0x000001e0c3919000,
0x000001e0c50c6800, 0x000001e0d0239000, 0x000001e0d023d000, 0x000001e0d023e000,
0x000001e0d0238800, 0x000001e0d0240800, 0x000001e0d0242000, 0x000001e0d0243800,
0x000001e0d0245800, 0x000001e0d023f800, 0x000001e0d0246000, 0x000001e0d0247000,
0x000001e0c16f9800, 0x000001e0c16fc800, 0x000001e0c16fa000, 0x000001e0c16fc000,
0x000001e0c16ff000, 0x000001e0c1700800, 0x000001e0c16fb000, 0x000001e0c1706800,
0x000001e0c1704800, 0x000001e0c16f7800, 0x000001e0c1701800, 0x000001e0c1705800,
0x000001e0c50bf800, 0x000001e0c50c0800, 0x000001e0c50be000, 0x000001e0c50c4800,
0x000001e0c50c4000, 0x000001e0c50c5800, 0x000001e0c50c3000, 0x000001e0c50c7000,
0x000001e0c50c1800, 0x000001e0c50cc000, 0x000001e0c50c9800, 0x000001e0c50cb000,
0x000001e0c3913800, 0x000001e0c390d800, 0x000001e0c3914000, 0x000001e0c390e800,
0x000001e0c3915000, 0x000001e0c3916800
}

Java Threads: ( => current thread )
  0x000001e0a3c58000 JavaThread "main" [_thread_blocked, id=8120, stack(0x000000ab88d00000,0x000000ab88e00000)]
  0x000001e0be791000 JavaThread "Reference Handler" daemon [_thread_blocked, id=5156, stack(0x000000ab89400000,0x000000ab89500000)]
  0x000001e0be79a800 JavaThread "Finalizer" daemon [_thread_blocked, id=6876, stack(0x000000ab89500000,0x000000ab89600000)]
  0x000001e0be7b1800 JavaThread "Signal Dispatcher" daemon [_thread_blocked, id=9652, stack(0x000000ab89600000,0x000000ab89700000)]
  0x000001e0be7b2800 JavaThread "Attach Listener" daemon [_thread_blocked, id=8684, stack(0x000000ab89700000,0x000000ab89800000)]
  0x000001e0bf0f4800 JavaThread "C2 CompilerThread0" daemon [_thread_in_native, id=5772, stack(0x000000ab89800000,0x000000ab89900000)]
  0x000001e0bf0fa000 JavaThread "C1 CompilerThread0" daemon [_thread_blocked, id=7004, stack(0x000000ab89900000,0x000000ab89a00000)]
  0x000001e0bf100000 JavaThread "Sweeper thread" daemon [_thread_blocked, id=6096, stack(0x000000ab89a00000,0x000000ab89b00000)]
  0x000001e0bf251000 JavaThread "Common-Cleaner" daemon [_thread_blocked, id=8564, stack(0x000000ab89b00000,0x000000ab89c00000)]
  0x000001e0bf2a4800 JavaThread "Service Thread" daemon [_thread_blocked, id=6848, stack(0x000000ab89c00000,0x000000ab89d00000)]
  0x000001e0c118b000 JavaThread "Daemon health stats" [_thread_blocked, id=2252, stack(0x000000ab8a100000,0x000000ab8a200000)]
  0x000001e0c14ce800 JavaThread "Incoming local TCP Connector on port 63127" [_thread_in_native, id=10584, stack(0x000000ab8a200000,0x000000ab8a300000)]
  0x000001e0c0a72000 JavaThread "Daemon periodic checks" [_thread_blocked, id=10596, stack(0x000000ab8a300000,0x000000ab8a400000)]
  0x000001e0bf43d800 JavaThread "Cache worker for file hash cache (C:\Users\user\.gradle\caches\6.0.1\fileHashes)" [_thread_blocked, id=9760, stack(0x000000ab8ab00000,0x000000ab8ac00000)]
  0x000001e0bf43e000 JavaThread "File lock request listener" [_thread_in_native, id=9516, stack(0x000000ab8ac00000,0x000000ab8ad00000)]
  0x000001e0bf438800 JavaThread "Cache worker for journal cache (C:\Users\user\.gradle\caches\journal-1)" [_thread_blocked, id=10364, stack(0x000000ab8ad00000,0x000000ab8ae00000)]
  0x000001e0c390d000 JavaThread "Cache worker for execution history cache (C:\Users\user\.gradle\caches\6.0.1\executionHistory)" [_thread_blocked, id=2204, stack(0x000000ab8b400000,0x000000ab8b500000)]
  0x000001e0c390b000 JavaThread "Memory manager" [_thread_blocked, id=8488, stack(0x000000ab88a00000,0x000000ab88b00000)]
  0x000001e0c3912000 JavaThread "Cache worker for file content cache (C:\Users\user\.gradle\caches\6.0.1\fileContent)" [_thread_blocked, id=9468, stack(0x000000ab88c00000,0x000000ab88d00000)]
  0x000001e0c3917800 JavaThread "Monitor" [_thread_in_native, id=5644, stack(0x000000ab8be00000,0x000000ab8bf00000)]
  0x000001e0c3918800 JavaThread "Device List Monitor" [_thread_in_native, id=8780, stack(0x000000ab88b00000,0x000000ab88c00000)]
  0x000001e0c391a000 JavaThread "Java2D Disposer" daemon [_thread_blocked, id=2640, stack(0x000000ab8c300000,0x000000ab8c400000)]
  0x000001e0c16f8800 JavaThread "AWT-Windows" daemon [_thread_in_native, id=11288, stack(0x000000ab8c500000,0x000000ab8c600000)]
  0x000001e0c3919000 JavaThread "Cache worker for Java compile cache (C:\Users\user\.gradle\caches\6.0.1\javaCompile)" [_thread_blocked, id=4972, stack(0x000000ab8cb00000,0x000000ab8cc00000)]
  0x000001e0c50c6800 JavaThread "ForkJoinPool.commonPool-worker-1" daemon [_thread_blocked, id=4924, stack(0x000000ab8c600000,0x000000ab8c700000)]
  0x000001e0d0239000 JavaThread "Daemon Thread 8" [_thread_blocked, id=6616, stack(0x000000ab8a400000,0x000000ab8a500000)]
  0x000001e0d023d000 JavaThread "Handler for socket connection from /127.0.0.1:63127 to /127.0.0.1:65490" [_thread_in_native, id=11328, stack(0x000000ab8a500000,0x000000ab8a600000)]
  0x000001e0d023e000 JavaThread "Cancel handler" [_thread_blocked, id=10948, stack(0x000000ab8a600000,0x000000ab8a700000)]
  0x000001e0d0238800 JavaThread "Daemon worker Thread 8" [_thread_blocked, id=1908, stack(0x000000ab8a700000,0x000000ab8a800000)]
  0x000001e0d0240800 JavaThread "Asynchronous log dispatcher for DefaultDaemonConnection: socket connection from /127.0.0.1:63127 to /127.0.0.1:65490" [_thread_blocked, id=1912, stack(0x000000ab8a800000,0x000000ab8a900000)]
  0x000001e0d0242000 JavaThread "Stdin handler" [_thread_blocked, id=11452, stack(0x000000ab8a900000,0x000000ab8aa00000)]
  0x000001e0d0243800 JavaThread "Thread-192" [_thread_blocked, id=11616, stack(0x000000ab8aa00000,0x000000ab8ab00000)]
  0x000001e0d0245800 JavaThread "Cache worker for file hash cache (C:\Users\user\Desktop\reStartup\Covid19_Tracker\android\.gradle\6.0.1\fileHashes)" [_thread_blocked, id=11684, stack(0x000000ab8ae00000,0x000000ab8af00000)]
  0x000001e0d023f800 JavaThread "Cache worker for cache directory md-supplier (C:\Users\user\.gradle\caches\6.0.1\md-supplier)" [_thread_blocked, id=10400, stack(0x000000ab8af00000,0x000000ab8b000000)]
  0x000001e0d0246000 JavaThread "Cache worker for cache directory md-rule (C:\Users\user\.gradle\caches\6.0.1\md-rule)" [_thread_blocked, id=10044, stack(0x000000ab8b000000,0x000000ab8b100000)]
  0x000001e0d0247000 JavaThread "Build operations" [_thread_blocked, id=6916, stack(0x000000ab8b100000,0x000000ab8b200000)]
  0x000001e0c16f9800 JavaThread "Build operations Thread 2" [_thread_blocked, id=5152, stack(0x000000ab8b200000,0x000000ab8b300000)]
  0x000001e0c16fc800 JavaThread "Build operations Thread 3" [_thread_blocked, id=6984, stack(0x000000ab8b300000,0x000000ab8b400000)]
  0x000001e0c16fa000 JavaThread "Build operations Thread 4" [_thread_blocked, id=11464, stack(0x000000ab8b500000,0x000000ab8b600000)]
  0x000001e0c16fc000 JavaThread "Cache worker for Build Output Cleanup Cache (C:\Users\user\Desktop\reStartup\Covid19_Tracker\android\.gradle\buildOutputCleanup)" [_thread_blocked, id=6452, stack(0x000000ab8b600000,0x000000ab8b700000)]
  0x000001e0c16ff000 JavaThread "Cache worker for file content cache (C:\Users\user\Desktop\reStartup\Covid19_Tracker\android\.gradle\6.0.1\fileContent)" [_thread_blocked, id=10336, stack(0x000000ab8b900000,0x000000ab8ba00000)]
  0x000001e0c1700800 JavaThread "Execution worker for ':'" [_thread_blocked, id=8392, stack(0x000000ab8ba00000,0x000000ab8bb00000)]
  0x000001e0c16fb000 JavaThread "Execution worker for ':' Thread 2" [_thread_blocked, id=9568, stack(0x000000ab8bb00000,0x000000ab8bc00000)]
  0x000001e0c1706800 JavaThread "Execution worker for ':' Thread 3" [_thread_blocked, id=11768, stack(0x000000ab8bc00000,0x000000ab8bd00000)]
  0x000001e0c1704800 JavaThread "Cache worker for execution history cache (C:\Users\user\Desktop\reStartup\Covid19_Tracker\android\.gradle\6.0.1\executionHistory)" [_thread_blocked, id=11096, stack(0x000000ab8bd00000,0x000000ab8be00000)]
  0x000001e0c16f7800 JavaThread "WorkerExecutor Queue" [_thread_blocked, id=1340, stack(0x000000ab8b700000,0x000000ab8b800000)]
  0x000001e0c1701800 JavaThread "WorkerExecutor Queue Thread 4" [_thread_in_native, id=11212, stack(0x000000ab8c100000,0x000000ab8c200000)]
  0x000001e0c1705800 JavaThread "Cache worker for Java compile cache (C:\Users\user\Desktop\reStartup\Covid19_Tracker\android\.gradle\6.0.1\javaCompile)" [_thread_blocked, id=7768, stack(0x000000ab8c200000,0x000000ab8c300000)]
  0x000001e0c50bf800 JavaThread "pool-14-thread-1" [_thread_blocked, id=8084, stack(0x000000ab8c800000,0x000000ab8c900000)]
  0x000001e0c50c0800 JavaThread "stderr" [_thread_in_native, id=10944, stack(0x000000ab8ca00000,0x000000ab8cb00000)]
  0x000001e0c50be000 JavaThread "stdout" [_thread_in_native, id=1480, stack(0x000000ab8cc00000,0x000000ab8cd00000)]
  0x000001e0c50c4800 JavaThread "stderr" [_thread_in_native, id=7684, stack(0x000000ab8cd00000,0x000000ab8ce00000)]
  0x000001e0c50c4000 JavaThread "stdout" [_thread_in_native, id=1288, stack(0x000000ab8ce00000,0x000000ab8cf00000)]
  0x000001e0c50c5800 JavaThread "stderr" [_thread_in_native, id=5968, stack(0x000000ab8cf00000,0x000000ab8d000000)]
  0x000001e0c50c3000 JavaThread "stdout" [_thread_in_native, id=10704, stack(0x000000ab8d000000,0x000000ab8d100000)]
  0x000001e0c50c7000 JavaThread "stderr" [_thread_in_native, id=11472, stack(0x000000ab8d100000,0x000000ab8d200000)]
  0x000001e0c50c1800 JavaThread "stdout" [_thread_in_native, id=9040, stack(0x000000ab8d200000,0x000000ab8d300000)]
  0x000001e0c50cc000 JavaThread "WorkerExecutor Queue Thread 5" [_thread_blocked, id=9396, stack(0x000000ab8d300000,0x000000ab8d400000)]
  0x000001e0c50c9800 JavaThread "ForkJoinPool.commonPool-worker-5" daemon [_thread_blocked, id=3212, stack(0x000000ab8d400000,0x000000ab8d500000)]
  0x000001e0c50cb000 JavaThread "ForkJoinPool.commonPool-worker-7" daemon [_thread_blocked, id=5788, stack(0x000000ab8d500000,0x000000ab8d600000)]
  0x000001e0c3913800 JavaThread "WorkerExecutor Queue Thread 6" [_thread_blocked, id=9460, stack(0x000000ab8d600000,0x000000ab8d700000)]
  0x000001e0c390d800 JavaThread "ForkJoinPool-13-worker-3" daemon [_thread_in_Java, id=916, stack(0x000000ab8bf00000,0x000000ab8c000000)]
  0x000001e0c3914000 JavaThread "ForkJoinPool-13-worker-5" daemon [_thread_blocked, id=9268, stack(0x000000ab8d700000,0x000000ab8d800000)]
  0x000001e0c390e800 JavaThread "ForkJoinPool-13-worker-7" daemon [_thread_blocked, id=2936, stack(0x000000ab8d800000,0x000000ab8d900000)]
  0x000001e0c3915000 JavaThread "ForkJoinPool-13-worker-1" daemon [_thread_blocked, id=4428, stack(0x000000ab8d900000,0x000000ab8da00000)]
=>0x000001e0c3916800 JavaThread "C2 CompilerThread1" daemon [_thread_in_native, id=5944, stack(0x000000ab8da00000,0x000000ab8db00000)]

Other Threads:
  0x000001e0be76c800 VMThread "VM Thread" [stack: 0x000000ab89300000,0x000000ab89400000] [id=11420]
  0x000001e0bf2a5800 WatcherThread [stack: 0x000000ab89d00000,0x000000ab89e00000] [id=11712]
  0x000001e0a3c6f000 GCTaskThread "GC Thread#0" [stack: 0x000000ab88e00000,0x000000ab88f00000] [id=11428]
  0x000001e0bfd40800 GCTaskThread "GC Thread#1" [stack: 0x000000ab89e00000,0x000000ab89f00000] [id=5236]
  0x000001e0bf92a800 GCTaskThread "GC Thread#2" [stack: 0x000000ab89f00000,0x000000ab8a000000] [id=348]
  0x000001e0bfbe6800 GCTaskThread "GC Thread#3" [stack: 0x000000ab8a000000,0x000000ab8a100000] [id=5164]
  0x000001e0a3c80000 ConcurrentGCThread "G1 Main Marker" [stack: 0x000000ab88f00000,0x000000ab89000000] [id=8152]
  0x000001e0a3c82800 ConcurrentGCThread "G1 Conc#0" [stack: 0x000000ab89000000,0x000000ab89100000] [id=1352]
  0x000001e0a3d2e000 ConcurrentGCThread "G1 Refine#0" [stack: 0x000000ab89100000,0x000000ab89200000] [id=7184]
  0x000001e0bf39c800 ConcurrentGCThread "G1 Refine#1" [stack: 0x000000ab8c900000,0x000000ab8ca00000] [id=7908]
  0x000001e0be600800 ConcurrentGCThread "G1 Young RemSet Sampling" [stack: 0x000000ab89200000,0x000000ab89300000] [id=6552]

Threads with active compile tasks:
C2 CompilerThread039489       4       com.android.tools.r8.dex.DexParser::f (631 bytes)
C2 CompilerThread139490       4       com.android.tools.r8.code.InstructionFactory::readSequenceFrom (4072 bytes)

VM state:not at safepoint (normal execution)

VM Mutex/Monitor currently owned by a thread: None

Heap address: 0x00000000e0000000, size: 512 MB, Compressed Oops mode: 32-bit
Narrow klass base: 0x0000000000000000, Narrow klass shift: 3
Compressed class space size: 260046848 Address: 0x0000000100000000

Heap:
 garbage-first heap   total 408576K, used 218990K [0x00000000e0000000, 0x0000000100000000)
  region size 1024K, 37 young (37888K), 2 survivors (2048K)
 Metaspace       used 128684K, capacity 133117K, committed 133452K, reserved 370688K
  class space    used 14929K, capacity 16449K, committed 16716K, reserved 253952K
Heap Regions: E=young(eden), S=young(survivor), O=old, HS=humongous(starts), HC=humongous(continues), CS=collection set, F=free, A=archive, TAMS=top-at-mark-start (previous, next)
|   0|0x00000000e0000000, 0x00000000e0100000, 0x00000000e0100000|100%| O|  |TAMS 0x00000000e0100000, 0x00000000e0000000| Untracked 
|   1|0x00000000e0100000, 0x00000000e0200000, 0x00000000e0200000|100%| O|  |TAMS 0x00000000e0200000, 0x00000000e0100000| Untracked 
|   2|0x00000000e0200000, 0x00000000e0300000, 0x00000000e0300000|100%| O|  |TAMS 0x00000000e0300000, 0x00000000e0200000| Untracked 
|   3|0x00000000e0300000, 0x00000000e0400000, 0x00000000e0400000|100%|HS|  |TAMS 0x00000000e0400000, 0x00000000e0300000| Complete 
|   4|0x00000000e0400000, 0x00000000e0500000, 0x00000000e0500000|100%|HC|  |TAMS 0x00000000e0500000, 0x00000000e0400000| Complete 
|   5|0x00000000e0500000, 0x00000000e0600000, 0x00000000e0600000|100%|HC|  |TAMS 0x00000000e0600000, 0x00000000e0500000| Complete 
|   6|0x00000000e0600000, 0x00000000e0700000, 0x00000000e0700000|100%| O|  |TAMS 0x00000000e0700000, 0x00000000e0600000| Untracked 
|   7|0x00000000e0700000, 0x00000000e0800000, 0x00000000e0800000|100%| O|  |TAMS 0x00000000e0800000, 0x00000000e0700000| Untracked 
|   8|0x00000000e0800000, 0x00000000e0900000, 0x00000000e0900000|100%| O|  |TAMS 0x00000000e0900000, 0x00000000e0800000| Untracked 
|   9|0x00000000e0900000, 0x00000000e0a00000, 0x00000000e0a00000|100%| O|  |TAMS 0x00000000e0a00000, 0x00000000e0900000| Untracked 
|  10|0x00000000e0a00000, 0x00000000e0b00000, 0x00000000e0b00000|100%| O|  |TAMS 0x00000000e0b00000, 0x00000000e0a00000| Untracked 
|  11|0x00000000e0b00000, 0x00000000e0c00000, 0x00000000e0c00000|100%| O|  |TAMS 0x00000000e0c00000, 0x00000000e0b00000| Untracked 
|  12|0x00000000e0c00000, 0x00000000e0d00000, 0x00000000e0d00000|100%| O|  |TAMS 0x00000000e0d00000, 0x00000000e0c00000| Untracked 
|  13|0x00000000e0d00000, 0x00000000e0e00000, 0x00000000e0e00000|100%| O|  |TAMS 0x00000000e0e00000, 0x00000000e0d00000| Untracked 
|  14|0x00000000e0e00000, 0x00000000e0f00000, 0x00000000e0f00000|100%| O|  |TAMS 0x00000000e0f00000, 0x00000000e0e00000| Untracked 
|  15|0x00000000e0f00000, 0x00000000e1000000, 0x00000000e1000000|100%|HS|  |TAMS 0x00000000e1000000, 0x00000000e0f00000| Complete 
|  16|0x00000000e1000000, 0x00000000e1100000, 0x00000000e1100000|100%|HC|  |TAMS 0x00000000e1100000, 0x00000000e1000000| Complete 
|  17|0x00000000e1100000, 0x00000000e1200000, 0x00000000e1200000|100%| O|  |TAMS 0x00000000e1200000, 0x00000000e1100000| Untracked 
|  18|0x00000000e1200000, 0x00000000e1300000, 0x00000000e1300000|100%| O|  |TAMS 0x00000000e1300000, 0x00000000e1200000| Untracked 
|  19|0x00000000e1300000, 0x00000000e1400000, 0x00000000e1400000|100%| O|  |TAMS 0x00000000e1400000, 0x00000000e1300000| Untracked 
|  20|0x00000000e1400000, 0x00000000e1500000, 0x00000000e1500000|100%| O|  |TAMS 0x00000000e1500000, 0x00000000e1400000| Untracked 
|  21|0x00000000e1500000, 0x00000000e1600000, 0x00000000e1600000|100%| O|  |TAMS 0x00000000e1600000, 0x00000000e1500000| Untracked 
|  22|0x00000000e1600000, 0x00000000e1700000, 0x00000000e1700000|100%| O|  |TAMS 0x00000000e1700000, 0x00000000e1600000| Untracked 
|  23|0x00000000e1700000, 0x00000000e1800000, 0x00000000e1800000|100%| O|  |TAMS 0x00000000e1700000, 0x00000000e1700000| Untracked 
|  24|0x00000000e1800000, 0x00000000e1900000, 0x00000000e1900000|100%| O|  |TAMS 0x00000000e1800000, 0x00000000e1800000| Untracked 
|  25|0x00000000e1900000, 0x00000000e1a00000, 0x00000000e1a00000|100%| O|  |TAMS 0x00000000e1a00000, 0x00000000e1900000| Untracked 
|  26|0x00000000e1a00000, 0x00000000e1b00000, 0x00000000e1b00000|100%| O|  |TAMS 0x00000000e1b00000, 0x00000000e1a00000| Untracked 
|  27|0x00000000e1b00000, 0x00000000e1c00000, 0x00000000e1c00000|100%| O|  |TAMS 0x00000000e1c00000, 0x00000000e1b00000| Untracked 
|  28|0x00000000e1c00000, 0x00000000e1d00000, 0x00000000e1d00000|100%| O|  |TAMS 0x00000000e1d00000, 0x00000000e1c00000| Untracked 
|  29|0x00000000e1d00000, 0x00000000e1e00000, 0x00000000e1e00000|100%| O|  |TAMS 0x00000000e1e00000, 0x00000000e1d00000| Untracked 
|  30|0x00000000e1e00000, 0x00000000e1f00000, 0x00000000e1f00000|100%| O|  |TAMS 0x00000000e1f00000, 0x00000000e1e00000| Untracked 
|  31|0x00000000e1f00000, 0x00000000e2000000, 0x00000000e2000000|100%| O|  |TAMS 0x00000000e2000000, 0x00000000e1f00000| Untracked 
|  32|0x00000000e2000000, 0x00000000e2100000, 0x00000000e2100000|100%| O|  |TAMS 0x00000000e2100000, 0x00000000e2000000| Untracked 
|  33|0x00000000e2100000, 0x00000000e2200000, 0x00000000e2200000|100%| O|  |TAMS 0x00000000e2200000, 0x00000000e2100000| Untracked 
|  34|0x00000000e2200000, 0x00000000e2300000, 0x00000000e2300000|100%|HS|  |TAMS 0x00000000e2200000, 0x00000000e2200000| Complete 
|  35|0x00000000e2300000, 0x00000000e2400000, 0x00000000e2400000|100%| O|  |TAMS 0x00000000e2400000, 0x00000000e2300000| Untracked 
|  36|0x00000000e2400000, 0x00000000e2500000, 0x00000000e2500000|100%| O|  |TAMS 0x00000000e2500000, 0x00000000e2400000| Untracked 
|  37|0x00000000e2500000, 0x00000000e2600000, 0x00000000e2600000|100%| O|  |TAMS 0x00000000e2600000, 0x00000000e2500000| Untracked 
|  38|0x00000000e2600000, 0x00000000e2700000, 0x00000000e2700000|100%| O|  |TAMS 0x00000000e2700000, 0x00000000e2600000| Untracked 
|  39|0x00000000e2700000, 0x00000000e2800000, 0x00000000e2800000|100%|HS|  |TAMS 0x00000000e2700000, 0x00000000e2700000| Complete 
|  40|0x00000000e2800000, 0x00000000e2900000, 0x00000000e2900000|100%| O|  |TAMS 0x00000000e2900000, 0x00000000e2800000| Untracked 
|  41|0x00000000e2900000, 0x00000000e2a00000, 0x00000000e2a00000|100%|HS|  |TAMS 0x00000000e2a00000, 0x00000000e2900000| Complete 
|  42|0x00000000e2a00000, 0x00000000e2b00000, 0x00000000e2b00000|100%|HC|  |TAMS 0x00000000e2b00000, 0x00000000e2a00000| Complete 
|  43|0x00000000e2b00000, 0x00000000e2c00000, 0x00000000e2c00000|100%|HC|  |TAMS 0x00000000e2c00000, 0x00000000e2b00000| Complete 
|  44|0x00000000e2c00000, 0x00000000e2c00000, 0x00000000e2d00000|  0%| F|  |TAMS 0x00000000e2c00000, 0x00000000e2c00000| Untracked 
|  45|0x00000000e2d00000, 0x00000000e2d00000, 0x00000000e2e00000|  0%| F|  |TAMS 0x00000000e2d00000, 0x00000000e2d00000| Untracked 
|  46|0x00000000e2e00000, 0x00000000e2f00000, 0x00000000e2f00000|100%| O|  |TAMS 0x00000000e2e00000, 0x00000000e2e00000| Untracked 
|  47|0x00000000e2f00000, 0x00000000e2f00000, 0x00000000e3000000|  0%| F|  |TAMS 0x00000000e2f00000, 0x00000000e2f00000| Untracked 
|  48|0x00000000e3000000, 0x00000000e3100000, 0x00000000e3100000|100%| O|  |TAMS 0x00000000e3100000, 0x00000000e3000000| Untracked 
|  49|0x00000000e3100000, 0x00000000e3200000, 0x00000000e3200000|100%| O|  |TAMS 0x00000000e3200000, 0x00000000e3100000| Untracked 
|  50|0x00000000e3200000, 0x00000000e3300000, 0x00000000e3300000|100%| O|  |TAMS 0x00000000e3200000, 0x00000000e3200000| Untracked 
|  51|0x00000000e3300000, 0x00000000e3400000, 0x00000000e3400000|100%| O|  |TAMS 0x00000000e3300000, 0x00000000e3300000| Untracked 
|  52|0x00000000e3400000, 0x00000000e3500000, 0x00000000e3500000|100%| O|  |TAMS 0x00000000e3400000, 0x00000000e3400000| Untracked 
|  53|0x00000000e3500000, 0x00000000e3600000, 0x00000000e3600000|100%| O|  |TAMS 0x00000000e3600000, 0x00000000e3500000| Untracked 
|  54|0x00000000e3600000, 0x00000000e3700000, 0x00000000e3700000|100%| O|  |TAMS 0x00000000e3700000, 0x00000000e3600000| Untracked 
|  55|0x00000000e3700000, 0x00000000e3800000, 0x00000000e3800000|100%| O|  |TAMS 0x00000000e3800000, 0x00000000e3700000| Untracked 
|  56|0x00000000e3800000, 0x00000000e3900000, 0x00000000e3900000|100%| O|  |TAMS 0x00000000e3900000, 0x00000000e3800000| Untracked 
|  57|0x00000000e3900000, 0x00000000e3a00000, 0x00000000e3a00000|100%| O|  |TAMS 0x00000000e3a00000, 0x00000000e3900000| Untracked 
|  58|0x00000000e3a00000, 0x00000000e3b00000, 0x00000000e3b00000|100%| O|  |TAMS 0x00000000e3b00000, 0x00000000e3a00000| Untracked 
|  59|0x00000000e3b00000, 0x00000000e3c00000, 0x00000000e3c00000|100%| O|  |TAMS 0x00000000e3c00000, 0x00000000e3b00000| Untracked 
|  60|0x00000000e3c00000, 0x00000000e3d00000, 0x00000000e3d00000|100%| O|  |TAMS 0x00000000e3d00000, 0x00000000e3c00000| Untracked 
|  61|0x00000000e3d00000, 0x00000000e3e00000, 0x00000000e3e00000|100%| O|  |TAMS 0x00000000e3d00000, 0x00000000e3d00000| Untracked 
|  62|0x00000000e3e00000, 0x00000000e3f00000, 0x00000000e3f00000|100%| O|  |TAMS 0x00000000e3f00000, 0x00000000e3e00000| Untracked 
|  63|0x00000000e3f00000, 0x00000000e4000000, 0x00000000e4000000|100%| O|  |TAMS 0x00000000e4000000, 0x00000000e3f00000| Untracked 
|  64|0x00000000e4000000, 0x00000000e4100000, 0x00000000e4100000|100%| O|  |TAMS 0x00000000e4100000, 0x00000000e4000000| Untracked 
|  65|0x00000000e4100000, 0x00000000e4100000, 0x00000000e4200000|  0%| F|  |TAMS 0x00000000e4100000, 0x00000000e4100000| Untracked 
|  66|0x00000000e4200000, 0x00000000e4300000, 0x00000000e4300000|100%| O|  |TAMS 0x00000000e4200000, 0x00000000e4200000| Untracked 
|  67|0x00000000e4300000, 0x00000000e4400000, 0x00000000e4400000|100%| O|  |TAMS 0x00000000e4400000, 0x00000000e4300000| Untracked 
|  68|0x00000000e4400000, 0x00000000e4500000, 0x00000000e4500000|100%| O|  |TAMS 0x00000000e4500000, 0x00000000e4400000| Untracked 
|  69|0x00000000e4500000, 0x00000000e4600000, 0x00000000e4600000|100%| O|  |TAMS 0x00000000e4600000, 0x00000000e4500000| Untracked 
|  70|0x00000000e4600000, 0x00000000e4700000, 0x00000000e4700000|100%| O|  |TAMS 0x00000000e4700000, 0x00000000e4600000| Untracked 
|  71|0x00000000e4700000, 0x00000000e4800000, 0x00000000e4800000|100%| O|  |TAMS 0x00000000e4800000, 0x00000000e4700000| Untracked 
|  72|0x00000000e4800000, 0x00000000e4800000, 0x00000000e4900000|  0%| F|  |TAMS 0x00000000e4800000, 0x00000000e4800000| Untracked 
|  73|0x00000000e4900000, 0x00000000e4a00000, 0x00000000e4a00000|100%| O|  |TAMS 0x00000000e4900000, 0x00000000e4900000| Untracked 
|  74|0x00000000e4a00000, 0x00000000e4b00000, 0x00000000e4b00000|100%| O|  |TAMS 0x00000000e4a00000, 0x00000000e4a00000| Untracked 
|  75|0x00000000e4b00000, 0x00000000e4c00000, 0x00000000e4c00000|100%| O|  |TAMS 0x00000000e4c00000, 0x00000000e4b00000| Untracked 
|  76|0x00000000e4c00000, 0x00000000e4d00000, 0x00000000e4d00000|100%| O|  |TAMS 0x00000000e4d00000, 0x00000000e4c00000| Untracked 
|  77|0x00000000e4d00000, 0x00000000e4e00000, 0x00000000e4e00000|100%| O|  |TAMS 0x00000000e4e00000, 0x00000000e4d00000| Untracked 
|  78|0x00000000e4e00000, 0x00000000e4f00000, 0x00000000e4f00000|100%| O|  |TAMS 0x00000000e4e00000, 0x00000000e4e00000| Untracked 
|  79|0x00000000e4f00000, 0x00000000e4f00000, 0x00000000e5000000|  0%| F|  |TAMS 0x00000000e4f00000, 0x00000000e4f00000| Untracked 
|  80|0x00000000e5000000, 0x00000000e5100000, 0x00000000e5100000|100%| O|  |TAMS 0x00000000e5000000, 0x00000000e5000000| Untracked 
|  81|0x00000000e5100000, 0x00000000e5200000, 0x00000000e5200000|100%| O|  |TAMS 0x00000000e5200000, 0x00000000e5100000| Untracked 
|  82|0x00000000e5200000, 0x00000000e5300000, 0x00000000e5300000|100%| O|  |TAMS 0x00000000e5300000, 0x00000000e5200000| Untracked 
|  83|0x00000000e5300000, 0x00000000e5300000, 0x00000000e5400000|  0%| F|  |TAMS 0x00000000e5300000, 0x00000000e5300000| Untracked 
|  84|0x00000000e5400000, 0x00000000e5500000, 0x00000000e5500000|100%| O|  |TAMS 0x00000000e5500000, 0x00000000e5400000| Untracked 
|  85|0x00000000e5500000, 0x00000000e5600000, 0x00000000e5600000|100%| O|  |TAMS 0x00000000e5600000, 0x00000000e5500000| Untracked 
|  86|0x00000000e5600000, 0x00000000e5700000, 0x00000000e5700000|100%| O|  |TAMS 0x00000000e5700000, 0x00000000e5600000| Untracked 
|  87|0x00000000e5700000, 0x00000000e5800000, 0x00000000e5800000|100%| O|  |TAMS 0x00000000e5800000, 0x00000000e5700000| Untracked 
|  88|0x00000000e5800000, 0x00000000e5800000, 0x00000000e5900000|  0%| F|  |TAMS 0x00000000e5800000, 0x00000000e5800000| Untracked 
|  89|0x00000000e5900000, 0x00000000e5a00000, 0x00000000e5a00000|100%| O|  |TAMS 0x00000000e5a00000, 0x00000000e5900000| Untracked 
|  90|0x00000000e5a00000, 0x00000000e5b00000, 0x00000000e5b00000|100%| O|  |TAMS 0x00000000e5b00000, 0x00000000e5a00000| Untracked 
|  91|0x00000000e5b00000, 0x00000000e5c00000, 0x00000000e5c00000|100%| O|  |TAMS 0x00000000e5c00000, 0x00000000e5b00000| Untracked 
|  92|0x00000000e5c00000, 0x00000000e5d00000, 0x00000000e5d00000|100%| O|  |TAMS 0x00000000e5d00000, 0x00000000e5c00000| Untracked 
|  93|0x00000000e5d00000, 0x00000000e5e00000, 0x00000000e5e00000|100%| O|  |TAMS 0x00000000e5d00000, 0x00000000e5d00000| Untracked 
|  94|0x00000000e5e00000, 0x00000000e5f00000, 0x00000000e5f00000|100%| O|  |TAMS 0x00000000e5f00000, 0x00000000e5e00000| Untracked 
|  95|0x00000000e5f00000, 0x00000000e6000000, 0x00000000e6000000|100%| O|  |TAMS 0x00000000e6000000, 0x00000000e5f00000| Untracked 
|  96|0x00000000e6000000, 0x00000000e6100000, 0x00000000e6100000|100%| O|  |TAMS 0x00000000e6100000, 0x00000000e6000000| Untracked 
|  97|0x00000000e6100000, 0x00000000e6200000, 0x00000000e6200000|100%| O|  |TAMS 0x00000000e6200000, 0x00000000e6100000| Untracked 
|  98|0x00000000e6200000, 0x00000000e6300000, 0x00000000e6300000|100%| O|  |TAMS 0x00000000e6300000, 0x00000000e6200000| Untracked 
|  99|0x00000000e6300000, 0x00000000e6400000, 0x00000000e6400000|100%| O|  |TAMS 0x00000000e6400000, 0x00000000e6300000| Untracked 
| 100|0x00000000e6400000, 0x00000000e6500000, 0x00000000e6500000|100%| O|  |TAMS 0x00000000e6500000, 0x00000000e6400000| Untracked 
| 101|0x00000000e6500000, 0x00000000e6600000, 0x00000000e6600000|100%| O|  |TAMS 0x00000000e6600000, 0x00000000e6500000| Untracked 
| 102|0x00000000e6600000, 0x00000000e6600000, 0x00000000e6700000|  0%| F|  |TAMS 0x00000000e6600000, 0x00000000e6600000| Untracked 
| 103|0x00000000e6700000, 0x00000000e6800000, 0x00000000e6800000|100%| O|  |TAMS 0x00000000e6800000, 0x00000000e6700000| Untracked 
| 104|0x00000000e6800000, 0x00000000e6900000, 0x00000000e6900000|100%| O|  |TAMS 0x00000000e6900000, 0x00000000e6800000| Untracked 
| 105|0x00000000e6900000, 0x00000000e6a00000, 0x00000000e6a00000|100%| O|  |TAMS 0x00000000e6a00000, 0x00000000e6900000| Untracked 
| 106|0x00000000e6a00000, 0x00000000e6b00000, 0x00000000e6b00000|100%| O|  |TAMS 0x00000000e6b00000, 0x00000000e6a00000| Untracked 
| 107|0x00000000e6b00000, 0x00000000e6c00000, 0x00000000e6c00000|100%| O|  |TAMS 0x00000000e6c00000, 0x00000000e6b00000| Untracked 
| 108|0x00000000e6c00000, 0x00000000e6d00000, 0x00000000e6d00000|100%| O|  |TAMS 0x00000000e6d00000, 0x00000000e6c00000| Untracked 
| 109|0x00000000e6d00000, 0x00000000e6e00000, 0x00000000e6e00000|100%| O|  |TAMS 0x00000000e6e00000, 0x00000000e6d00000| Untracked 
| 110|0x00000000e6e00000, 0x00000000e6e00000, 0x00000000e6f00000|  0%| F|  |TAMS 0x00000000e6e00000, 0x00000000e6e00000| Untracked 
| 111|0x00000000e6f00000, 0x00000000e7000000, 0x00000000e7000000|100%| O|  |TAMS 0x00000000e7000000, 0x00000000e6f00000| Untracked 
| 112|0x00000000e7000000, 0x00000000e7100000, 0x00000000e7100000|100%| O|  |TAMS 0x00000000e7100000, 0x00000000e7000000| Untracked 
| 113|0x00000000e7100000, 0x00000000e7100000, 0x00000000e7200000|  0%| F|  |TAMS 0x00000000e7100000, 0x00000000e7100000| Untracked 
| 114|0x00000000e7200000, 0x00000000e7300000, 0x00000000e7300000|100%| O|  |TAMS 0x00000000e7300000, 0x00000000e7200000| Untracked 
| 115|0x00000000e7300000, 0x00000000e7400000, 0x00000000e7400000|100%| O|  |TAMS 0x00000000e7400000, 0x00000000e7300000| Untracked 
| 116|0x00000000e7400000, 0x00000000e7500000, 0x00000000e7500000|100%| O|  |TAMS 0x00000000e7500000, 0x00000000e7400000| Untracked 
| 117|0x00000000e7500000, 0x00000000e7600000, 0x00000000e7600000|100%| O|  |TAMS 0x00000000e7600000, 0x00000000e7500000| Untracked 
| 118|0x00000000e7600000, 0x00000000e7700000, 0x00000000e7700000|100%| O|  |TAMS 0x00000000e7700000, 0x00000000e7600000| Untracked 
| 119|0x00000000e7700000, 0x00000000e7800000, 0x00000000e7800000|100%| O|  |TAMS 0x00000000e7800000, 0x00000000e7700000| Untracked 
| 120|0x00000000e7800000, 0x00000000e7900000, 0x00000000e7900000|100%| O|  |TAMS 0x00000000e7900000, 0x00000000e7800000| Untracked 
| 121|0x00000000e7900000, 0x00000000e7a00000, 0x00000000e7a00000|100%| O|  |TAMS 0x00000000e7a00000, 0x00000000e7900000| Untracked 
| 122|0x00000000e7a00000, 0x00000000e7b00000, 0x00000000e7b00000|100%| O|  |TAMS 0x00000000e7b00000, 0x00000000e7a00000| Untracked 
| 123|0x00000000e7b00000, 0x00000000e7c00000, 0x00000000e7c00000|100%| O|  |TAMS 0x00000000e7c00000, 0x00000000e7b00000| Untracked 
| 124|0x00000000e7c00000, 0x00000000e7d00000, 0x00000000e7d00000|100%| O|  |TAMS 0x00000000e7d00000, 0x00000000e7c00000| Untracked 
| 125|0x00000000e7d00000, 0x00000000e7e00000, 0x00000000e7e00000|100%| O|  |TAMS 0x00000000e7e00000, 0x00000000e7d00000| Untracked 
| 126|0x00000000e7e00000, 0x00000000e7f00000, 0x00000000e7f00000|100%| O|  |TAMS 0x00000000e7f00000, 0x00000000e7e00000| Untracked 
| 127|0x00000000e7f00000, 0x00000000e8000000, 0x00000000e8000000|100%| O|  |TAMS 0x00000000e8000000, 0x00000000e7f00000| Untracked 
| 128|0x00000000e8000000, 0x00000000e8100000, 0x00000000e8100000|100%| O|  |TAMS 0x00000000e8100000, 0x00000000e8000000| Untracked 
| 129|0x00000000e8100000, 0x00000000e8200000, 0x00000000e8200000|100%| O|  |TAMS 0x00000000e8200000, 0x00000000e8100000| Untracked 
| 130|0x00000000e8200000, 0x00000000e8300000, 0x00000000e8300000|100%| O|  |TAMS 0x00000000e8300000, 0x00000000e8200000| Untracked 
| 131|0x00000000e8300000, 0x00000000e8400000, 0x00000000e8400000|100%| O|  |TAMS 0x00000000e8400000, 0x00000000e8300000| Untracked 
| 132|0x00000000e8400000, 0x00000000e8500000, 0x00000000e8500000|100%| O|  |TAMS 0x00000000e8500000, 0x00000000e8400000| Untracked 
| 133|0x00000000e8500000, 0x00000000e8600000, 0x00000000e8600000|100%| O|  |TAMS 0x00000000e8600000, 0x00000000e8500000| Untracked 
| 134|0x00000000e8600000, 0x00000000e8700000, 0x00000000e8700000|100%| O|  |TAMS 0x00000000e8700000, 0x00000000e8600000| Untracked 
| 135|0x00000000e8700000, 0x00000000e8800000, 0x00000000e8800000|100%| O|  |TAMS 0x00000000e8800000, 0x00000000e8700000| Untracked 
| 136|0x00000000e8800000, 0x00000000e8900000, 0x00000000e8900000|100%| O|  |TAMS 0x00000000e8800000, 0x00000000e8800000| Untracked 
| 137|0x00000000e8900000, 0x00000000e8a00000, 0x00000000e8a00000|100%| O|  |TAMS 0x00000000e8900000, 0x00000000e8900000| Untracked 
| 138|0x00000000e8a00000, 0x00000000e8b00000, 0x00000000e8b00000|100%| O|  |TAMS 0x00000000e8b00000, 0x00000000e8a00000| Untracked 
| 139|0x00000000e8b00000, 0x00000000e8c00000, 0x00000000e8c00000|100%| O|  |TAMS 0x00000000e8b00000, 0x00000000e8b00000| Untracked 
| 140|0x00000000e8c00000, 0x00000000e8d00000, 0x00000000e8d00000|100%| O|  |TAMS 0x00000000e8d00000, 0x00000000e8c00000| Untracked 
| 141|0x00000000e8d00000, 0x00000000e8e00000, 0x00000000e8e00000|100%| O|  |TAMS 0x00000000e8d00000, 0x00000000e8d00000| Untracked 
| 142|0x00000000e8e00000, 0x00000000e8f00000, 0x00000000e8f00000|100%| O|  |TAMS 0x00000000e8f00000, 0x00000000e8e00000| Untracked 
| 143|0x00000000e8f00000, 0x00000000e9000000, 0x00000000e9000000|100%| O|  |TAMS 0x00000000e9000000, 0x00000000e8f00000| Untracked 
| 144|0x00000000e9000000, 0x00000000e9100000, 0x00000000e9100000|100%| O|  |TAMS 0x00000000e9100000, 0x00000000e9000000| Untracked 
| 145|0x00000000e9100000, 0x00000000e9200000, 0x00000000e9200000|100%| O|  |TAMS 0x00000000e9200000, 0x00000000e9100000| Untracked 
| 146|0x00000000e9200000, 0x00000000e9300000, 0x00000000e9300000|100%| O|  |TAMS 0x00000000e9300000, 0x00000000e9200000| Untracked 
| 147|0x00000000e9300000, 0x00000000e9400000, 0x00000000e9400000|100%| O|  |TAMS 0x00000000e9400000, 0x00000000e9300000| Untracked 
| 148|0x00000000e9400000, 0x00000000e9500000, 0x00000000e9500000|100%| O|  |TAMS 0x00000000e9500000, 0x00000000e9400000| Untracked 
| 149|0x00000000e9500000, 0x00000000e9600000, 0x00000000e9600000|100%| O|  |TAMS 0x00000000e9600000, 0x00000000e9500000| Untracked 
| 150|0x00000000e9600000, 0x00000000e9700000, 0x00000000e9700000|100%| O|  |TAMS 0x00000000e9700000, 0x00000000e9600000| Untracked 
| 151|0x00000000e9700000, 0x00000000e9800000, 0x00000000e9800000|100%| O|  |TAMS 0x00000000e9700000, 0x00000000e9700000| Untracked 
| 152|0x00000000e9800000, 0x00000000e9900000, 0x00000000e9900000|100%| O|  |TAMS 0x00000000e98bf000, 0x00000000e9800000| Untracked 
| 153|0x00000000e9900000, 0x00000000e9a00000, 0x00000000e9a00000|100%| O|  |TAMS 0x00000000e9a00000, 0x00000000e9900000| Untracked 
| 154|0x00000000e9a00000, 0x00000000e9b00000, 0x00000000e9b00000|100%| O|  |TAMS 0x00000000e9b00000, 0x00000000e9a00000| Untracked 
| 155|0x00000000e9b00000, 0x00000000e9c00000, 0x00000000e9c00000|100%| O|  |TAMS 0x00000000e9b00000, 0x00000000e9b00000| Untracked 
| 156|0x00000000e9c00000, 0x00000000e9d00000, 0x00000000e9d00000|100%| O|  |TAMS 0x00000000e9c00000, 0x00000000e9c00000| Untracked 
| 157|0x00000000e9d00000, 0x00000000e9e00000, 0x00000000e9e00000|100%| O|  |TAMS 0x00000000e9d00000, 0x00000000e9d00000| Untracked 
| 158|0x00000000e9e00000, 0x00000000e9f00000, 0x00000000e9f00000|100%| O|  |TAMS 0x00000000e9e00000, 0x00000000e9e00000| Untracked 
| 159|0x00000000e9f00000, 0x00000000ea000000, 0x00000000ea000000|100%| O|  |TAMS 0x00000000ea000000, 0x00000000e9f00000| Untracked 
| 160|0x00000000ea000000, 0x00000000ea100000, 0x00000000ea100000|100%|HS|  |TAMS 0x00000000ea000000, 0x00000000ea000000| Complete 
| 161|0x00000000ea100000, 0x00000000ea200000, 0x00000000ea200000|100%|HC|  |TAMS 0x00000000ea100000, 0x00000000ea100000| Complete 
| 162|0x00000000ea200000, 0x00000000ea300000, 0x00000000ea300000|100%|HC|  |TAMS 0x00000000ea200000, 0x00000000ea200000| Complete 
| 163|0x00000000ea300000, 0x00000000ea400000, 0x00000000ea400000|100%|HC|  |TAMS 0x00000000ea300000, 0x00000000ea300000| Complete 
| 164|0x00000000ea400000, 0x00000000ea500000, 0x00000000ea500000|100%|HC|  |TAMS 0x00000000ea400000, 0x00000000ea400000| Complete 
| 165|0x00000000ea500000, 0x00000000ea600000, 0x00000000ea600000|100%|HC|  |TAMS 0x00000000ea500000, 0x00000000ea500000| Complete 
| 166|0x00000000ea600000, 0x00000000ea700000, 0x00000000ea700000|100%| O|  |TAMS 0x00000000ea600000, 0x00000000ea600000| Untracked 
| 167|0x00000000ea700000, 0x00000000ea800000, 0x00000000ea800000|100%| O|  |TAMS 0x00000000ea700000, 0x00000000ea700000| Untracked 
| 168|0x00000000ea800000, 0x00000000ea900000, 0x00000000ea900000|100%| O|  |TAMS 0x00000000ea800000, 0x00000000ea800000| Untracked 
| 169|0x00000000ea900000, 0x00000000eaa00000, 0x00000000eaa00000|100%| O|  |TAMS 0x00000000ea900000, 0x00000000ea900000| Untracked 
| 170|0x00000000eaa00000, 0x00000000eab00000, 0x00000000eab00000|100%| O|  |TAMS 0x00000000eaa00000, 0x00000000eaa00000| Untracked 
| 171|0x00000000eab00000, 0x00000000eac00000, 0x00000000eac00000|100%| O|  |TAMS 0x00000000eab00000, 0x00000000eab00000| Untracked 
| 172|0x00000000eac00000, 0x00000000ead00000, 0x00000000ead00000|100%|HS|  |TAMS 0x00000000eac00000, 0x00000000eac00000| Complete 
| 173|0x00000000ead00000, 0x00000000eae00000, 0x00000000eae00000|100%|HC|  |TAMS 0x00000000ead00000, 0x00000000ead00000| Complete 
| 174|0x00000000eae00000, 0x00000000eaf00000, 0x00000000eaf00000|100%|HC|  |TAMS 0x00000000eae00000, 0x00000000eae00000| Complete 
| 175|0x00000000eaf00000, 0x00000000eb000000, 0x00000000eb000000|100%|HC|  |TAMS 0x00000000eaf00000, 0x00000000eaf00000| Complete 
| 176|0x00000000eb000000, 0x00000000eb100000, 0x00000000eb100000|100%|HC|  |TAMS 0x00000000eb000000, 0x00000000eb000000| Complete 
| 177|0x00000000eb100000, 0x00000000eb200000, 0x00000000eb200000|100%|HC|  |TAMS 0x00000000eb100000, 0x00000000eb100000| Complete 
| 178|0x00000000eb200000, 0x00000000eb300000, 0x00000000eb300000|100%| O|  |TAMS 0x00000000eb200000, 0x00000000eb200000| Untracked 
| 179|0x00000000eb300000, 0x00000000eb400000, 0x00000000eb400000|100%| O|  |TAMS 0x00000000eb300000, 0x00000000eb300000| Untracked 
| 180|0x00000000eb400000, 0x00000000eb500000, 0x00000000eb500000|100%| O|  |TAMS 0x00000000eb400000, 0x00000000eb400000| Untracked 
| 181|0x00000000eb500000, 0x00000000eb600000, 0x00000000eb600000|100%| O|  |TAMS 0x00000000eb500000, 0x00000000eb500000| Untracked 
| 182|0x00000000eb600000, 0x00000000eb700000, 0x00000000eb700000|100%| O|  |TAMS 0x00000000eb600000, 0x00000000eb600000| Untracked 
| 183|0x00000000eb700000, 0x00000000eb800000, 0x00000000eb800000|100%| O|  |TAMS 0x00000000eb700000, 0x00000000eb700000| Untracked 
| 184|0x00000000eb800000, 0x00000000eb900000, 0x00000000eb900000|100%| O|  |TAMS 0x00000000eb800000, 0x00000000eb800000| Untracked 
| 185|0x00000000eb900000, 0x00000000eba00000, 0x00000000eba00000|100%| O|  |TAMS 0x00000000eb900000, 0x00000000eb900000| Untracked 
| 186|0x00000000eba00000, 0x00000000ebadb800, 0x00000000ebb00000| 85%| O|  |TAMS 0x00000000eba00000, 0x00000000eba00000| Untracked 
| 187|0x00000000ebb00000, 0x00000000ebb00000, 0x00000000ebc00000|  0%| F|  |TAMS 0x00000000ebb00000, 0x00000000ebb00000| Untracked 
| 188|0x00000000ebc00000, 0x00000000ebc00000, 0x00000000ebd00000|  0%| F|  |TAMS 0x00000000ebc00000, 0x00000000ebc00000| Untracked 
| 189|0x00000000ebd00000, 0x00000000ebd00000, 0x00000000ebe00000|  0%| F|  |TAMS 0x00000000ebd00000, 0x00000000ebd00000| Untracked 
| 190|0x00000000ebe00000, 0x00000000ebe00000, 0x00000000ebf00000|  0%| F|  |TAMS 0x00000000ebe00000, 0x00000000ebe00000| Untracked 
| 191|0x00000000ebf00000, 0x00000000ebf00000, 0x00000000ec000000|  0%| F|  |TAMS 0x00000000ebf00000, 0x00000000ebf00000| Untracked 
| 192|0x00000000ec000000, 0x00000000ec000000, 0x00000000ec100000|  0%| F|  |TAMS 0x00000000ec000000, 0x00000000ec000000| Untracked 
| 193|0x00000000ec100000, 0x00000000ec100000, 0x00000000ec200000|  0%| F|  |TAMS 0x00000000ec100000, 0x00000000ec100000| Untracked 
| 194|0x00000000ec200000, 0x00000000ec200000, 0x00000000ec300000|  0%| F|  |TAMS 0x00000000ec200000, 0x00000000ec200000| Untracked 
| 195|0x00000000ec300000, 0x00000000ec300000, 0x00000000ec400000|  0%| F|  |TAMS 0x00000000ec300000, 0x00000000ec300000| Untracked 
| 196|0x00000000ec400000, 0x00000000ec400000, 0x00000000ec500000|  0%| F|  |TAMS 0x00000000ec400000, 0x00000000ec400000| Untracked 
| 197|0x00000000ec500000, 0x00000000ec500000, 0x00000000ec600000|  0%| F|  |TAMS 0x00000000ec500000, 0x00000000ec500000| Untracked 
| 198|0x00000000ec600000, 0x00000000ec600000, 0x00000000ec700000|  0%| F|  |TAMS 0x00000000ec600000, 0x00000000ec600000| Untracked 
| 199|0x00000000ec700000, 0x00000000ec700000, 0x00000000ec800000|  0%| F|  |TAMS 0x00000000ec700000, 0x00000000ec700000| Untracked 
| 200|0x00000000ec800000, 0x00000000ec800000, 0x00000000ec900000|  0%| F|  |TAMS 0x00000000ec800000, 0x00000000ec800000| Untracked 
| 201|0x00000000ec900000, 0x00000000ec900000, 0x00000000eca00000|  0%| F|  |TAMS 0x00000000ec900000, 0x00000000ec900000| Untracked 
| 202|0x00000000eca00000, 0x00000000eca00000, 0x00000000ecb00000|  0%| F|  |TAMS 0x00000000eca00000, 0x00000000eca00000| Untracked 
| 203|0x00000000ecb00000, 0x00000000ecb00000, 0x00000000ecc00000|  0%| F|  |TAMS 0x00000000ecb00000, 0x00000000ecb00000| Untracked 
| 204|0x00000000ecc00000, 0x00000000ecc00000, 0x00000000ecd00000|  0%| F|  |TAMS 0x00000000ecc00000, 0x00000000ecc00000| Untracked 
| 205|0x00000000ecd00000, 0x00000000ecd00000, 0x00000000ece00000|  0%| F|  |TAMS 0x00000000ecd00000, 0x00000000ecd00000| Untracked 
| 206|0x00000000ece00000, 0x00000000ece00000, 0x00000000ecf00000|  0%| F|  |TAMS 0x00000000ece00000, 0x00000000ece00000| Untracked 
| 207|0x00000000ecf00000, 0x00000000ecf00000, 0x00000000ed000000|  0%| F|  |TAMS 0x00000000ecf00000, 0x00000000ecf00000| Untracked 
| 208|0x00000000ed000000, 0x00000000ed000000, 0x00000000ed100000|  0%| F|  |TAMS 0x00000000ed000000, 0x00000000ed000000| Untracked 
| 209|0x00000000ed100000, 0x00000000ed100000, 0x00000000ed200000|  0%| F|  |TAMS 0x00000000ed100000, 0x00000000ed100000| Untracked 
| 210|0x00000000ed200000, 0x00000000ed200000, 0x00000000ed300000|  0%| F|  |TAMS 0x00000000ed200000, 0x00000000ed200000| Untracked 
| 211|0x00000000ed300000, 0x00000000ed300000, 0x00000000ed400000|  0%| F|  |TAMS 0x00000000ed300000, 0x00000000ed300000| Untracked 
| 212|0x00000000ed400000, 0x00000000ed400000, 0x00000000ed500000|  0%| F|  |TAMS 0x00000000ed400000, 0x00000000ed400000| Untracked 
| 213|0x00000000ed500000, 0x00000000ed500000, 0x00000000ed600000|  0%| F|  |TAMS 0x00000000ed500000, 0x00000000ed500000| Untracked 
| 214|0x00000000ed600000, 0x00000000ed600000, 0x00000000ed700000|  0%| F|  |TAMS 0x00000000ed600000, 0x00000000ed600000| Untracked 
| 215|0x00000000ed700000, 0x00000000ed700000, 0x00000000ed800000|  0%| F|  |TAMS 0x00000000ed700000, 0x00000000ed700000| Untracked 
| 216|0x00000000ed800000, 0x00000000ed800000, 0x00000000ed900000|  0%| F|  |TAMS 0x00000000ed800000, 0x00000000ed800000| Untracked 
| 217|0x00000000ed900000, 0x00000000ed900000, 0x00000000eda00000|  0%| F|  |TAMS 0x00000000ed900000, 0x00000000ed900000| Untracked 
| 218|0x00000000eda00000, 0x00000000eda00000, 0x00000000edb00000|  0%| F|  |TAMS 0x00000000eda00000, 0x00000000eda00000| Untracked 
| 219|0x00000000edb00000, 0x00000000edb00000, 0x00000000edc00000|  0%| F|  |TAMS 0x00000000edb00000, 0x00000000edb00000| Untracked 
| 220|0x00000000edc00000, 0x00000000edc00000, 0x00000000edd00000|  0%| F|  |TAMS 0x00000000edc00000, 0x00000000edc00000| Untracked 
| 221|0x00000000edd00000, 0x00000000edd00000, 0x00000000ede00000|  0%| F|  |TAMS 0x00000000edd00000, 0x00000000edd00000| Untracked 
| 222|0x00000000ede00000, 0x00000000ede00000, 0x00000000edf00000|  0%| F|  |TAMS 0x00000000ede00000, 0x00000000ede00000| Untracked 
| 223|0x00000000edf00000, 0x00000000edf00000, 0x00000000ee000000|  0%| F|  |TAMS 0x00000000edf00000, 0x00000000edf00000| Untracked 
| 224|0x00000000ee000000, 0x00000000ee000000, 0x00000000ee100000|  0%| F|  |TAMS 0x00000000ee000000, 0x00000000ee000000| Untracked 
| 225|0x00000000ee100000, 0x00000000ee100000, 0x00000000ee200000|  0%| F|  |TAMS 0x00000000ee100000, 0x00000000ee100000| Untracked 
| 226|0x00000000ee200000, 0x00000000ee200000, 0x00000000ee300000|  0%| F|  |TAMS 0x00000000ee200000, 0x00000000ee200000| Untracked 
| 227|0x00000000ee300000, 0x00000000ee300000, 0x00000000ee400000|  0%| F|  |TAMS 0x00000000ee300000, 0x00000000ee300000| Untracked 
| 228|0x00000000ee400000, 0x00000000ee400000, 0x00000000ee500000|  0%| F|  |TAMS 0x00000000ee400000, 0x00000000ee400000| Untracked 
| 229|0x00000000ee500000, 0x00000000ee500000, 0x00000000ee600000|  0%| F|  |TAMS 0x00000000ee500000, 0x00000000ee500000| Untracked 
| 230|0x00000000ee600000, 0x00000000ee600000, 0x00000000ee700000|  0%| F|  |TAMS 0x00000000ee600000, 0x00000000ee600000| Untracked 
| 231|0x00000000ee700000, 0x00000000ee700000, 0x00000000ee800000|  0%| F|  |TAMS 0x00000000ee700000, 0x00000000ee700000| Untracked 
| 232|0x00000000ee800000, 0x00000000ee800000, 0x00000000ee900000|  0%| F|  |TAMS 0x00000000ee800000, 0x00000000ee800000| Untracked 
| 233|0x00000000ee900000, 0x00000000ee900000, 0x00000000eea00000|  0%| F|  |TAMS 0x00000000ee900000, 0x00000000ee900000| Untracked 
| 234|0x00000000eea00000, 0x00000000eea00000, 0x00000000eeb00000|  0%| F|  |TAMS 0x00000000eea00000, 0x00000000eea00000| Untracked 
| 235|0x00000000eeb00000, 0x00000000eeb00000, 0x00000000eec00000|  0%| F|  |TAMS 0x00000000eeb00000, 0x00000000eeb00000| Untracked 
| 236|0x00000000eec00000, 0x00000000eec00000, 0x00000000eed00000|  0%| F|  |TAMS 0x00000000eec00000, 0x00000000eec00000| Untracked 
| 237|0x00000000eed00000, 0x00000000eed00000, 0x00000000eee00000|  0%| F|  |TAMS 0x00000000eed00000, 0x00000000eed00000| Untracked 
| 238|0x00000000eee00000, 0x00000000eee00000, 0x00000000eef00000|  0%| F|  |TAMS 0x00000000eee00000, 0x00000000eee00000| Untracked 
| 239|0x00000000eef00000, 0x00000000eef00000, 0x00000000ef000000|  0%| F|  |TAMS 0x00000000eef00000, 0x00000000eef00000| Untracked 
| 240|0x00000000ef000000, 0x00000000ef000000, 0x00000000ef100000|  0%| F|  |TAMS 0x00000000ef000000, 0x00000000ef000000| Untracked 
| 241|0x00000000ef100000, 0x00000000ef100000, 0x00000000ef200000|  0%| F|  |TAMS 0x00000000ef100000, 0x00000000ef100000| Untracked 
| 242|0x00000000ef200000, 0x00000000ef300000, 0x00000000ef300000|100%| O|  |TAMS 0x00000000ef300000, 0x00000000ef200000| Untracked 
| 243|0x00000000ef300000, 0x00000000ef300000, 0x00000000ef400000|  0%| F|  |TAMS 0x00000000ef300000, 0x00000000ef300000| Untracked 
| 244|0x00000000ef400000, 0x00000000ef400000, 0x00000000ef500000|  0%| F|  |TAMS 0x00000000ef400000, 0x00000000ef400000| Untracked 
| 245|0x00000000ef500000, 0x00000000ef500000, 0x00000000ef600000|  0%| F|  |TAMS 0x00000000ef500000, 0x00000000ef500000| Untracked 
| 246|0x00000000ef600000, 0x00000000ef600000, 0x00000000ef700000|  0%| F|  |TAMS 0x00000000ef600000, 0x00000000ef600000| Untracked 
| 247|0x00000000ef700000, 0x00000000ef700000, 0x00000000ef800000|  0%| F|  |TAMS 0x00000000ef700000, 0x00000000ef700000| Untracked 
| 248|0x00000000ef800000, 0x00000000ef800000, 0x00000000ef900000|  0%| F|  |TAMS 0x00000000ef800000, 0x00000000ef800000| Untracked 
| 249|0x00000000ef900000, 0x00000000ef900000, 0x00000000efa00000|  0%| F|  |TAMS 0x00000000ef900000, 0x00000000ef900000| Untracked 
| 250|0x00000000efa00000, 0x00000000efb00000, 0x00000000efb00000|100%| O|  |TAMS 0x00000000efb00000, 0x00000000efa00000| Untracked 
| 251|0x00000000efb00000, 0x00000000efb00000, 0x00000000efc00000|  0%| F|  |TAMS 0x00000000efb00000, 0x00000000efb00000| Untracked 
| 252|0x00000000efc00000, 0x00000000efc00000, 0x00000000efd00000|  0%| F|  |TAMS 0x00000000efc00000, 0x00000000efc00000| Untracked 
| 253|0x00000000efd00000, 0x00000000efd00000, 0x00000000efe00000|  0%| F|  |TAMS 0x00000000efd00000, 0x00000000efd00000| Untracked 
| 254|0x00000000efe00000, 0x00000000efe00000, 0x00000000eff00000|  0%| F|  |TAMS 0x00000000efe00000, 0x00000000efe00000| Untracked 
| 255|0x00000000eff00000, 0x00000000eff00000, 0x00000000f0000000|  0%| F|  |TAMS 0x00000000eff00000, 0x00000000eff00000| Untracked 
| 256|0x00000000f0000000, 0x00000000f0000000, 0x00000000f0100000|  0%| F|  |TAMS 0x00000000f0000000, 0x00000000f0000000| Untracked 
| 257|0x00000000f0100000, 0x00000000f0100000, 0x00000000f0200000|  0%| F|  |TAMS 0x00000000f0100000, 0x00000000f0100000| Untracked 
| 258|0x00000000f0200000, 0x00000000f0200000, 0x00000000f0300000|  0%| F|  |TAMS 0x00000000f0200000, 0x00000000f0200000| Untracked 
| 259|0x00000000f0300000, 0x00000000f0300000, 0x00000000f0400000|  0%| F|  |TAMS 0x00000000f0300000, 0x00000000f0300000| Untracked 
| 260|0x00000000f0400000, 0x00000000f0400000, 0x00000000f0500000|  0%| F|  |TAMS 0x00000000f0400000, 0x00000000f0400000| Untracked 
| 261|0x00000000f0500000, 0x00000000f0500000, 0x00000000f0600000|  0%| F|  |TAMS 0x00000000f0500000, 0x00000000f0500000| Untracked 
| 262|0x00000000f0600000, 0x00000000f0600000, 0x00000000f0700000|  0%| F|  |TAMS 0x00000000f0600000, 0x00000000f0600000| Untracked 
| 263|0x00000000f0700000, 0x00000000f0700000, 0x00000000f0800000|  0%| F|  |TAMS 0x00000000f0700000, 0x00000000f0700000| Untracked 
| 264|0x00000000f0800000, 0x00000000f0800000, 0x00000000f0900000|  0%| F|  |TAMS 0x00000000f0800000, 0x00000000f0800000| Untracked 
| 265|0x00000000f0900000, 0x00000000f0900000, 0x00000000f0a00000|  0%| F|  |TAMS 0x00000000f0900000, 0x00000000f0900000| Untracked 
| 266|0x00000000f0a00000, 0x00000000f0a00000, 0x00000000f0b00000|  0%| F|  |TAMS 0x00000000f0a00000, 0x00000000f0a00000| Untracked 
| 267|0x00000000f0b00000, 0x00000000f0b00000, 0x00000000f0c00000|  0%| F|  |TAMS 0x00000000f0b00000, 0x00000000f0b00000| Untracked 
| 268|0x00000000f0c00000, 0x00000000f0c00000, 0x00000000f0d00000|  0%| F|  |TAMS 0x00000000f0c00000, 0x00000000f0c00000| Untracked 
| 269|0x00000000f0d00000, 0x00000000f0d00000, 0x00000000f0e00000|  0%| F|  |TAMS 0x00000000f0d00000, 0x00000000f0d00000| Untracked 
| 270|0x00000000f0e00000, 0x00000000f0e00000, 0x00000000f0f00000|  0%| F|  |TAMS 0x00000000f0e00000, 0x00000000f0e00000| Untracked 
| 271|0x00000000f0f00000, 0x00000000f0f00000, 0x00000000f1000000|  0%| F|  |TAMS 0x00000000f0f00000, 0x00000000f0f00000| Untracked 
| 272|0x00000000f1000000, 0x00000000f1000000, 0x00000000f1100000|  0%| F|  |TAMS 0x00000000f1000000, 0x00000000f1000000| Untracked 
| 273|0x00000000f1100000, 0x00000000f1100000, 0x00000000f1200000|  0%| F|  |TAMS 0x00000000f1100000, 0x00000000f1100000| Untracked 
| 274|0x00000000f1200000, 0x00000000f1200000, 0x00000000f1300000|  0%| F|  |TAMS 0x00000000f1200000, 0x00000000f1200000| Untracked 
| 275|0x00000000f1300000, 0x00000000f1300000, 0x00000000f1400000|  0%| F|  |TAMS 0x00000000f1300000, 0x00000000f1300000| Untracked 
| 276|0x00000000f1400000, 0x00000000f1400000, 0x00000000f1500000|  0%| F|  |TAMS 0x00000000f1400000, 0x00000000f1400000| Untracked 
| 277|0x00000000f1500000, 0x00000000f1500000, 0x00000000f1600000|  0%| F|  |TAMS 0x00000000f1500000, 0x00000000f1500000| Untracked 
| 278|0x00000000f1600000, 0x00000000f1600000, 0x00000000f1700000|  0%| F|  |TAMS 0x00000000f1600000, 0x00000000f1600000| Untracked 
| 279|0x00000000f1700000, 0x00000000f1700000, 0x00000000f1800000|  0%| F|  |TAMS 0x00000000f1700000, 0x00000000f1700000| Untracked 
| 280|0x00000000f1800000, 0x00000000f1800000, 0x00000000f1900000|  0%| F|  |TAMS 0x00000000f1800000, 0x00000000f1800000| Untracked 
| 281|0x00000000f1900000, 0x00000000f1900000, 0x00000000f1a00000|  0%| F|  |TAMS 0x00000000f1900000, 0x00000000f1900000| Untracked 
| 282|0x00000000f1a00000, 0x00000000f1a00000, 0x00000000f1b00000|  0%| F|  |TAMS 0x00000000f1a00000, 0x00000000f1a00000| Untracked 
| 283|0x00000000f1b00000, 0x00000000f1b00000, 0x00000000f1c00000|  0%| F|  |TAMS 0x00000000f1b00000, 0x00000000f1b00000| Untracked 
| 284|0x00000000f1c00000, 0x00000000f1c00000, 0x00000000f1d00000|  0%| F|  |TAMS 0x00000000f1c00000, 0x00000000f1c00000| Untracked 
| 285|0x00000000f1d00000, 0x00000000f1d00000, 0x00000000f1e00000|  0%| F|  |TAMS 0x00000000f1d00000, 0x00000000f1d00000| Untracked 
| 286|0x00000000f1e00000, 0x00000000f1e00000, 0x00000000f1f00000|  0%| F|  |TAMS 0x00000000f1e00000, 0x00000000f1e00000| Untracked 
| 287|0x00000000f1f00000, 0x00000000f1f00000, 0x00000000f2000000|  0%| F|  |TAMS 0x00000000f1f00000, 0x00000000f1f00000| Untracked 
| 288|0x00000000f2000000, 0x00000000f2000000, 0x00000000f2100000|  0%| F|  |TAMS 0x00000000f2000000, 0x00000000f2000000| Untracked 
| 289|0x00000000f2100000, 0x00000000f2100000, 0x00000000f2200000|  0%| F|  |TAMS 0x00000000f2100000, 0x00000000f2100000| Untracked 
| 290|0x00000000f2200000, 0x00000000f2200000, 0x00000000f2300000|  0%| F|  |TAMS 0x00000000f2200000, 0x00000000f2200000| Untracked 
| 291|0x00000000f2300000, 0x00000000f2300000, 0x00000000f2400000|  0%| F|  |TAMS 0x00000000f2300000, 0x00000000f2300000| Untracked 
| 292|0x00000000f2400000, 0x00000000f2400000, 0x00000000f2500000|  0%| F|  |TAMS 0x00000000f2400000, 0x00000000f2400000| Untracked 
| 293|0x00000000f2500000, 0x00000000f2500000, 0x00000000f2600000|  0%| F|  |TAMS 0x00000000f2500000, 0x00000000f2500000| Untracked 
| 294|0x00000000f2600000, 0x00000000f2600000, 0x00000000f2700000|  0%| F|  |TAMS 0x00000000f2600000, 0x00000000f2600000| Untracked 
| 295|0x00000000f2700000, 0x00000000f2700000, 0x00000000f2800000|  0%| F|  |TAMS 0x00000000f2700000, 0x00000000f2700000| Untracked 
| 296|0x00000000f2800000, 0x00000000f2800000, 0x00000000f2900000|  0%| F|  |TAMS 0x00000000f2800000, 0x00000000f2800000| Untracked 
| 297|0x00000000f2900000, 0x00000000f2900000, 0x00000000f2a00000|  0%| F|  |TAMS 0x00000000f2900000, 0x00000000f2900000| Untracked 
| 298|0x00000000f2a00000, 0x00000000f2a00000, 0x00000000f2b00000|  0%| F|  |TAMS 0x00000000f2a00000, 0x00000000f2a00000| Untracked 
| 299|0x00000000f2b00000, 0x00000000f2b00000, 0x00000000f2c00000|  0%| F|  |TAMS 0x00000000f2b00000, 0x00000000f2b00000| Untracked 
| 300|0x00000000f2c00000, 0x00000000f2c00000, 0x00000000f2d00000|  0%| F|  |TAMS 0x00000000f2c00000, 0x00000000f2c00000| Untracked 
| 301|0x00000000f2d00000, 0x00000000f2d00000, 0x00000000f2e00000|  0%| F|  |TAMS 0x00000000f2d00000, 0x00000000f2d00000| Untracked 
| 302|0x00000000f2e00000, 0x00000000f2e00000, 0x00000000f2f00000|  0%| F|  |TAMS 0x00000000f2e00000, 0x00000000f2e00000| Untracked 
| 303|0x00000000f2f00000, 0x00000000f2f00000, 0x00000000f3000000|  0%| F|  |TAMS 0x00000000f2f00000, 0x00000000f2f00000| Untracked 
| 304|0x00000000f3000000, 0x00000000f3000000, 0x00000000f3100000|  0%| F|  |TAMS 0x00000000f3000000, 0x00000000f3000000| Untracked 
| 305|0x00000000f3100000, 0x00000000f3100000, 0x00000000f3200000|  0%| F|  |TAMS 0x00000000f3100000, 0x00000000f3100000| Untracked 
| 306|0x00000000f3200000, 0x00000000f3200000, 0x00000000f3300000|  0%| F|  |TAMS 0x00000000f3200000, 0x00000000f3200000| Untracked 
| 307|0x00000000f3300000, 0x00000000f3300000, 0x00000000f3400000|  0%| F|  |TAMS 0x00000000f3300000, 0x00000000f3300000| Untracked 
| 308|0x00000000f3400000, 0x00000000f3400000, 0x00000000f3500000|  0%| F|  |TAMS 0x00000000f3400000, 0x00000000f3400000| Untracked 
| 309|0x00000000f3500000, 0x00000000f3500000, 0x00000000f3600000|  0%| F|  |TAMS 0x00000000f3500000, 0x00000000f3500000| Untracked 
| 310|0x00000000f3600000, 0x00000000f3600000, 0x00000000f3700000|  0%| F|  |TAMS 0x00000000f3600000, 0x00000000f3600000| Untracked 
| 311|0x00000000f3700000, 0x00000000f3700000, 0x00000000f3800000|  0%| F|  |TAMS 0x00000000f3700000, 0x00000000f3700000| Untracked 
| 312|0x00000000f3800000, 0x00000000f3800000, 0x00000000f3900000|  0%| F|  |TAMS 0x00000000f3800000, 0x00000000f3800000| Untracked 
| 313|0x00000000f3900000, 0x00000000f3900000, 0x00000000f3a00000|  0%| F|  |TAMS 0x00000000f3900000, 0x00000000f3900000| Untracked 
| 314|0x00000000f3a00000, 0x00000000f3a00000, 0x00000000f3b00000|  0%| F|  |TAMS 0x00000000f3a00000, 0x00000000f3a00000| Untracked 
| 315|0x00000000f3b00000, 0x00000000f3b00000, 0x00000000f3c00000|  0%| F|  |TAMS 0x00000000f3b00000, 0x00000000f3b00000| Untracked 
| 316|0x00000000f3c00000, 0x00000000f3c00000, 0x00000000f3d00000|  0%| F|  |TAMS 0x00000000f3c00000, 0x00000000f3c00000| Untracked 
| 317|0x00000000f3d00000, 0x00000000f3d00000, 0x00000000f3e00000|  0%| F|  |TAMS 0x00000000f3d00000, 0x00000000f3d00000| Untracked 
| 318|0x00000000f3e00000, 0x00000000f3e00000, 0x00000000f3f00000|  0%| F|  |TAMS 0x00000000f3e00000, 0x00000000f3e00000| Untracked 
| 319|0x00000000f3f00000, 0x00000000f3f00000, 0x00000000f4000000|  0%| F|  |TAMS 0x00000000f3f00000, 0x00000000f3f00000| Untracked 
| 320|0x00000000f4000000, 0x00000000f4000000, 0x00000000f4100000|  0%| F|  |TAMS 0x00000000f4000000, 0x00000000f4000000| Untracked 
| 321|0x00000000f4100000, 0x00000000f4100000, 0x00000000f4200000|  0%| F|  |TAMS 0x00000000f4100000, 0x00000000f4100000| Untracked 
| 322|0x00000000f4200000, 0x00000000f4200000, 0x00000000f4300000|  0%| F|  |TAMS 0x00000000f4200000, 0x00000000f4200000| Untracked 
| 323|0x00000000f4300000, 0x00000000f4300000, 0x00000000f4400000|  0%| F|  |TAMS 0x00000000f4300000, 0x00000000f4300000| Untracked 
| 324|0x00000000f4400000, 0x00000000f4400000, 0x00000000f4500000|  0%| F|  |TAMS 0x00000000f4400000, 0x00000000f4400000| Untracked 
| 325|0x00000000f4500000, 0x00000000f4500000, 0x00000000f4600000|  0%| F|  |TAMS 0x00000000f4500000, 0x00000000f4500000| Untracked 
| 326|0x00000000f4600000, 0x00000000f4600000, 0x00000000f4700000|  0%| F|  |TAMS 0x00000000f4600000, 0x00000000f4600000| Untracked 
| 327|0x00000000f4700000, 0x00000000f4700000, 0x00000000f4800000|  0%| F|  |TAMS 0x00000000f4700000, 0x00000000f4700000| Untracked 
| 328|0x00000000f4800000, 0x00000000f4800000, 0x00000000f4900000|  0%| F|  |TAMS 0x00000000f4800000, 0x00000000f4800000| Untracked 
| 329|0x00000000f4900000, 0x00000000f4900000, 0x00000000f4a00000|  0%| F|  |TAMS 0x00000000f4900000, 0x00000000f4900000| Untracked 
| 330|0x00000000f4a00000, 0x00000000f4a00000, 0x00000000f4b00000|  0%| F|  |TAMS 0x00000000f4a00000, 0x00000000f4a00000| Untracked 
| 331|0x00000000f4b00000, 0x00000000f4b00000, 0x00000000f4c00000|  0%| F|  |TAMS 0x00000000f4b00000, 0x00000000f4b00000| Untracked 
| 332|0x00000000f4c00000, 0x00000000f4c00000, 0x00000000f4d00000|  0%| F|  |TAMS 0x00000000f4c00000, 0x00000000f4c00000| Untracked 
| 333|0x00000000f4d00000, 0x00000000f4d00000, 0x00000000f4e00000|  0%| F|  |TAMS 0x00000000f4d00000, 0x00000000f4d00000| Untracked 
| 334|0x00000000f4e00000, 0x00000000f4e00000, 0x00000000f4f00000|  0%| F|  |TAMS 0x00000000f4e00000, 0x00000000f4e00000| Untracked 
| 335|0x00000000f4f00000, 0x00000000f4f00000, 0x00000000f5000000|  0%| F|  |TAMS 0x00000000f4f00000, 0x00000000f4f00000| Untracked 
| 336|0x00000000f5000000, 0x00000000f5000000, 0x00000000f5100000|  0%| F|  |TAMS 0x00000000f5000000, 0x00000000f5000000| Untracked 
| 337|0x00000000f5100000, 0x00000000f5100000, 0x00000000f5200000|  0%| F|  |TAMS 0x00000000f5100000, 0x00000000f5100000| Untracked 
| 338|0x00000000f5200000, 0x00000000f5200000, 0x00000000f5300000|  0%| F|  |TAMS 0x00000000f5200000, 0x00000000f5200000| Untracked 
| 339|0x00000000f5300000, 0x00000000f5300000, 0x00000000f5400000|  0%| F|  |TAMS 0x00000000f5300000, 0x00000000f5300000| Untracked 
| 340|0x00000000f5400000, 0x00000000f5400000, 0x00000000f5500000|  0%| F|  |TAMS 0x00000000f5400000, 0x00000000f5400000| Untracked 
| 341|0x00000000f5500000, 0x00000000f5500000, 0x00000000f5600000|  0%| F|  |TAMS 0x00000000f5500000, 0x00000000f5500000| Untracked 
| 342|0x00000000f5600000, 0x00000000f5600000, 0x00000000f5700000|  0%| F|  |TAMS 0x00000000f5600000, 0x00000000f5600000| Untracked 
| 343|0x00000000f5700000, 0x00000000f5700000, 0x00000000f5800000|  0%| F|  |TAMS 0x00000000f5700000, 0x00000000f5700000| Untracked 
| 344|0x00000000f5800000, 0x00000000f5800000, 0x00000000f5900000|  0%| F|  |TAMS 0x00000000f5800000, 0x00000000f5800000| Untracked 
| 345|0x00000000f5900000, 0x00000000f5900000, 0x00000000f5a00000|  0%| F|  |TAMS 0x00000000f5900000, 0x00000000f5900000| Untracked 
| 346|0x00000000f5a00000, 0x00000000f5a00000, 0x00000000f5b00000|  0%| F|  |TAMS 0x00000000f5a00000, 0x00000000f5a00000| Untracked 
| 347|0x00000000f5b00000, 0x00000000f5b00000, 0x00000000f5c00000|  0%| F|  |TAMS 0x00000000f5b00000, 0x00000000f5b00000| Untracked 
| 348|0x00000000f5c00000, 0x00000000f5c00000, 0x00000000f5d00000|  0%| F|  |TAMS 0x00000000f5c00000, 0x00000000f5c00000| Untracked 
| 349|0x00000000f5d00000, 0x00000000f5d00000, 0x00000000f5e00000|  0%| F|  |TAMS 0x00000000f5d00000, 0x00000000f5d00000| Untracked 
| 350|0x00000000f5e00000, 0x00000000f5e00000, 0x00000000f5f00000|  0%| F|  |TAMS 0x00000000f5e00000, 0x00000000f5e00000| Untracked 
| 351|0x00000000f5f00000, 0x00000000f5f00000, 0x00000000f6000000|  0%| F|  |TAMS 0x00000000f5f00000, 0x00000000f5f00000| Untracked 
| 352|0x00000000f6000000, 0x00000000f6000000, 0x00000000f6100000|  0%| F|  |TAMS 0x00000000f6000000, 0x00000000f6000000| Untracked 
| 353|0x00000000f6100000, 0x00000000f6100000, 0x00000000f6200000|  0%| F|  |TAMS 0x00000000f6100000, 0x00000000f6100000| Untracked 
| 354|0x00000000f6200000, 0x00000000f6200000, 0x00000000f6300000|  0%| F|  |TAMS 0x00000000f6200000, 0x00000000f6200000| Untracked 
| 355|0x00000000f6300000, 0x00000000f6300000, 0x00000000f6400000|  0%| F|  |TAMS 0x00000000f6300000, 0x00000000f6300000| Untracked 
| 356|0x00000000f6400000, 0x00000000f6400000, 0x00000000f6500000|  0%| F|  |TAMS 0x00000000f6400000, 0x00000000f6400000| Untracked 
| 357|0x00000000f6500000, 0x00000000f6500000, 0x00000000f6600000|  0%| F|  |TAMS 0x00000000f6500000, 0x00000000f6500000| Untracked 
| 358|0x00000000f6600000, 0x00000000f6600000, 0x00000000f6700000|  0%| F|  |TAMS 0x00000000f6600000, 0x00000000f6600000| Untracked 
| 359|0x00000000f6700000, 0x00000000f6700000, 0x00000000f6800000|  0%| F|  |TAMS 0x00000000f6700000, 0x00000000f6700000| Untracked 
| 360|0x00000000f6800000, 0x00000000f689d808, 0x00000000f6900000| 61%| E|  |TAMS 0x00000000f6800000, 0x00000000f6800000| Complete 
| 361|0x00000000f6900000, 0x00000000f6a00000, 0x00000000f6a00000|100%| E|CS|TAMS 0x00000000f6900000, 0x00000000f6900000| Complete 
| 362|0x00000000f6a00000, 0x00000000f6b00000, 0x00000000f6b00000|100%| E|CS|TAMS 0x00000000f6a00000, 0x00000000f6a00000| Complete 
| 363|0x00000000f6b00000, 0x00000000f6c00000, 0x00000000f6c00000|100%| E|CS|TAMS 0x00000000f6b00000, 0x00000000f6b00000| Complete 
| 364|0x00000000f6c00000, 0x00000000f6d00000, 0x00000000f6d00000|100%| E|CS|TAMS 0x00000000f6c00000, 0x00000000f6c00000| Complete 
| 365|0x00000000f6d00000, 0x00000000f6e00000, 0x00000000f6e00000|100%| E|CS|TAMS 0x00000000f6d00000, 0x00000000f6d00000| Complete 
| 366|0x00000000f6e00000, 0x00000000f6f00000, 0x00000000f6f00000|100%| E|CS|TAMS 0x00000000f6e00000, 0x00000000f6e00000| Complete 
| 367|0x00000000f6f00000, 0x00000000f7000000, 0x00000000f7000000|100%| E|CS|TAMS 0x00000000f6f00000, 0x00000000f6f00000| Complete 
| 368|0x00000000f7000000, 0x00000000f7100000, 0x00000000f7100000|100%| E|CS|TAMS 0x00000000f7000000, 0x00000000f7000000| Complete 
| 369|0x00000000f7100000, 0x00000000f7200000, 0x00000000f7200000|100%| E|CS|TAMS 0x00000000f7100000, 0x00000000f7100000| Complete 
| 370|0x00000000f7200000, 0x00000000f7300000, 0x00000000f7300000|100%| E|CS|TAMS 0x00000000f7200000, 0x00000000f7200000| Complete 
| 371|0x00000000f7300000, 0x00000000f7400000, 0x00000000f7400000|100%| E|CS|TAMS 0x00000000f7300000, 0x00000000f7300000| Complete 
| 372|0x00000000f7400000, 0x00000000f7500000, 0x00000000f7500000|100%| E|CS|TAMS 0x00000000f7400000, 0x00000000f7400000| Complete 
| 373|0x00000000f7500000, 0x00000000f7600000, 0x00000000f7600000|100%| E|CS|TAMS 0x00000000f7500000, 0x00000000f7500000| Complete 
| 374|0x00000000f7600000, 0x00000000f7700000, 0x00000000f7700000|100%| E|CS|TAMS 0x00000000f7600000, 0x00000000f7600000| Complete 
| 375|0x00000000f7700000, 0x00000000f7800000, 0x00000000f7800000|100%| E|CS|TAMS 0x00000000f7700000, 0x00000000f7700000| Complete 
| 376|0x00000000f7800000, 0x00000000f7900000, 0x00000000f7900000|100%| E|CS|TAMS 0x00000000f7800000, 0x00000000f7800000| Complete 
| 377|0x00000000f7900000, 0x00000000f7a00000, 0x00000000f7a00000|100%| E|CS|TAMS 0x00000000f7900000, 0x00000000f7900000| Complete 
| 378|0x00000000f7a00000, 0x00000000f7b00000, 0x00000000f7b00000|100%| E|CS|TAMS 0x00000000f7a00000, 0x00000000f7a00000| Complete 
| 379|0x00000000f7b00000, 0x00000000f7c00000, 0x00000000f7c00000|100%| E|CS|TAMS 0x00000000f7b00000, 0x00000000f7b00000| Complete 
| 380|0x00000000f7c00000, 0x00000000f7d00000, 0x00000000f7d00000|100%| E|CS|TAMS 0x00000000f7c00000, 0x00000000f7c00000| Complete 
| 381|0x00000000f7d00000, 0x00000000f7e00000, 0x00000000f7e00000|100%| E|CS|TAMS 0x00000000f7d00000, 0x00000000f7d00000| Complete 
| 382|0x00000000f7e00000, 0x00000000f7f00000, 0x00000000f7f00000|100%| E|CS|TAMS 0x00000000f7e00000, 0x00000000f7e00000| Complete 
| 383|0x00000000f7f00000, 0x00000000f8000000, 0x00000000f8000000|100%| E|CS|TAMS 0x00000000f7f00000, 0x00000000f7f00000| Complete 
| 384|0x00000000f8000000, 0x00000000f8100000, 0x00000000f8100000|100%| E|CS|TAMS 0x00000000f8000000, 0x00000000f8000000| Complete 
| 385|0x00000000f8100000, 0x00000000f8200000, 0x00000000f8200000|100%| E|CS|TAMS 0x00000000f8100000, 0x00000000f8100000| Complete 
| 386|0x00000000f8200000, 0x00000000f8300000, 0x00000000f8300000|100%| E|CS|TAMS 0x00000000f8200000, 0x00000000f8200000| Complete 
| 387|0x00000000f8300000, 0x00000000f8400000, 0x00000000f8400000|100%| E|CS|TAMS 0x00000000f8300000, 0x00000000f8300000| Complete 
| 388|0x00000000f8400000, 0x00000000f8500000, 0x00000000f8500000|100%| E|CS|TAMS 0x00000000f8400000, 0x00000000f8400000| Complete 
| 389|0x00000000f8500000, 0x00000000f8600000, 0x00000000f8600000|100%| E|CS|TAMS 0x00000000f8500000, 0x00000000f8500000| Complete 
| 390|0x00000000f8600000, 0x00000000f8700000, 0x00000000f8700000|100%| E|CS|TAMS 0x00000000f8600000, 0x00000000f8600000| Complete 
| 391|0x00000000f8700000, 0x00000000f8800000, 0x00000000f8800000|100%| E|CS|TAMS 0x00000000f8700000, 0x00000000f8700000| Complete 
| 392|0x00000000f8800000, 0x00000000f8900000, 0x00000000f8900000|100%| E|CS|TAMS 0x00000000f8800000, 0x00000000f8800000| Complete 
| 393|0x00000000f8900000, 0x00000000f8a00000, 0x00000000f8a00000|100%| E|CS|TAMS 0x00000000f8900000, 0x00000000f8900000| Complete 
| 394|0x00000000f8a00000, 0x00000000f8b00000, 0x00000000f8b00000|100%| E|CS|TAMS 0x00000000f8a00000, 0x00000000f8a00000| Complete 
| 395|0x00000000f8b00000, 0x00000000f8c00000, 0x00000000f8c00000|100%| E|CS|TAMS 0x00000000f8b00000, 0x00000000f8b00000| Complete 
| 396|0x00000000f8c00000, 0x00000000f8d00000, 0x00000000f8d00000|100%| S|CS|TAMS 0x00000000f8c00000, 0x00000000f8c00000| Complete 
| 397|0x00000000f8d00000, 0x00000000f8e00000, 0x00000000f8e00000|100%| S|CS|TAMS 0x00000000f8d00000, 0x00000000f8d00000| Complete 
| 398|0x00000000f8e00000, 0x00000000f8f00000, 0x00000000f8f00000|100%| E|CS|TAMS 0x00000000f8e00000, 0x00000000f8e00000| Complete 

Card table byte_map: [0x000001e0baf80000,0x000001e0bb080000] _byte_map_base: 0x000001e0ba880000

Marking Bits (Prev, Next): (CMBitMap*) 0x000001e0a3c7d368, (CMBitMap*) 0x000001e0a3c7d3a0
 Prev Bits: [0x000001e0bb180000, 0x000001e0bb980000)
 Next Bits: [0x000001e0bb980000, 0x000001e0bc180000)

Polling page: 0x000001e0a1ad0000

Metaspace:

Usage:
  Non-class:    113.93 MB capacity,   111.09 MB ( 98%) used,     2.44 MB (  2%) free+waste,   417.25 KB ( <1%) overhead. 
      Class:     16.06 MB capacity,    14.58 MB ( 91%) used,     1.31 MB (  8%) free+waste,   174.50 KB (  1%) overhead. 
       Both:    130.00 MB capacity,   125.67 MB ( 97%) used,     3.75 MB (  3%) free+waste,   591.75 KB ( <1%) overhead. 

Virtual space:
  Non-class space:      114.00 MB reserved,     114.00 MB (100%) committed 
      Class space:      248.00 MB reserved,      16.32 MB (  7%) committed 
             Both:      362.00 MB reserved,     130.32 MB ( 36%) committed 

Chunk freelists:
   Non-Class:  512 bytes
       Class:  27.88 KB
        Both:  28.38 KB

CodeHeap 'non-profiled nmethods': size=120064Kb used=41279Kb max_used=41279Kb free=78784Kb
 bounds [0x000001e0b3a40000, 0x000001e0b62a0000, 0x000001e0baf80000]
CodeHeap 'profiled nmethods': size=120000Kb used=58474Kb max_used=61254Kb free=61525Kb
 bounds [0x000001e0ac510000, 0x000001e0b0140000, 0x000001e0b3a40000]
CodeHeap 'non-nmethods': size=5696Kb used=2382Kb max_used=2492Kb free=3314Kb
 bounds [0x000001e0abf80000, 0x000001e0ac200000, 0x000001e0ac510000]
 total_blobs=54804 nmethods=28442 adapters=916
 compilation: enabled
              stopped_count=0, restarted_count=0
 full_count=0

Compilation events (10 events):
Event: 11660.659 Thread 0x000001e0bf0fa000 nmethod 39501 0x000001e0acf87790 code [0x000001e0acf87960, 0x000001e0acf87d58]
Event: 11660.739 Thread 0x000001e0bf0fa000 39503       3       com.android.tools.r8.graph.EnclosingMethodAttribute::<init> (10 bytes)
Event: 11660.739 Thread 0x000001e0c3916800 39490       4       com.android.tools.r8.code.InstructionFactory::readSequenceFrom (4072 bytes)
Event: 11660.739 Thread 0x000001e0bf0fa000 nmethod 39503 0x000001e0ad037a90 code [0x000001e0ad037c40, 0x000001e0ad037e58]
Event: 11660.898 Thread 0x000001e0bf0fa000 39505       3       com.android.tools.build.apkzlib.zip.ZFileOptions::<init> (75 bytes)
Event: 11660.899 Thread 0x000001e0bf0fa000 nmethod 39505 0x000001e0ad27a690 code [0x000001e0ad27a960, 0x000001e0ad27ba78]
Event: 11660.899 Thread 0x000001e0bf0fa000 39506   !   3       com.android.tools.build.apkzlib.zip.ZFile::<init> (393 bytes)
Event: 11660.903 Thread 0x000001e0bf0fa000 nmethod 39506 0x000001e0af49b310 code [0x000001e0af49b800, 0x000001e0af49dca0]
Event: 11660.917 Thread 0x000001e0bf0fa000 39507       1       com.android.tools.r8.dex.BinaryReader::f (5 bytes)
Event: 11660.918 Thread 0x000001e0bf0fa000 nmethod 39507 0x000001e0b6298f10 code [0x000001e0b62990c0, 0x000001e0b62991f0]

GC Heap History (10 events):
Event: 11657.060 GC heap before
{Heap before GC invocations=378 (full 0):
 garbage-first heap   total 408576K, used 305423K [0x00000000e0000000, 0x0000000100000000)
  region size 1024K, 153 young (156672K), 5 survivors (5120K)
 Metaspace       used 128602K, capacity 133010K, committed 133452K, reserved 370688K
  class space    used 14921K, capacity 16441K, committed 16716K, reserved 253952K
}
Event: 11657.080 GC heap after
{Heap after GC invocations=379 (full 0):
 garbage-first heap   total 408576K, used 160732K [0x00000000e0000000, 0x0000000100000000)
  region size 1024K, 11 young (11264K), 11 survivors (11264K)
 Metaspace       used 128602K, capacity 133010K, committed 133452K, reserved 370688K
  class space    used 14921K, capacity 16441K, committed 16716K, reserved 253952K
}
Event: 11657.129 GC heap before
{Heap before GC invocations=379 (full 0):
 garbage-first heap   total 408576K, used 168924K [0x00000000e0000000, 0x0000000100000000)
  region size 1024K, 20 young (20480K), 11 survivors (11264K)
 Metaspace       used 128607K, capacity 133074K, committed 133452K, reserved 370688K
  class space    used 14921K, capacity 16441K, committed 16716K, reserved 253952K
}
Event: 11657.154 GC heap after
{Heap after GC invocations=380 (full 0):
 garbage-first heap   total 408576K, used 149055K [0x00000000e0000000, 0x0000000100000000)
  region size 1024K, 2 young (2048K), 2 survivors (2048K)
 Metaspace       used 128607K, capacity 133074K, committed 133452K, reserved 370688K
  class space    used 14921K, capacity 16441K, committed 16716K, reserved 253952K
}
Event: 11657.785 GC heap before
{Heap before GC invocations=380 (full 0):
 garbage-first heap   total 408576K, used 309823K [0x00000000e0000000, 0x0000000100000000)
  region size 1024K, 159 young (162816K), 2 survivors (2048K)
 Metaspace       used 128612K, capacity 133074K, committed 133452K, reserved 370688K
  class space    used 14921K, capacity 16441K, committed 16716K, reserved 253952K
}
Event: 11657.799 GC heap after
{Heap after GC invocations=381 (full 0):
 garbage-first heap   total 408576K, used 151860K [0x00000000e0000000, 0x0000000100000000)
  region size 1024K, 5 young (5120K), 5 survivors (5120K)
 Metaspace       used 128612K, capacity 133074K, committed 133452K, reserved 370688K
  class space    used 14921K, capacity 16441K, committed 16716K, reserved 253952K
}
Event: 11660.583 GC heap before
{Heap before GC invocations=382 (full 0):
 garbage-first heap   total 408576K, used 335156K [0x00000000e0000000, 0x0000000100000000)
  region size 1024K, 167 young (171008K), 5 survivors (5120K)
 Metaspace       used 128682K, capacity 133117K, committed 133452K, reserved 370688K
  class space    used 14929K, capacity 16449K, committed 16716K, reserved 253952K
}
Event: 11660.652 GC heap after
{Heap after GC invocations=383 (full 0):
 garbage-first heap   total 408576K, used 190388K [0x00000000e0000000, 0x0000000100000000)
  region size 1024K, 21 young (21504K), 21 survivors (21504K)
 Metaspace       used 128682K, capacity 133117K, committed 133452K, reserved 370688K
  class space    used 14929K, capacity 16449K, committed 16716K, reserved 253952K
}
Event: 11660.659 GC heap before
{Heap before GC invocations=383 (full 0):
 garbage-first heap   total 408576K, used 191412K [0x00000000e0000000, 0x0000000100000000)
  region size 1024K, 22 young (22528K), 21 survivors (21504K)
 Metaspace       used 128682K, capacity 133117K, committed 133452K, reserved 370688K
  class space    used 14929K, capacity 16449K, committed 16716K, reserved 253952K
}
Event: 11660.723 GC heap after
{Heap after GC invocations=384 (full 0):
 garbage-first heap   total 408576K, used 184174K [0x00000000e0000000, 0x0000000100000000)
  region size 1024K, 2 young (2048K), 2 survivors (2048K)
 Metaspace       used 128682K, capacity 133117K, committed 133452K, reserved 370688K
  class space    used 14929K, capacity 16449K, committed 16716K, reserved 253952K
}

Deoptimization events (10 events):
Event: 11656.894 Thread 0x000001e0c50c6800 Uncommon trap: reason=class_check action=maybe_recompile pc=0x000001e0b5edfb18 method=org.objectweb.asm.ClassReader.readMethod(Lorg/objectweb/asm/ClassVisitor;Lorg/objectweb/asm/Context;I)I @ 524 c2
Event: 11656.895 Thread 0x000001e0c50c6800 Uncommon trap: reason=class_check action=maybe_recompile pc=0x000001e0b5edfb18 method=org.objectweb.asm.ClassReader.readMethod(Lorg/objectweb/asm/ClassVisitor;Lorg/objectweb/asm/Context;I)I @ 524 c2
Event: 11656.899 Thread 0x000001e0c50c6800 Uncommon trap: reason=unstable_if action=reinterpret pc=0x000001e0b4a2bea0 method=org.objectweb.asm.MethodVisitor.visitIntInsn(II)V @ 4 c2
Event: 11656.959 Thread 0x000001e0c50c9800 Uncommon trap: reason=unstable_if action=reinterpret pc=0x000001e0b4cb8524 method=org.objectweb.asm.MethodVisitor.visitLabel(Lorg/objectweb/asm/Label;)V @ 4 c2
Event: 11656.959 Thread 0x000001e0c50c9800 Uncommon trap: reason=unstable_if action=reinterpret pc=0x000001e0b6187bd8 method=org.objectweb.asm.MethodVisitor.visitJumpInsn(ILorg/objectweb/asm/Label;)V @ 4 c2
Event: 11657.383 Thread 0x000001e0c1700800 Uncommon trap: reason=unstable_if action=reinterpret pc=0x000001e0b61d23c0 method=com.android.tools.r8.ir.conversion.N.a(Lcom/android/tools/r8/t/a/a/G/a;Lcom/android/tools/r8/ir/conversion/IRBuilder;)V @ 2357 c2
Event: 11657.713 Thread 0x000001e0c50cb000 Uncommon trap: reason=unstable_if action=reinterpret pc=0x000001e0b48b3200 method=org.objectweb.asm.ClassReader.<init>([BII)V @ 94 c2
Event: 11657.713 Thread 0x000001e0c50cb000 Uncommon trap: reason=unstable_if action=reinterpret pc=0x000001e0b45cb580 method=org.objectweb.asm.ClassReader.readConst(I[C)Ljava/lang/Object; @ 15 c2
Event: 11657.885 Thread 0x000001e0c50cb000 Uncommon trap: reason=predicate action=maybe_recompile pc=0x000001e0b6231f88 method=org.objectweb.asm.ClassReader.readMethod(Lorg/objectweb/asm/ClassVisitor;Lorg/objectweb/asm/Context;I)I @ 854 c2
Event: 11658.691 Thread 0x000001e0c1701800 Uncommon trap: reason=unstable_if action=reinterpret pc=0x000001e0b5787ee4 method=sun.nio.fs.WindowsPath.resolve(Ljava/nio/file/Path;)Lsun/nio/fs/WindowsPath; @ 18 c2

Classes redefined (0 events):
No events

Internal exceptions (10 events):
Event: 11658.844 Thread 0x000001e0c50cc000 Exception <a 'sun/nio/fs/WindowsException'{0x00000000f46db9e8}> (0x00000000f46db9e8) thrown at [t:/workspace/open/src/hotspot/share/prims/jni.cpp, line 615]
Event: 11658.846 Thread 0x000001e0c50cc000 Exception <a 'sun/nio/fs/WindowsException'{0x00000000f46e3890}> (0x00000000f46e3890) thrown at [t:/workspace/open/src/hotspot/share/prims/jni.cpp, line 615]
Event: 11658.848 Thread 0x000001e0c50cc000 Exception <a 'sun/nio/fs/WindowsException'{0x00000000f46ea088}> (0x00000000f46ea088) thrown at [t:/workspace/open/src/hotspot/share/prims/jni.cpp, line 615]
Event: 11658.852 Thread 0x000001e0c50cc000 Exception <a 'sun/nio/fs/WindowsException'{0x00000000f45cfec0}> (0x00000000f45cfec0) thrown at [t:/workspace/open/src/hotspot/share/prims/jni.cpp, line 615]
Event: 11658.854 Thread 0x000001e0c50cc000 Exception <a 'sun/nio/fs/WindowsException'{0x00000000f45d5bd0}> (0x00000000f45d5bd0) thrown at [t:/workspace/open/src/hotspot/share/prims/jni.cpp, line 615]
Event: 11658.857 Thread 0x000001e0c50cc000 Exception <a 'sun/nio/fs/WindowsException'{0x00000000f44cfeb0}> (0x00000000f44cfeb0) thrown at [t:/workspace/open/src/hotspot/share/prims/jni.cpp, line 615]
Event: 11658.860 Thread 0x000001e0c50cc000 Exception <a 'sun/nio/fs/WindowsException'{0x00000000f44d5df8}> (0x00000000f44d5df8) thrown at [t:/workspace/open/src/hotspot/share/prims/jni.cpp, line 615]
Event: 11658.862 Thread 0x000001e0c50cc000 Exception <a 'sun/nio/fs/WindowsException'{0x00000000f44e14d8}> (0x00000000f44e14d8) thrown at [t:/workspace/open/src/hotspot/share/prims/jni.cpp, line 615]
Event: 11659.026 Thread 0x000001e0c1700800 Exception <a 'java/lang/NoSuchMethodError'{0x00000000f409e860}: <clinit>> (0x00000000f409e860) thrown at [t:/workspace/open/src/hotspot/share/prims/jni.cpp, line 1364]
Event: 11660.134 Thread 0x000001e0c16f7800 Exception <a 'sun/nio/fs/WindowsException'{0x00000000f2f6ff18}> (0x00000000f2f6ff18) thrown at [t:/workspace/open/src/hotspot/share/prims/jni.cpp, line 615]

Events (10 events):
Event: 11660.653 Executing VM operation: RevokeBias
Event: 11660.654 Executing VM operation: RevokeBias done
Event: 11660.654 Executing VM operation: RevokeBias
Event: 11660.654 Executing VM operation: RevokeBias done
Event: 11660.659 Executing VM operation: G1CollectForAllocation
Event: 11660.723 Executing VM operation: G1CollectForAllocation done
Event: 11660.738 Thread 0x000001e0c3916800 Thread added: 0x000001e0c3916800
Event: 11660.769 Executing VM operation: RevokeBias
Event: 11660.771 Executing VM operation: RevokeBias done
Event: 11660.771 Thread 0x000001e0c1704000 Thread exited: 0x000001e0c1704000


Dynamic libraries:
0x00007ff7da150000 - 0x00007ff7da197000 	C:\Program Files\Java\jdk\bin\java.exe
0x00007ffc9b250000 - 0x00007ffc9b431000 	C:\WINDOWS\SYSTEM32\ntdll.dll
0x00007ffc997c0000 - 0x00007ffc99872000 	C:\WINDOWS\System32\KERNEL32.DLL
0x00007ffc98410000 - 0x00007ffc98683000 	C:\WINDOWS\System32\KERNELBASE.dll
0x00007ffc98a00000 - 0x00007ffc98aa1000 	C:\WINDOWS\System32\ADVAPI32.dll
0x00007ffc995b0000 - 0x00007ffc9964e000 	C:\WINDOWS\System32\msvcrt.dll
0x00007ffc98ab0000 - 0x00007ffc98b0b000 	C:\WINDOWS\System32\sechost.dll
0x00007ffc99650000 - 0x00007ffc99774000 	C:\WINDOWS\System32\RPCRT4.dll
0x00007ffc986f0000 - 0x00007ffc98880000 	C:\WINDOWS\System32\USER32.dll
0x00007ffc97680000 - 0x00007ffc976a0000 	C:\WINDOWS\System32\win32u.dll
0x00007ffc99360000 - 0x00007ffc99388000 	C:\WINDOWS\System32\GDI32.dll
0x00007ffc976a0000 - 0x00007ffc97832000 	C:\WINDOWS\System32\gdi32full.dll
0x00007ffc98370000 - 0x00007ffc9840f000 	C:\WINDOWS\System32\msvcp_win.dll
0x00007ffc98020000 - 0x00007ffc9811a000 	C:\WINDOWS\System32\ucrtbase.dll
0x00007ffc9ad80000 - 0x00007ffc9ad8a000 	C:\WINDOWS\System32\VERSION.dll
0x00007ffc91710000 - 0x00007ffc91979000 	C:\WINDOWS\WinSxS\amd64_microsoft.windows.common-controls_6595b64144ccf1df_6.0.17134.556_none_fb439e4b3064774e\COMCTL32.dll
0x00007ffc99030000 - 0x00007ffc99352000 	C:\WINDOWS\System32\combase.dll
0x00007ffc97890000 - 0x00007ffc9790a000 	C:\WINDOWS\System32\bcryptPrimitives.dll
0x00007ffc9ad30000 - 0x00007ffc9ad5d000 	C:\WINDOWS\System32\IMM32.DLL
0x00007ffc859c0000 - 0x00007ffc859d6000 	C:\Program Files\Java\jdk\bin\vcruntime140.dll
0x00007ffc66a30000 - 0x00007ffc66ada000 	C:\Program Files\Java\jdk\bin\msvcp140.dll
0x00007ffc65ee0000 - 0x00007ffc66a22000 	C:\Program Files\Java\jdk\bin\server\jvm.dll
0x00007ffc99790000 - 0x00007ffc99799000 	C:\WINDOWS\System32\WSOCK32.dll
0x00007ffc9acc0000 - 0x00007ffc9ad2c000 	C:\WINDOWS\System32\WS2_32.dll
0x00007ffc995a0000 - 0x00007ffc995a8000 	C:\WINDOWS\System32\PSAPI.DLL
0x00007ffc941c0000 - 0x00007ffc941e3000 	C:\WINDOWS\SYSTEM32\WINMM.dll
0x00007ffc94190000 - 0x00007ffc941ba000 	C:\WINDOWS\SYSTEM32\WINMMBASE.dll
0x00007ffc97840000 - 0x00007ffc97889000 	C:\WINDOWS\System32\cfgmgr32.dll
0x00007ffc97510000 - 0x00007ffc97521000 	C:\WINDOWS\System32\kernel.appcore.dll
0x00007ffc859a0000 - 0x00007ffc859b1000 	C:\Program Files\Java\jdk\bin\verify.dll
0x00007ffc95560000 - 0x00007ffc95729000 	C:\WINDOWS\SYSTEM32\DBGHELP.DLL
0x00007ffc876f0000 - 0x00007ffc87719000 	C:\WINDOWS\SYSTEM32\dbgcore.DLL
0x00007ffc85970000 - 0x00007ffc85999000 	C:\Program Files\Java\jdk\bin\java.dll
0x00007ffc85950000 - 0x00007ffc85966000 	C:\Program Files\Java\jdk\bin\zip.dll
0x00007ffc85d00000 - 0x00007ffc85d0a000 	C:\Program Files\Java\jdk\bin\jimage.dll
0x00007ffc99880000 - 0x00007ffc9acc0000 	C:\WINDOWS\System32\SHELL32.dll
0x00007ffc9b110000 - 0x00007ffc9b1b9000 	C:\WINDOWS\System32\shcore.dll
0x00007ffc97910000 - 0x00007ffc9801d000 	C:\WINDOWS\System32\windows.storage.dll
0x00007ffc993b0000 - 0x00007ffc99401000 	C:\WINDOWS\System32\shlwapi.dll
0x00007ffc975b0000 - 0x00007ffc975cf000 	C:\WINDOWS\System32\profapi.dll
0x00007ffc97530000 - 0x00007ffc9757c000 	C:\WINDOWS\System32\powrprof.dll
0x00007ffc975a0000 - 0x00007ffc975aa000 	C:\WINDOWS\System32\FLTLIB.DLL
0x00007ffc843f0000 - 0x00007ffc84409000 	C:\Program Files\Java\jdk\bin\net.dll
0x00007ffc93a80000 - 0x00007ffc93b5d000 	C:\WINDOWS\SYSTEM32\WINHTTP.dll
0x00007ffc9ae10000 - 0x00007ffc9af61000 	C:\WINDOWS\System32\ole32.dll
0x00007ffc97410000 - 0x00007ffc97440000 	C:\WINDOWS\SYSTEM32\SspiCli.dll
0x00007ffc96d20000 - 0x00007ffc96d86000 	C:\WINDOWS\system32\mswsock.dll
0x00007ffc75400000 - 0x00007ffc75413000 	C:\Program Files\Java\jdk\bin\nio.dll
0x00007ffc6db90000 - 0x00007ffc6dbb6000 	C:\Users\user\.gradle\native\30\windows-amd64\native-platform.dll
0x00007ffc84e20000 - 0x00007ffc84e29000 	C:\Program Files\Java\jdk\bin\management.dll
0x00007ffc84cd0000 - 0x00007ffc84cdc000 	C:\Program Files\Java\jdk\bin\management_ext.dll
0x00007ffc96f30000 - 0x00007ffc96f47000 	C:\WINDOWS\SYSTEM32\CRYPTSP.dll
0x00007ffc96910000 - 0x00007ffc96943000 	C:\WINDOWS\system32\rsaenh.dll
0x00007ffc97070000 - 0x00007ffc97095000 	C:\WINDOWS\SYSTEM32\bcrypt.dll
0x00007ffc97440000 - 0x00007ffc97468000 	C:\WINDOWS\SYSTEM32\USERENV.dll
0x00007ffc96f50000 - 0x00007ffc96f5b000 	C:\WINDOWS\SYSTEM32\CRYPTBASE.dll
0x00007ffc96ab0000 - 0x00007ffc96ae8000 	C:\WINDOWS\SYSTEM32\IPHLPAPI.DLL
0x00007ffc993a0000 - 0x00007ffc993a8000 	C:\WINDOWS\System32\NSI.dll
0x00007ffc93a60000 - 0x00007ffc93a76000 	C:\WINDOWS\SYSTEM32\dhcpcsvc6.DLL
0x00007ffc93a40000 - 0x00007ffc93a5a000 	C:\WINDOWS\SYSTEM32\dhcpcsvc.DLL
0x00007ffc69020000 - 0x00007ffc691bf000 	C:\Program Files\Java\jdk\bin\awt.dll
0x00007ffc98b10000 - 0x00007ffc98bd3000 	C:\WINDOWS\System32\OLEAUT32.dll
0x00007ffc94b90000 - 0x00007ffc95157000 	C:\WINDOWS\SYSTEM32\d2d1.dll
0x00007ffc93460000 - 0x00007ffc934eb000 	C:\WINDOWS\SYSTEM32\apphelp.dll
0x00007ffc945e0000 - 0x00007ffc94678000 	C:\WINDOWS\system32\uxtheme.dll
0x00007ffc98880000 - 0x00007ffc989f3000 	C:\WINDOWS\System32\MSCTF.dll
0x00007ffc95c30000 - 0x00007ffc95c59000 	C:\WINDOWS\system32\dwmapi.dll
0x00007ffc8d720000 - 0x00007ffc8d72d000 	C:\Program Files\Java\jdk\bin\sunmscapi.dll
0x00007ffc98180000 - 0x00007ffc98362000 	C:\WINDOWS\System32\CRYPT32.dll
0x00007ffc97580000 - 0x00007ffc97592000 	C:\WINDOWS\System32\MSASN1.dll
0x00007ffc97040000 - 0x00007ffc97066000 	C:\WINDOWS\SYSTEM32\ncrypt.dll
0x00007ffc97000000 - 0x00007ffc97036000 	C:\WINDOWS\SYSTEM32\NTASN1.dll
0x00007ffc8d6f0000 - 0x00007ffc8d717000 	C:\Program Files\Java\jdk\bin\sunec.dll
0x00007ffc96af0000 - 0x00007ffc96bae000 	C:\WINDOWS\SYSTEM32\DNSAPI.dll
0x00007ffc8d230000 - 0x00007ffc8d23a000 	C:\Windows\System32\rasadhlp.dll
0x00007ffc8d9b0000 - 0x00007ffc8da22000 	C:\WINDOWS\System32\fwpuclnt.dll
0x00007ffc96600000 - 0x00007ffc96631000 	C:\WINDOWS\SYSTEM32\ntmarta.dll

dbghelp: loaded successfully - version: 4.0.5 - missing functions: none
symbol engine: initialized successfully - sym options: 0x614 - pdb path: .;C:\Program Files\Java\jdk\bin;C:\WINDOWS\SYSTEM32;C:\WINDOWS\WinSxS\amd64_microsoft.windows.common-controls_6595b64144ccf1df_6.0.17134.556_none_fb439e4b3064774e;C:\Program Files\Java\jdk\bin\server;C:\Users\user\.gradle\native\30\windows-amd64

VM Arguments:
jvm_args: --add-opens=java.base/java.util=ALL-UNNAMED --add-opens=java.base/java.lang=ALL-UNNAMED --add-opens=java.base/java.lang.invoke=ALL-UNNAMED --add-opens=java.prefs/java.util.prefs=ALL-UNNAMED -XX:MaxMetaspaceSize=256m -XX:+HeapDumpOnOutOfMemoryError -Xms256m -Xmx512m -Dfile.encoding=windows-1252 -Duser.country=IN -Duser.language=en -Duser.variant 
java_command: org.gradle.launcher.daemon.bootstrap.GradleDaemon 6.0.1
java_class_path (initial): C:\Users\user\.gradle\wrapper\dists\gradle-6.0.1-all\99d3u8wxs16ndehh90lbbir67\gradle-6.0.1\lib\gradle-launcher-6.0.1.jar
Launcher Type: SUN_STANDARD

[Global flags]
     intx CICompilerCount                          = 3                                         {product} {ergonomic}
   size_t CompressedClassSpaceSize                 = 260046848                                 {product} {ergonomic}
     uint ConcGCThreads                            = 1                                         {product} {ergonomic}
     uint G1ConcRefinementThreads                  = 4                                         {product} {ergonomic}
   size_t G1HeapRegionSize                         = 1048576                                   {product} {ergonomic}
    uintx GCDrainStackTargetSize                   = 64                                        {product} {ergonomic}
     bool HeapDumpOnOutOfMemoryError               = true                                   {manageable} {command line}
   size_t InitialHeapSize                          = 268435456                                 {product} {command line}
   size_t MarkStackSize                            = 4194304                                   {product} {ergonomic}
   size_t MaxHeapSize                              = 536870912                                 {product} {command line}
   size_t MaxMetaspaceSize                         = 268435456                                 {product} {command line}
   size_t MaxNewSize                               = 321912832                                 {product} {ergonomic}
   size_t MinHeapDeltaBytes                        = 1048576                                   {product} {ergonomic}
    uintx NonNMethodCodeHeapSize                   = 5830092                                {pd product} {ergonomic}
    uintx NonProfiledCodeHeapSize                  = 122914074                              {pd product} {ergonomic}
    uintx ProfiledCodeHeapSize                     = 122914074                              {pd product} {ergonomic}
    uintx ReservedCodeCacheSize                    = 251658240                              {pd product} {ergonomic}
     bool SegmentedCodeCache                       = true                                      {product} {ergonomic}
     bool UseCompressedClassPointers               = true                                 {lp64_product} {ergonomic}
     bool UseCompressedOops                        = true                                 {lp64_product} {ergonomic}
     bool UseG1GC                                  = true                                      {product} {ergonomic}
     bool UseLargePagesIndividualAllocation        = false                                  {pd product} {ergonomic}

Logging:
Log output configuration:
 #0: stdout all=warning uptime,level,tags
 #1: stderr all=off uptime,level,tags

Environment Variables:
JAVA_HOME=C:\Program Files\Java\jdk
CLASSPATH=C:\Users\user\Desktop\reStartup\Covid\android\\gradle\wrapper\gradle-wrapper.jar
PATH=C:\Users\user\Desktop\reStartup\Covid\android\node_modules\.bin;C:\Users\user\Desktop\reStartup\Covid\node_modules\.bin;C:\Users\user\Desktop\reStartup\node_modules\.bin;C:\Users\user\Desktop\node_modules\.bin;C:\Users\user\node_modules\.bin;C:\Users\node_modules\.bin;C:\node_modules\.bin;C:\Program Files\nodejs;C:\WINDOWS\system32;C:\WINDOWS;C:\WINDOWS\system32\Wbem;C:\Python27\;C:\Python27\Scripts;C:\ProgramData\Oracle\Java\javapath;C:\Program Files\Java\jdk\bin;C:\WINDOWS\System32\WindowsPowerShell\v1.0\;C:\Program Files (x86)\AMD\ATI.ACE\Core-Static;C:\WINDOWS\System32\OpenSSH\;C:\Program Files (x86)\Python37-32;C:\Program Files (x86)\Python37-32\Scripts;F:\app\Microsoft VS Code\bin;C:\Program Files\Git\cmd;C:\Users\user\AppData\Local\Android\Sdk\platform-tools;C:\Program Files (x86)\Yarn\bin\;C:\Users\user\AppData\Roaming\nvm;C:\Program Files\nodejs;C:\ProgramData\chocolatey\bin;C:\Users\user\Anaconda3;C:\Users\user\Anaconda3\Library\mingw-w64\bin;C:\Users\user\Anaconda3\Library\usr\bin;C:\Users\user\Anaconda3\Library\bin;C:\Users\user\Anaconda3\Scripts;C:\Program Files\Java\jdk-12.0.2\bin;F:\UDEMY\flutter\bin;C:\Program Files\heroku\bin;C:\Users\user\AppData\Local\Yarn\bin;C:\Users\user\AppData\Roaming\npm;C:\Users\user\AppData\Roaming\nvm;C:\Program Files\nodejs
USERNAME=user
OS=Windows_NT
PROCESSOR_IDENTIFIER=Intel64 Family 6 Model 61 Stepping 4, GenuineIntel



---------------  S Y S T E M  ---------------

OS: Windows 10 , 64 bit Build 17134 (10.0.17134.556)

CPU:total 4 (initial active 4) (2 cores per cpu, 2 threads per core) family 6 model 61 stepping 4, cmov, cx8, fxsr, mmx, sse, sse2, sse3, ssse3, sse4.1, sse4.2, popcnt, avx, avx2, aes, clmul, erms, 3dnowpref, lzcnt, ht, tsc, tscinvbit, bmi1, bmi2, adx, fma

Memory: 4k page, system-wide physical 8106M (3166M free)
TotalPageFile size 14106M (AvailPageFile size 4M)
current process WorkingSet (physical memory assigned to process): 798M, peak: 816M
current process commit charge ("private bytes"): 893M, peak: 940M

vm_info: Java HotSpot(TM) 64-Bit Server VM (11+28) for windows-amd64 JRE (11+28), built on Aug 23 2018 03:03:59 by "mach5one" with MS VC++ 15.5 (VS2017)

END.
