#
# There is insufficient memory for the Java Runtime Environment to continue.
# Native memory allocation (malloc) failed to allocate 1722096 bytes for Chunk::new
# Possible reasons:
#   The system is out of physical RAM or swap space
#   The process is running with CompressedOops enabled, and the Java Heap may be blocking the growth of the native heap
# Possible solutions:
#   Reduce memory load on the system
#   Increase physical memory or swap space
#   Check if swap backing store is full
#   Decrease Java heap size (-Xmx/-Xms)
#   Decrease number of Java threads
#   Decrease Java thread stack sizes (-Xss)
#   Set larger code cache with -XX:ReservedCodeCacheSize=
#   JVM is running with Unscaled Compressed Oops mode in which the Java heap is
#     placed in the first 4GB address space. The Java Heap base address is the
#     maximum limit for the native heap growth. Please use -XX:HeapBaseMinAddress
#     to set the Java Heap base and to place the Java Heap above 4GB virtual address.
# This output file may be truncated or incomplete.
#
#  Out of Memory Error (t:/workspace/open/src/hotspot/share/memory/arena.cpp:197), pid=1544, tid=7712
#
# JRE version: Java(TM) SE Runtime Environment (11.0+28) (build 11+28)
# Java VM: Java HotSpot(TM) 64-Bit Server VM (11+28, mixed mode, tiered, compressed oops, g1 gc, windows-amd64)
# No core dump will be written. Minidumps are not enabled by default on client versions of Windows
#

---------------  S U M M A R Y ------------

Command Line: --add-opens=java.base/java.util=ALL-UNNAMED --add-opens=java.base/java.lang=ALL-UNNAMED --add-opens=java.base/java.lang.invoke=ALL-UNNAMED --add-opens=java.prefs/java.util.prefs=ALL-UNNAMED -XX:MaxMetaspaceSize=256m -XX:+HeapDumpOnOutOfMemoryError -Xms256m -Xmx512m -Dfile.encoding=windows-1252 -Duser.country=IN -Duser.language=en -Duser.variant org.gradle.launcher.daemon.bootstrap.GradleDaemon 6.0.1

Host: Intel(R) Core(TM) i3-5005U CPU @ 2.00GHz, 4 cores, 7G,  Windows 10 , 64 bit Build 17134 (10.0.17134.556)
Time: Wed Jul  1 11:58:05 2020 India Standard Time elapsed time: 50 seconds (0d 0h 0m 50s)

---------------  T H R E A D  ---------------

Current thread (0x000002e45fb06800):  JavaThread "C2 CompilerThread1" daemon [_thread_in_native, id=7712, stack(0x000000ec91900000,0x000000ec91a00000)]


Current CompileTask:
C2:  50904 8973       4       org.gradle.internal.operations.DefaultBuildOperationExecutor::execute (111 bytes)

Stack: [0x000000ec91900000,0x000000ec91a00000]
Native frames: (J=compiled Java code, j=interpreted, Vv=VM code, C=native code)
V  [jvm.dll+0x63c22a]
V  [jvm.dll+0x7797ef]
V  [jvm.dll+0x77adda]
V  [jvm.dll+0x77b493]
V  [jvm.dll+0x262818]
V  [jvm.dll+0xc5c71]
V  [jvm.dll+0xc61fc]
V  [jvm.dll+0x36f8e2]
V  [jvm.dll+0x33c6d3]
V  [jvm.dll+0x33baaa]
V  [jvm.dll+0x21c7e5]
V  [jvm.dll+0x21b98a]
V  [jvm.dll+0x198390]
V  [jvm.dll+0x22a99f]
V  [jvm.dll+0x228fb8]
V  [jvm.dll+0x73f04d]
V  [jvm.dll+0x63b2c2]
C  [ucrtbase.dll+0x1c4ce]
C  [KERNEL32.DLL+0x13dc4]
C  [ntdll.dll+0x73691]


---------------  P R O C E S S  ---------------

Threads class SMR info:
_java_thread_list=0x000002e4605afee0, length=36, elements={
0x000002e43cd74000, 0x000002e4597f2000, 0x000002e4597f4800, 0x000002e45a077800,
0x000002e45a078800, 0x000002e45a07a000, 0x000002e45a082000, 0x000002e45a08c000,
0x000002e45a1f3000, 0x000002e45a203800, 0x000002e45b314000, 0x000002e45b349000,
0x000002e45be13000, 0x000002e45a165000, 0x000002e45a2d1800, 0x000002e45c1bc000,
0x000002e45af37000, 0x000002e45a179800, 0x000002e45ba34800, 0x000002e45ba35800,
0x000002e45acc6000, 0x000002e45acc8800, 0x000002e45acc4800, 0x000002e45acc9800,
0x000002e45accb000, 0x000002e45acc7000, 0x000002e45acc7800, 0x000002e45fb08800,
0x000002e45fb04000, 0x000002e45fb03000, 0x000002e45fb05800, 0x000002e45fb07000,
0x000002e45fb09800, 0x000002e45fb06800, 0x000002e45fb08000, 0x000002e45fb04800
}

Java Threads: ( => current thread )
  0x000002e43cd74000 JavaThread "main" [_thread_blocked, id=1716, stack(0x000000ec8f800000,0x000000ec8f900000)]
  0x000002e4597f2000 JavaThread "Reference Handler" daemon [_thread_blocked, id=1388, stack(0x000000ec8ff00000,0x000000ec90000000)]
  0x000002e4597f4800 JavaThread "Finalizer" daemon [_thread_blocked, id=10540, stack(0x000000ec90000000,0x000000ec90100000)]
  0x000002e45a077800 JavaThread "Signal Dispatcher" daemon [_thread_blocked, id=11480, stack(0x000000ec90100000,0x000000ec90200000)]
  0x000002e45a078800 JavaThread "Attach Listener" daemon [_thread_blocked, id=5928, stack(0x000000ec90200000,0x000000ec90300000)]
  0x000002e45a07a000 JavaThread "C2 CompilerThread0" daemon [_thread_in_native, id=10204, stack(0x000000ec90300000,0x000000ec90400000)]
  0x000002e45a082000 JavaThread "C1 CompilerThread0" daemon [_thread_blocked, id=9740, stack(0x000000ec90400000,0x000000ec90500000)]
  0x000002e45a08c000 JavaThread "Sweeper thread" daemon [_thread_blocked, id=1036, stack(0x000000ec90500000,0x000000ec90600000)]
  0x000002e45a1f3000 JavaThread "Common-Cleaner" daemon [_thread_blocked, id=8152, stack(0x000000ec90600000,0x000000ec90700000)]
  0x000002e45a203800 JavaThread "Service Thread" daemon [_thread_blocked, id=8576, stack(0x000000ec90700000,0x000000ec90800000)]
  0x000002e45b314000 JavaThread "Daemon health stats" [_thread_blocked, id=12108, stack(0x000000ec90d00000,0x000000ec90e00000)]
  0x000002e45b349000 JavaThread "Incoming local TCP Connector on port 49440" [_thread_in_native, id=9728, stack(0x000000ec90c00000,0x000000ec90d00000)]
  0x000002e45be13000 JavaThread "Daemon periodic checks" [_thread_blocked, id=8812, stack(0x000000ec90e00000,0x000000ec90f00000)]
  0x000002e45a165000 JavaThread "Daemon" [_thread_blocked, id=6336, stack(0x000000ec90f00000,0x000000ec91000000)]
  0x000002e45a2d1800 JavaThread "Handler for socket connection from /127.0.0.1:49440 to /127.0.0.1:49441" [_thread_in_native, id=11072, stack(0x000000ec91000000,0x000000ec91100000)]
  0x000002e45c1bc000 JavaThread "Cancel handler" [_thread_blocked, id=7804, stack(0x000000ec91100000,0x000000ec91200000)]
  0x000002e45af37000 JavaThread "Daemon worker" [_thread_in_vm, id=1404, stack(0x000000ec91200000,0x000000ec91300000)]
  0x000002e45a179800 JavaThread "Asynchronous log dispatcher for DefaultDaemonConnection: socket connection from /127.0.0.1:49440 to /127.0.0.1:49441" [_thread_blocked, id=7600, stack(0x000000ec91300000,0x000000ec91400000)]
  0x000002e45ba34800 JavaThread "Stdin handler" [_thread_blocked, id=1660, stack(0x000000ec91400000,0x000000ec91500000)]
  0x000002e45ba35800 JavaThread "Thread-8" [_thread_blocked, id=7648, stack(0x000000ec91500000,0x000000ec91600000)]
  0x000002e45acc6000 JavaThread "Cache worker for file hash cache (C:\Users\user\.gradle\caches\6.0.1\fileHashes)" [_thread_blocked, id=9892, stack(0x000000ec91600000,0x000000ec91700000)]
  0x000002e45acc8800 JavaThread "File lock request listener" [_thread_in_native, id=9344, stack(0x000000ec91700000,0x000000ec91800000)]
  0x000002e45acc4800 JavaThread "Cache worker for journal cache (C:\Users\user\.gradle\caches\journal-1)" [_thread_blocked, id=7636, stack(0x000000ec91800000,0x000000ec91900000)]
  0x000002e45acc9800 JavaThread "Cache worker for file hash cache (C:\Users\user\Desktop\reStartup\Covid19_Tracker\android\.gradle\6.0.1\fileHashes)" [_thread_blocked, id=11172, stack(0x000000ec91a00000,0x000000ec91b00000)]
  0x000002e45accb000 JavaThread "Cache worker for cache directory md-supplier (C:\Users\user\.gradle\caches\6.0.1\md-supplier)" [_thread_blocked, id=9708, stack(0x000000ec91b00000,0x000000ec91c00000)]
  0x000002e45acc7000 JavaThread "Cache worker for cache directory md-rule (C:\Users\user\.gradle\caches\6.0.1\md-rule)" [_thread_blocked, id=2316, stack(0x000000ec91c00000,0x000000ec91d00000)]
  0x000002e45acc7800 JavaThread "Cache worker for execution history cache (C:\Users\user\.gradle\caches\6.0.1\executionHistory)" [_thread_blocked, id=1948, stack(0x000000ec91d00000,0x000000ec91e00000)]
  0x000002e45fb08800 JavaThread "Build operations" [_thread_blocked, id=8548, stack(0x000000ec91e00000,0x000000ec91f00000)]
  0x000002e45fb04000 JavaThread "Build operations Thread 2" [_thread_blocked, id=7408, stack(0x000000ec91f00000,0x000000ec92000000)]
  0x000002e45fb03000 JavaThread "Build operations Thread 3" [_thread_blocked, id=3264, stack(0x000000ec92000000,0x000000ec92100000)]
  0x000002e45fb05800 JavaThread "Build operations Thread 4" [_thread_blocked, id=10792, stack(0x000000ec92100000,0x000000ec92200000)]
  0x000002e45fb07000 JavaThread "Cache worker for Build Output Cleanup Cache (C:\Users\user\Desktop\reStartup\Covid19_Tracker\android\.gradle\buildOutputCleanup)" [_thread_blocked, id=8592, stack(0x000000ec92200000,0x000000ec92300000)]
  0x000002e45fb09800 JavaThread "Memory manager" [_thread_blocked, id=8984, stack(0x000000ec92400000,0x000000ec92500000)]
=>0x000002e45fb06800 JavaThread "C2 CompilerThread1" daemon [_thread_in_native, id=7712, stack(0x000000ec91900000,0x000000ec91a00000)]
  0x000002e45fb08000 JavaThread "Cache worker for file content cache (C:\Users\user\.gradle\caches\6.0.1\fileContent)" [_thread_blocked, id=5576, stack(0x000000ec92700000,0x000000ec92800000)]
  0x000002e45fb04800 JavaThread "Cache worker for file content cache (C:\Users\user\Desktop\reStartup\Covid19_Tracker\android\.gradle\6.0.1\fileContent)" [_thread_blocked, id=9980, stack(0x000000ec92800000,0x000000ec92900000)]

Other Threads:
  0x000002e4597ed000 VMThread "VM Thread" [stack: 0x000000ec8fe00000,0x000000ec8ff00000] [id=12228]
  0x000002e45a205800 WatcherThread [stack: 0x000000ec90800000,0x000000ec90900000] [id=2356]
  0x000002e43cd8a000 GCTaskThread "GC Thread#0" [stack: 0x000000ec8f900000,0x000000ec8fa00000] [id=11000]
  0x000002e45a8fc800 GCTaskThread "GC Thread#1" [stack: 0x000000ec90900000,0x000000ec90a00000] [id=10312]
  0x000002e45a8ff000 GCTaskThread "GC Thread#2" [stack: 0x000000ec90a00000,0x000000ec90b00000] [id=7192]
  0x000002e45a8ff800 GCTaskThread "GC Thread#3" [stack: 0x000000ec90b00000,0x000000ec90c00000] [id=10548]
  0x000002e43cd9d800 ConcurrentGCThread "G1 Main Marker" [stack: 0x000000ec8fa00000,0x000000ec8fb00000] [id=2228]
  0x000002e43cd9f800 ConcurrentGCThread "G1 Conc#0" [stack: 0x000000ec8fb00000,0x000000ec8fc00000] [id=4012]
  0x000002e43ce4e800 ConcurrentGCThread "G1 Refine#0" [stack: 0x000000ec8fc00000,0x000000ec8fd00000] [id=1652]
  0x000002e45fec3000 ConcurrentGCThread "G1 Refine#1" [stack: 0x000000ec92300000,0x000000ec92400000] [id=7604]
  0x000002e459690800 ConcurrentGCThread "G1 Young RemSet Sampling" [stack: 0x000000ec8fd00000,0x000000ec8fe00000] [id=5256]

Threads with active compile tasks:
C2 CompilerThread09097       4       org.gradle.api.internal.artifacts.configurations.Configurations::collectCapabilities (73 bytes)
C2 CompilerThread18973       4       org.gradle.internal.operations.DefaultBuildOperationExecutor::execute (111 bytes)

VM state:not at safepoint (normal execution)

VM Mutex/Monitor currently owned by a thread: None

Heap address: 0x00000000e0000000, size: 512 MB, Compressed Oops mode: 32-bit
Narrow klass base: 0x0000000000000000, Narrow klass shift: 3
Compressed class space size: 260046848 Address: 0x0000000100000000

Heap:
 garbage-first heap   total 262144K, used 102836K [0x00000000e0000000, 0x0000000100000000)
  region size 1024K, 35 young (35840K), 10 survivors (10240K)
 Metaspace       used 72873K, capacity 75494K, committed 75648K, reserved 319488K
  class space    used 9362K, capacity 10312K, committed 10368K, reserved 253952K
Heap Regions: E=young(eden), S=young(survivor), O=old, HS=humongous(starts), HC=humongous(continues), CS=collection set, F=free, A=archive, TAMS=top-at-mark-start (previous, next)
|   0|0x00000000e0000000, 0x00000000e0100000, 0x00000000e0100000|100%| O|  |TAMS 0x00000000e0100000, 0x00000000e0000000| Untracked 
|   1|0x00000000e0100000, 0x00000000e0200000, 0x00000000e0200000|100%| O|  |TAMS 0x00000000e0200000, 0x00000000e0100000| Untracked 
|   2|0x00000000e0200000, 0x00000000e0300000, 0x00000000e0300000|100%| O|  |TAMS 0x00000000e0300000, 0x00000000e0200000| Untracked 
|   3|0x00000000e0300000, 0x00000000e0400000, 0x00000000e0400000|100%|HS|  |TAMS 0x00000000e0400000, 0x00000000e0300000| Complete 
|   4|0x00000000e0400000, 0x00000000e0500000, 0x00000000e0500000|100%|HC|  |TAMS 0x00000000e0500000, 0x00000000e0400000| Complete 
|   5|0x00000000e0500000, 0x00000000e0600000, 0x00000000e0600000|100%|HC|  |TAMS 0x00000000e0600000, 0x00000000e0500000| Complete 
|   6|0x00000000e0600000, 0x00000000e0700000, 0x00000000e0700000|100%| O|  |TAMS 0x00000000e0700000, 0x00000000e0600000| Untracked 
|   7|0x00000000e0700000, 0x00000000e0800000, 0x00000000e0800000|100%| O|  |TAMS 0x00000000e0800000, 0x00000000e0700000| Untracked 
|   8|0x00000000e0800000, 0x00000000e0900000, 0x00000000e0900000|100%| O|  |TAMS 0x00000000e0900000, 0x00000000e0800000| Untracked 
|   9|0x00000000e0900000, 0x00000000e0a00000, 0x00000000e0a00000|100%| O|  |TAMS 0x00000000e0a00000, 0x00000000e0900000| Untracked 
|  10|0x00000000e0a00000, 0x00000000e0b00000, 0x00000000e0b00000|100%| O|  |TAMS 0x00000000e0b00000, 0x00000000e0a00000| Untracked 
|  11|0x00000000e0b00000, 0x00000000e0c00000, 0x00000000e0c00000|100%| O|  |TAMS 0x00000000e0c00000, 0x00000000e0b00000| Untracked 
|  12|0x00000000e0c00000, 0x00000000e0d00000, 0x00000000e0d00000|100%| O|  |TAMS 0x00000000e0d00000, 0x00000000e0c00000| Untracked 
|  13|0x00000000e0d00000, 0x00000000e0e00000, 0x00000000e0e00000|100%| O|  |TAMS 0x00000000e0e00000, 0x00000000e0d00000| Untracked 
|  14|0x00000000e0e00000, 0x00000000e0f00000, 0x00000000e0f00000|100%| O|  |TAMS 0x00000000e0f00000, 0x00000000e0e00000| Untracked 
|  15|0x00000000e0f00000, 0x00000000e1000000, 0x00000000e1000000|100%| O|  |TAMS 0x00000000e1000000, 0x00000000e0f00000| Untracked 
|  16|0x00000000e1000000, 0x00000000e1100000, 0x00000000e1100000|100%|HS|  |TAMS 0x00000000e1100000, 0x00000000e1000000| Complete 
|  17|0x00000000e1100000, 0x00000000e1200000, 0x00000000e1200000|100%|HC|  |TAMS 0x00000000e1200000, 0x00000000e1100000| Complete 
|  18|0x00000000e1200000, 0x00000000e1300000, 0x00000000e1300000|100%| O|  |TAMS 0x00000000e1300000, 0x00000000e1200000| Untracked 
|  19|0x00000000e1300000, 0x00000000e1400000, 0x00000000e1400000|100%| O|  |TAMS 0x00000000e1400000, 0x00000000e1300000| Untracked 
|  20|0x00000000e1400000, 0x00000000e1500000, 0x00000000e1500000|100%| O|  |TAMS 0x00000000e1500000, 0x00000000e1400000| Untracked 
|  21|0x00000000e1500000, 0x00000000e1600000, 0x00000000e1600000|100%| O|  |TAMS 0x00000000e1600000, 0x00000000e1500000| Untracked 
|  22|0x00000000e1600000, 0x00000000e1700000, 0x00000000e1700000|100%| O|  |TAMS 0x00000000e1700000, 0x00000000e1600000| Untracked 
|  23|0x00000000e1700000, 0x00000000e1800000, 0x00000000e1800000|100%| O|  |TAMS 0x00000000e1800000, 0x00000000e1700000| Untracked 
|  24|0x00000000e1800000, 0x00000000e1900000, 0x00000000e1900000|100%| O|  |TAMS 0x00000000e1900000, 0x00000000e1800000| Untracked 
|  25|0x00000000e1900000, 0x00000000e1a00000, 0x00000000e1a00000|100%| O|  |TAMS 0x00000000e1a00000, 0x00000000e1900000| Untracked 
|  26|0x00000000e1a00000, 0x00000000e1b00000, 0x00000000e1b00000|100%| O|  |TAMS 0x00000000e1b00000, 0x00000000e1a00000| Untracked 
|  27|0x00000000e1b00000, 0x00000000e1c00000, 0x00000000e1c00000|100%| O|  |TAMS 0x00000000e1c00000, 0x00000000e1b00000| Untracked 
|  28|0x00000000e1c00000, 0x00000000e1d00000, 0x00000000e1d00000|100%| O|  |TAMS 0x00000000e1d00000, 0x00000000e1c00000| Untracked 
|  29|0x00000000e1d00000, 0x00000000e1e00000, 0x00000000e1e00000|100%| O|  |TAMS 0x00000000e1e00000, 0x00000000e1d00000| Untracked 
|  30|0x00000000e1e00000, 0x00000000e1f00000, 0x00000000e1f00000|100%| O|  |TAMS 0x00000000e1f00000, 0x00000000e1e00000| Untracked 
|  31|0x00000000e1f00000, 0x00000000e2000000, 0x00000000e2000000|100%| O|  |TAMS 0x00000000e2000000, 0x00000000e1f00000| Untracked 
|  32|0x00000000e2000000, 0x00000000e2100000, 0x00000000e2100000|100%| O|  |TAMS 0x00000000e2100000, 0x00000000e2000000| Untracked 
|  33|0x00000000e2100000, 0x00000000e2200000, 0x00000000e2200000|100%| O|  |TAMS 0x00000000e2200000, 0x00000000e2100000| Untracked 
|  34|0x00000000e2200000, 0x00000000e2300000, 0x00000000e2300000|100%| O|  |TAMS 0x00000000e2300000, 0x00000000e2200000| Untracked 
|  35|0x00000000e2300000, 0x00000000e2400000, 0x00000000e2400000|100%| O|  |TAMS 0x00000000e2400000, 0x00000000e2300000| Untracked 
|  36|0x00000000e2400000, 0x00000000e2500000, 0x00000000e2500000|100%| O|  |TAMS 0x00000000e2500000, 0x00000000e2400000| Untracked 
|  37|0x00000000e2500000, 0x00000000e2600000, 0x00000000e2600000|100%| O|  |TAMS 0x00000000e2600000, 0x00000000e2500000| Untracked 
|  38|0x00000000e2600000, 0x00000000e2700000, 0x00000000e2700000|100%| O|  |TAMS 0x00000000e2700000, 0x00000000e2600000| Untracked 
|  39|0x00000000e2700000, 0x00000000e2800000, 0x00000000e2800000|100%| O|  |TAMS 0x00000000e2746200, 0x00000000e2700000| Untracked 
|  40|0x00000000e2800000, 0x00000000e2900000, 0x00000000e2900000|100%|HS|  |TAMS 0x00000000e2800000, 0x00000000e2800000| Complete 
|  41|0x00000000e2900000, 0x00000000e2a00000, 0x00000000e2a00000|100%|HC|  |TAMS 0x00000000e2900000, 0x00000000e2900000| Complete 
|  42|0x00000000e2a00000, 0x00000000e2b00000, 0x00000000e2b00000|100%|HC|  |TAMS 0x00000000e2a00000, 0x00000000e2a00000| Complete 
|  43|0x00000000e2b00000, 0x00000000e2c00000, 0x00000000e2c00000|100%| O|  |TAMS 0x00000000e2b00000, 0x00000000e2b00000| Untracked 
|  44|0x00000000e2c00000, 0x00000000e2d00000, 0x00000000e2d00000|100%| O|  |TAMS 0x00000000e2c00000, 0x00000000e2c00000| Untracked 
|  45|0x00000000e2d00000, 0x00000000e2e00000, 0x00000000e2e00000|100%| O|  |TAMS 0x00000000e2d00000, 0x00000000e2d00000| Untracked 
|  46|0x00000000e2e00000, 0x00000000e2f00000, 0x00000000e2f00000|100%| O|  |TAMS 0x00000000e2e00000, 0x00000000e2e00000| Untracked 
|  47|0x00000000e2f00000, 0x00000000e3000000, 0x00000000e3000000|100%| O|  |TAMS 0x00000000e2f00000, 0x00000000e2f00000| Untracked 
|  48|0x00000000e3000000, 0x00000000e3100000, 0x00000000e3100000|100%| O|  |TAMS 0x00000000e3000000, 0x00000000e3000000| Untracked 
|  49|0x00000000e3100000, 0x00000000e3200000, 0x00000000e3200000|100%| O|  |TAMS 0x00000000e3100000, 0x00000000e3100000| Untracked 
|  50|0x00000000e3200000, 0x00000000e3300000, 0x00000000e3300000|100%| O|  |TAMS 0x00000000e3200000, 0x00000000e3200000| Untracked 
|  51|0x00000000e3300000, 0x00000000e3400000, 0x00000000e3400000|100%| O|  |TAMS 0x00000000e3300000, 0x00000000e3300000| Untracked 
|  52|0x00000000e3400000, 0x00000000e3500000, 0x00000000e3500000|100%| O|  |TAMS 0x00000000e3400000, 0x00000000e3400000| Untracked 
|  53|0x00000000e3500000, 0x00000000e3600000, 0x00000000e3600000|100%| O|  |TAMS 0x00000000e3500000, 0x00000000e3500000| Untracked 
|  54|0x00000000e3600000, 0x00000000e3700000, 0x00000000e3700000|100%| O|  |TAMS 0x00000000e3600000, 0x00000000e3600000| Untracked 
|  55|0x00000000e3700000, 0x00000000e3800000, 0x00000000e3800000|100%| O|  |TAMS 0x00000000e3700000, 0x00000000e3700000| Untracked 
|  56|0x00000000e3800000, 0x00000000e3900000, 0x00000000e3900000|100%| O|  |TAMS 0x00000000e3800000, 0x00000000e3800000| Untracked 
|  57|0x00000000e3900000, 0x00000000e3a00000, 0x00000000e3a00000|100%| O|  |TAMS 0x00000000e3900000, 0x00000000e3900000| Untracked 
|  58|0x00000000e3a00000, 0x00000000e3b00000, 0x00000000e3b00000|100%| O|  |TAMS 0x00000000e3a00000, 0x00000000e3a00000| Untracked 
|  59|0x00000000e3b00000, 0x00000000e3c00000, 0x00000000e3c00000|100%| O|  |TAMS 0x00000000e3b00000, 0x00000000e3b00000| Untracked 
|  60|0x00000000e3c00000, 0x00000000e3d00000, 0x00000000e3d00000|100%| O|  |TAMS 0x00000000e3c00000, 0x00000000e3c00000| Untracked 
|  61|0x00000000e3d00000, 0x00000000e3e00000, 0x00000000e3e00000|100%| O|  |TAMS 0x00000000e3d00000, 0x00000000e3d00000| Untracked 
|  62|0x00000000e3e00000, 0x00000000e3f00000, 0x00000000e3f00000|100%| O|  |TAMS 0x00000000e3e00000, 0x00000000e3e00000| Untracked 
|  63|0x00000000e3f00000, 0x00000000e4000000, 0x00000000e4000000|100%| O|  |TAMS 0x00000000e3f00000, 0x00000000e3f00000| Untracked 
|  64|0x00000000e4000000, 0x00000000e4100000, 0x00000000e4100000|100%| O|  |TAMS 0x00000000e4000000, 0x00000000e4000000| Untracked 
|  65|0x00000000e4100000, 0x00000000e4200000, 0x00000000e4200000|100%| O|  |TAMS 0x00000000e4100000, 0x00000000e4100000| Untracked 
|  66|0x00000000e4200000, 0x00000000e426d200, 0x00000000e4300000| 42%| O|  |TAMS 0x00000000e4200000, 0x00000000e4200000| Untracked 
|  67|0x00000000e4300000, 0x00000000e4300000, 0x00000000e4400000|  0%| F|  |TAMS 0x00000000e4300000, 0x00000000e4300000| Untracked 
|  68|0x00000000e4400000, 0x00000000e4400000, 0x00000000e4500000|  0%| F|  |TAMS 0x00000000e4400000, 0x00000000e4400000| Untracked 
|  69|0x00000000e4500000, 0x00000000e4500000, 0x00000000e4600000|  0%| F|  |TAMS 0x00000000e4500000, 0x00000000e4500000| Untracked 
|  70|0x00000000e4600000, 0x00000000e4600000, 0x00000000e4700000|  0%| F|  |TAMS 0x00000000e4600000, 0x00000000e4600000| Untracked 
|  71|0x00000000e4700000, 0x00000000e4700000, 0x00000000e4800000|  0%| F|  |TAMS 0x00000000e4700000, 0x00000000e4700000| Untracked 
|  72|0x00000000e4800000, 0x00000000e4800000, 0x00000000e4900000|  0%| F|  |TAMS 0x00000000e4800000, 0x00000000e4800000| Untracked 
|  73|0x00000000e4900000, 0x00000000e4900000, 0x00000000e4a00000|  0%| F|  |TAMS 0x00000000e4900000, 0x00000000e4900000| Untracked 
|  74|0x00000000e4a00000, 0x00000000e4a00000, 0x00000000e4b00000|  0%| F|  |TAMS 0x00000000e4a00000, 0x00000000e4a00000| Untracked 
|  75|0x00000000e4b00000, 0x00000000e4b00000, 0x00000000e4c00000|  0%| F|  |TAMS 0x00000000e4b00000, 0x00000000e4b00000| Untracked 
|  76|0x00000000e4c00000, 0x00000000e4c00000, 0x00000000e4d00000|  0%| F|  |TAMS 0x00000000e4c00000, 0x00000000e4c00000| Untracked 
|  77|0x00000000e4d00000, 0x00000000e4d00000, 0x00000000e4e00000|  0%| F|  |TAMS 0x00000000e4d00000, 0x00000000e4d00000| Untracked 
|  78|0x00000000e4e00000, 0x00000000e4e00000, 0x00000000e4f00000|  0%| F|  |TAMS 0x00000000e4e00000, 0x00000000e4e00000| Untracked 
|  79|0x00000000e4f00000, 0x00000000e4f00000, 0x00000000e5000000|  0%| F|  |TAMS 0x00000000e4f00000, 0x00000000e4f00000| Untracked 
|  80|0x00000000e5000000, 0x00000000e5000000, 0x00000000e5100000|  0%| F|  |TAMS 0x00000000e5000000, 0x00000000e5000000| Untracked 
|  81|0x00000000e5100000, 0x00000000e5100000, 0x00000000e5200000|  0%| F|  |TAMS 0x00000000e5100000, 0x00000000e5100000| Untracked 
|  82|0x00000000e5200000, 0x00000000e5200000, 0x00000000e5300000|  0%| F|  |TAMS 0x00000000e5200000, 0x00000000e5200000| Untracked 
|  83|0x00000000e5300000, 0x00000000e5300000, 0x00000000e5400000|  0%| F|  |TAMS 0x00000000e5300000, 0x00000000e5300000| Untracked 
|  84|0x00000000e5400000, 0x00000000e5400000, 0x00000000e5500000|  0%| F|  |TAMS 0x00000000e5400000, 0x00000000e5400000| Untracked 
|  85|0x00000000e5500000, 0x00000000e5500000, 0x00000000e5600000|  0%| F|  |TAMS 0x00000000e5500000, 0x00000000e5500000| Untracked 
|  86|0x00000000e5600000, 0x00000000e5600000, 0x00000000e5700000|  0%| F|  |TAMS 0x00000000e5600000, 0x00000000e5600000| Untracked 
|  87|0x00000000e5700000, 0x00000000e5700000, 0x00000000e5800000|  0%| F|  |TAMS 0x00000000e5700000, 0x00000000e5700000| Untracked 
|  88|0x00000000e5800000, 0x00000000e5800000, 0x00000000e5900000|  0%| F|  |TAMS 0x00000000e5800000, 0x00000000e5800000| Untracked 
|  89|0x00000000e5900000, 0x00000000e5900000, 0x00000000e5a00000|  0%| F|  |TAMS 0x00000000e5900000, 0x00000000e5900000| Untracked 
|  90|0x00000000e5a00000, 0x00000000e5a00000, 0x00000000e5b00000|  0%| F|  |TAMS 0x00000000e5a00000, 0x00000000e5a00000| Untracked 
|  91|0x00000000e5b00000, 0x00000000e5b00000, 0x00000000e5c00000|  0%| F|  |TAMS 0x00000000e5b00000, 0x00000000e5b00000| Untracked 
|  92|0x00000000e5c00000, 0x00000000e5c00000, 0x00000000e5d00000|  0%| F|  |TAMS 0x00000000e5c00000, 0x00000000e5c00000| Untracked 
|  93|0x00000000e5d00000, 0x00000000e5d00000, 0x00000000e5e00000|  0%| F|  |TAMS 0x00000000e5d00000, 0x00000000e5d00000| Untracked 
|  94|0x00000000e5e00000, 0x00000000e5e00000, 0x00000000e5f00000|  0%| F|  |TAMS 0x00000000e5e00000, 0x00000000e5e00000| Untracked 
|  95|0x00000000e5f00000, 0x00000000e5f00000, 0x00000000e6000000|  0%| F|  |TAMS 0x00000000e5f00000, 0x00000000e5f00000| Untracked 
|  96|0x00000000e6000000, 0x00000000e6000000, 0x00000000e6100000|  0%| F|  |TAMS 0x00000000e6000000, 0x00000000e6000000| Untracked 
|  97|0x00000000e6100000, 0x00000000e6100000, 0x00000000e6200000|  0%| F|  |TAMS 0x00000000e6100000, 0x00000000e6100000| Untracked 
|  98|0x00000000e6200000, 0x00000000e6200000, 0x00000000e6300000|  0%| F|  |TAMS 0x00000000e6200000, 0x00000000e6200000| Untracked 
|  99|0x00000000e6300000, 0x00000000e6300000, 0x00000000e6400000|  0%| F|  |TAMS 0x00000000e6300000, 0x00000000e6300000| Untracked 
| 100|0x00000000e6400000, 0x00000000e6400000, 0x00000000e6500000|  0%| F|  |TAMS 0x00000000e6400000, 0x00000000e6400000| Untracked 
| 101|0x00000000e6500000, 0x00000000e6500000, 0x00000000e6600000|  0%| F|  |TAMS 0x00000000e6500000, 0x00000000e6500000| Untracked 
| 102|0x00000000e6600000, 0x00000000e6600000, 0x00000000e6700000|  0%| F|  |TAMS 0x00000000e6600000, 0x00000000e6600000| Untracked 
| 103|0x00000000e6700000, 0x00000000e6700000, 0x00000000e6800000|  0%| F|  |TAMS 0x00000000e6700000, 0x00000000e6700000| Untracked 
| 104|0x00000000e6800000, 0x00000000e6800000, 0x00000000e6900000|  0%| F|  |TAMS 0x00000000e6800000, 0x00000000e6800000| Untracked 
| 105|0x00000000e6900000, 0x00000000e6900000, 0x00000000e6a00000|  0%| F|  |TAMS 0x00000000e6900000, 0x00000000e6900000| Untracked 
| 106|0x00000000e6a00000, 0x00000000e6a00000, 0x00000000e6b00000|  0%| F|  |TAMS 0x00000000e6a00000, 0x00000000e6a00000| Untracked 
| 107|0x00000000e6b00000, 0x00000000e6b00000, 0x00000000e6c00000|  0%| F|  |TAMS 0x00000000e6b00000, 0x00000000e6b00000| Untracked 
| 108|0x00000000e6c00000, 0x00000000e6c00000, 0x00000000e6d00000|  0%| F|  |TAMS 0x00000000e6c00000, 0x00000000e6c00000| Untracked 
| 109|0x00000000e6d00000, 0x00000000e6d00000, 0x00000000e6e00000|  0%| F|  |TAMS 0x00000000e6d00000, 0x00000000e6d00000| Untracked 
| 110|0x00000000e6e00000, 0x00000000e6e00000, 0x00000000e6f00000|  0%| F|  |TAMS 0x00000000e6e00000, 0x00000000e6e00000| Untracked 
| 111|0x00000000e6f00000, 0x00000000e6f00000, 0x00000000e7000000|  0%| F|  |TAMS 0x00000000e6f00000, 0x00000000e6f00000| Untracked 
| 112|0x00000000e7000000, 0x00000000e7000000, 0x00000000e7100000|  0%| F|  |TAMS 0x00000000e7000000, 0x00000000e7000000| Untracked 
| 113|0x00000000e7100000, 0x00000000e7100000, 0x00000000e7200000|  0%| F|  |TAMS 0x00000000e7100000, 0x00000000e7100000| Untracked 
| 114|0x00000000e7200000, 0x00000000e7200000, 0x00000000e7300000|  0%| F|  |TAMS 0x00000000e7200000, 0x00000000e7200000| Untracked 
| 115|0x00000000e7300000, 0x00000000e7300000, 0x00000000e7400000|  0%| F|  |TAMS 0x00000000e7300000, 0x00000000e7300000| Untracked 
| 116|0x00000000e7400000, 0x00000000e7400000, 0x00000000e7500000|  0%| F|  |TAMS 0x00000000e7400000, 0x00000000e7400000| Untracked 
| 117|0x00000000e7500000, 0x00000000e7500000, 0x00000000e7600000|  0%| F|  |TAMS 0x00000000e7500000, 0x00000000e7500000| Untracked 
| 118|0x00000000e7600000, 0x00000000e7600000, 0x00000000e7700000|  0%| F|  |TAMS 0x00000000e7600000, 0x00000000e7600000| Untracked 
| 119|0x00000000e7700000, 0x00000000e7700000, 0x00000000e7800000|  0%| F|  |TAMS 0x00000000e7700000, 0x00000000e7700000| Untracked 
| 120|0x00000000e7800000, 0x00000000e7800000, 0x00000000e7900000|  0%| F|  |TAMS 0x00000000e7800000, 0x00000000e7800000| Untracked 
| 121|0x00000000e7900000, 0x00000000e7900000, 0x00000000e7a00000|  0%| F|  |TAMS 0x00000000e7900000, 0x00000000e7900000| Untracked 
| 122|0x00000000e7a00000, 0x00000000e7a00000, 0x00000000e7b00000|  0%| F|  |TAMS 0x00000000e7a00000, 0x00000000e7a00000| Untracked 
| 123|0x00000000e7b00000, 0x00000000e7b00000, 0x00000000e7c00000|  0%| F|  |TAMS 0x00000000e7b00000, 0x00000000e7b00000| Untracked 
| 124|0x00000000e7c00000, 0x00000000e7c00000, 0x00000000e7d00000|  0%| F|  |TAMS 0x00000000e7c00000, 0x00000000e7c00000| Untracked 
| 125|0x00000000e7d00000, 0x00000000e7d00000, 0x00000000e7e00000|  0%| F|  |TAMS 0x00000000e7d00000, 0x00000000e7d00000| Untracked 
| 126|0x00000000e7e00000, 0x00000000e7e00000, 0x00000000e7f00000|  0%| F|  |TAMS 0x00000000e7e00000, 0x00000000e7e00000| Untracked 
| 127|0x00000000e7f00000, 0x00000000e7f00000, 0x00000000e8000000|  0%| F|  |TAMS 0x00000000e7f00000, 0x00000000e7f00000| Untracked 
| 128|0x00000000e8000000, 0x00000000e8000000, 0x00000000e8100000|  0%| F|  |TAMS 0x00000000e8000000, 0x00000000e8000000| Untracked 
| 129|0x00000000e8100000, 0x00000000e8100000, 0x00000000e8200000|  0%| F|  |TAMS 0x00000000e8100000, 0x00000000e8100000| Untracked 
| 130|0x00000000e8200000, 0x00000000e8200000, 0x00000000e8300000|  0%| F|  |TAMS 0x00000000e8200000, 0x00000000e8200000| Untracked 
| 131|0x00000000e8300000, 0x00000000e8300000, 0x00000000e8400000|  0%| F|  |TAMS 0x00000000e8300000, 0x00000000e8300000| Untracked 
| 132|0x00000000e8400000, 0x00000000e8400000, 0x00000000e8500000|  0%| F|  |TAMS 0x00000000e8400000, 0x00000000e8400000| Untracked 
| 133|0x00000000e8500000, 0x00000000e8500000, 0x00000000e8600000|  0%| F|  |TAMS 0x00000000e8500000, 0x00000000e8500000| Untracked 
| 134|0x00000000e8600000, 0x00000000e8600000, 0x00000000e8700000|  0%| F|  |TAMS 0x00000000e8600000, 0x00000000e8600000| Untracked 
| 135|0x00000000e8700000, 0x00000000e8700000, 0x00000000e8800000|  0%| F|  |TAMS 0x00000000e8700000, 0x00000000e8700000| Untracked 
| 136|0x00000000e8800000, 0x00000000e8800000, 0x00000000e8900000|  0%| F|  |TAMS 0x00000000e8800000, 0x00000000e8800000| Untracked 
| 137|0x00000000e8900000, 0x00000000e8900000, 0x00000000e8a00000|  0%| F|  |TAMS 0x00000000e8900000, 0x00000000e8900000| Untracked 
| 138|0x00000000e8a00000, 0x00000000e8a00000, 0x00000000e8b00000|  0%| F|  |TAMS 0x00000000e8a00000, 0x00000000e8a00000| Untracked 
| 139|0x00000000e8b00000, 0x00000000e8b00000, 0x00000000e8c00000|  0%| F|  |TAMS 0x00000000e8b00000, 0x00000000e8b00000| Untracked 
| 140|0x00000000e8c00000, 0x00000000e8c00000, 0x00000000e8d00000|  0%| F|  |TAMS 0x00000000e8c00000, 0x00000000e8c00000| Untracked 
| 141|0x00000000e8d00000, 0x00000000e8d00000, 0x00000000e8e00000|  0%| F|  |TAMS 0x00000000e8d00000, 0x00000000e8d00000| Untracked 
| 142|0x00000000e8e00000, 0x00000000e8e00000, 0x00000000e8f00000|  0%| F|  |TAMS 0x00000000e8e00000, 0x00000000e8e00000| Untracked 
| 143|0x00000000e8f00000, 0x00000000e8f00000, 0x00000000e9000000|  0%| F|  |TAMS 0x00000000e8f00000, 0x00000000e8f00000| Untracked 
| 144|0x00000000e9000000, 0x00000000e9000000, 0x00000000e9100000|  0%| F|  |TAMS 0x00000000e9000000, 0x00000000e9000000| Untracked 
| 145|0x00000000e9100000, 0x00000000e9100000, 0x00000000e9200000|  0%| F|  |TAMS 0x00000000e9100000, 0x00000000e9100000| Untracked 
| 146|0x00000000e9200000, 0x00000000e9200000, 0x00000000e9300000|  0%| F|  |TAMS 0x00000000e9200000, 0x00000000e9200000| Untracked 
| 147|0x00000000e9300000, 0x00000000e9300000, 0x00000000e9400000|  0%| F|  |TAMS 0x00000000e9300000, 0x00000000e9300000| Untracked 
| 148|0x00000000e9400000, 0x00000000e9400000, 0x00000000e9500000|  0%| F|  |TAMS 0x00000000e9400000, 0x00000000e9400000| Untracked 
| 149|0x00000000e9500000, 0x00000000e9500000, 0x00000000e9600000|  0%| F|  |TAMS 0x00000000e9500000, 0x00000000e9500000| Untracked 
| 150|0x00000000e9600000, 0x00000000e9600000, 0x00000000e9700000|  0%| F|  |TAMS 0x00000000e9600000, 0x00000000e9600000| Untracked 
| 151|0x00000000e9700000, 0x00000000e9700000, 0x00000000e9800000|  0%| F|  |TAMS 0x00000000e9700000, 0x00000000e9700000| Untracked 
| 152|0x00000000e9800000, 0x00000000e9900000, 0x00000000e9900000|100%| S|CS|TAMS 0x00000000e9800000, 0x00000000e9800000| Complete 
| 153|0x00000000e9900000, 0x00000000e9a00000, 0x00000000e9a00000|100%| S|CS|TAMS 0x00000000e9900000, 0x00000000e9900000| Complete 
| 154|0x00000000e9a00000, 0x00000000e9a00000, 0x00000000e9b00000|  0%| F|  |TAMS 0x00000000e9a00000, 0x00000000e9a00000| Untracked 
| 155|0x00000000e9b00000, 0x00000000e9b00000, 0x00000000e9c00000|  0%| F|  |TAMS 0x00000000e9b00000, 0x00000000e9b00000| Untracked 
| 156|0x00000000e9c00000, 0x00000000e9c00000, 0x00000000e9d00000|  0%| F|  |TAMS 0x00000000e9c00000, 0x00000000e9c00000| Untracked 
| 157|0x00000000e9d00000, 0x00000000e9d00000, 0x00000000e9e00000|  0%| F|  |TAMS 0x00000000e9d00000, 0x00000000e9d00000| Untracked 
| 158|0x00000000e9e00000, 0x00000000e9e00000, 0x00000000e9f00000|  0%| F|  |TAMS 0x00000000e9e00000, 0x00000000e9e00000| Untracked 
| 159|0x00000000e9f00000, 0x00000000e9f00000, 0x00000000ea000000|  0%| F|  |TAMS 0x00000000e9f00000, 0x00000000e9f00000| Untracked 
| 160|0x00000000ea000000, 0x00000000ea000000, 0x00000000ea100000|  0%| F|  |TAMS 0x00000000ea000000, 0x00000000ea000000| Untracked 
| 161|0x00000000ea100000, 0x00000000ea100000, 0x00000000ea200000|  0%| F|  |TAMS 0x00000000ea100000, 0x00000000ea100000| Untracked 
| 162|0x00000000ea200000, 0x00000000ea200000, 0x00000000ea300000|  0%| F|  |TAMS 0x00000000ea200000, 0x00000000ea200000| Untracked 
| 163|0x00000000ea300000, 0x00000000ea300000, 0x00000000ea400000|  0%| F|  |TAMS 0x00000000ea300000, 0x00000000ea300000| Untracked 
| 164|0x00000000ea400000, 0x00000000ea400000, 0x00000000ea500000|  0%| F|  |TAMS 0x00000000ea400000, 0x00000000ea400000| Untracked 
| 165|0x00000000ea500000, 0x00000000ea600000, 0x00000000ea600000|100%| S|CS|TAMS 0x00000000ea500000, 0x00000000ea500000| Complete 
| 166|0x00000000ea600000, 0x00000000ea700000, 0x00000000ea700000|100%| S|CS|TAMS 0x00000000ea600000, 0x00000000ea600000| Complete 
| 167|0x00000000ea700000, 0x00000000ea800000, 0x00000000ea800000|100%| S|CS|TAMS 0x00000000ea700000, 0x00000000ea700000| Complete 
| 168|0x00000000ea800000, 0x00000000ea900000, 0x00000000ea900000|100%| S|CS|TAMS 0x00000000ea800000, 0x00000000ea800000| Complete 
| 169|0x00000000ea900000, 0x00000000eaa00000, 0x00000000eaa00000|100%| S|CS|TAMS 0x00000000ea900000, 0x00000000ea900000| Complete 
| 170|0x00000000eaa00000, 0x00000000eab00000, 0x00000000eab00000|100%| S|CS|TAMS 0x00000000eaa00000, 0x00000000eaa00000| Complete 
| 171|0x00000000eab00000, 0x00000000eac00000, 0x00000000eac00000|100%| S|CS|TAMS 0x00000000eab00000, 0x00000000eab00000| Complete 
| 172|0x00000000eac00000, 0x00000000ead00000, 0x00000000ead00000|100%| S|CS|TAMS 0x00000000eac00000, 0x00000000eac00000| Complete 
| 173|0x00000000ead00000, 0x00000000ead00000, 0x00000000eae00000|  0%| F|  |TAMS 0x00000000ead00000, 0x00000000ead00000| Untracked 
| 174|0x00000000eae00000, 0x00000000eae00000, 0x00000000eaf00000|  0%| F|  |TAMS 0x00000000eae00000, 0x00000000eae00000| Untracked 
| 175|0x00000000eaf00000, 0x00000000eaf00000, 0x00000000eb000000|  0%| F|  |TAMS 0x00000000eaf00000, 0x00000000eaf00000| Untracked 
| 176|0x00000000eb000000, 0x00000000eb000000, 0x00000000eb100000|  0%| F|  |TAMS 0x00000000eb000000, 0x00000000eb000000| Untracked 
| 177|0x00000000eb100000, 0x00000000eb100000, 0x00000000eb200000|  0%| F|  |TAMS 0x00000000eb100000, 0x00000000eb100000| Untracked 
| 178|0x00000000eb200000, 0x00000000eb200000, 0x00000000eb300000|  0%| F|  |TAMS 0x00000000eb200000, 0x00000000eb200000| Untracked 
| 179|0x00000000eb300000, 0x00000000eb300000, 0x00000000eb400000|  0%| F|  |TAMS 0x00000000eb300000, 0x00000000eb300000| Untracked 
| 180|0x00000000eb400000, 0x00000000eb400000, 0x00000000eb500000|  0%| F|  |TAMS 0x00000000eb400000, 0x00000000eb400000| Untracked 
| 181|0x00000000eb500000, 0x00000000eb500000, 0x00000000eb600000|  0%| F|  |TAMS 0x00000000eb500000, 0x00000000eb500000| Untracked 
| 182|0x00000000eb600000, 0x00000000eb600000, 0x00000000eb700000|  0%| F|  |TAMS 0x00000000eb600000, 0x00000000eb600000| Untracked 
| 183|0x00000000eb700000, 0x00000000eb700000, 0x00000000eb800000|  0%| F|  |TAMS 0x00000000eb700000, 0x00000000eb700000| Untracked 
| 184|0x00000000eb800000, 0x00000000eb800000, 0x00000000eb900000|  0%| F|  |TAMS 0x00000000eb800000, 0x00000000eb800000| Untracked 
| 185|0x00000000eb900000, 0x00000000eb900000, 0x00000000eba00000|  0%| F|  |TAMS 0x00000000eb900000, 0x00000000eb900000| Untracked 
| 186|0x00000000eba00000, 0x00000000eba00000, 0x00000000ebb00000|  0%| F|  |TAMS 0x00000000eba00000, 0x00000000eba00000| Untracked 
| 187|0x00000000ebb00000, 0x00000000ebb00000, 0x00000000ebc00000|  0%| F|  |TAMS 0x00000000ebb00000, 0x00000000ebb00000| Untracked 
| 188|0x00000000ebc00000, 0x00000000ebc00000, 0x00000000ebd00000|  0%| F|  |TAMS 0x00000000ebc00000, 0x00000000ebc00000| Untracked 
| 189|0x00000000ebd00000, 0x00000000ebd00000, 0x00000000ebe00000|  0%| F|  |TAMS 0x00000000ebd00000, 0x00000000ebd00000| Untracked 
| 190|0x00000000ebe00000, 0x00000000ebe00000, 0x00000000ebf00000|  0%| F|  |TAMS 0x00000000ebe00000, 0x00000000ebe00000| Untracked 
| 191|0x00000000ebf00000, 0x00000000ebf00000, 0x00000000ec000000|  0%| F|  |TAMS 0x00000000ebf00000, 0x00000000ebf00000| Untracked 
| 192|0x00000000ec000000, 0x00000000ec000000, 0x00000000ec100000|  0%| F|  |TAMS 0x00000000ec000000, 0x00000000ec000000| Untracked 
| 193|0x00000000ec100000, 0x00000000ec100000, 0x00000000ec200000|  0%| F|  |TAMS 0x00000000ec100000, 0x00000000ec100000| Untracked 
| 194|0x00000000ec200000, 0x00000000ec200000, 0x00000000ec300000|  0%| F|  |TAMS 0x00000000ec200000, 0x00000000ec200000| Untracked 
| 195|0x00000000ec300000, 0x00000000ec300000, 0x00000000ec400000|  0%| F|  |TAMS 0x00000000ec300000, 0x00000000ec300000| Untracked 
| 196|0x00000000ec400000, 0x00000000ec400000, 0x00000000ec500000|  0%| F|  |TAMS 0x00000000ec400000, 0x00000000ec400000| Untracked 
| 197|0x00000000ec500000, 0x00000000ec500000, 0x00000000ec600000|  0%| F|  |TAMS 0x00000000ec500000, 0x00000000ec500000| Untracked 
| 198|0x00000000ec600000, 0x00000000ec600000, 0x00000000ec700000|  0%| F|  |TAMS 0x00000000ec600000, 0x00000000ec600000| Untracked 
| 199|0x00000000ec700000, 0x00000000ec700000, 0x00000000ec800000|  0%| F|  |TAMS 0x00000000ec700000, 0x00000000ec700000| Untracked 
| 200|0x00000000ec800000, 0x00000000ec800000, 0x00000000ec900000|  0%| F|  |TAMS 0x00000000ec800000, 0x00000000ec800000| Untracked 
| 201|0x00000000ec900000, 0x00000000ec900000, 0x00000000eca00000|  0%| F|  |TAMS 0x00000000ec900000, 0x00000000ec900000| Untracked 
| 202|0x00000000eca00000, 0x00000000eca00000, 0x00000000ecb00000|  0%| F|  |TAMS 0x00000000eca00000, 0x00000000eca00000| Untracked 
| 203|0x00000000ecb00000, 0x00000000ecb00000, 0x00000000ecc00000|  0%| F|  |TAMS 0x00000000ecb00000, 0x00000000ecb00000| Untracked 
| 204|0x00000000ecc00000, 0x00000000ecc00000, 0x00000000ecd00000|  0%| F|  |TAMS 0x00000000ecc00000, 0x00000000ecc00000| Untracked 
| 205|0x00000000ecd00000, 0x00000000ecd00000, 0x00000000ece00000|  0%| F|  |TAMS 0x00000000ecd00000, 0x00000000ecd00000| Untracked 
| 206|0x00000000ece00000, 0x00000000ece00000, 0x00000000ecf00000|  0%| F|  |TAMS 0x00000000ece00000, 0x00000000ece00000| Untracked 
| 207|0x00000000ecf00000, 0x00000000ecf00000, 0x00000000ed000000|  0%| F|  |TAMS 0x00000000ecf00000, 0x00000000ecf00000| Untracked 
| 208|0x00000000ed000000, 0x00000000ed000000, 0x00000000ed100000|  0%| F|  |TAMS 0x00000000ed000000, 0x00000000ed000000| Untracked 
| 209|0x00000000ed100000, 0x00000000ed100000, 0x00000000ed200000|  0%| F|  |TAMS 0x00000000ed100000, 0x00000000ed100000| Untracked 
| 210|0x00000000ed200000, 0x00000000ed200000, 0x00000000ed300000|  0%| F|  |TAMS 0x00000000ed200000, 0x00000000ed200000| Untracked 
| 211|0x00000000ed300000, 0x00000000ed300000, 0x00000000ed400000|  0%| F|  |TAMS 0x00000000ed300000, 0x00000000ed300000| Untracked 
| 212|0x00000000ed400000, 0x00000000ed400000, 0x00000000ed500000|  0%| F|  |TAMS 0x00000000ed400000, 0x00000000ed400000| Untracked 
| 213|0x00000000ed500000, 0x00000000ed500000, 0x00000000ed600000|  0%| F|  |TAMS 0x00000000ed500000, 0x00000000ed500000| Untracked 
| 214|0x00000000ed600000, 0x00000000ed600000, 0x00000000ed700000|  0%| F|  |TAMS 0x00000000ed600000, 0x00000000ed600000| Untracked 
| 215|0x00000000ed700000, 0x00000000ed700000, 0x00000000ed800000|  0%| F|  |TAMS 0x00000000ed700000, 0x00000000ed700000| Untracked 
| 216|0x00000000ed800000, 0x00000000ed800000, 0x00000000ed900000|  0%| F|  |TAMS 0x00000000ed800000, 0x00000000ed800000| Untracked 
| 217|0x00000000ed900000, 0x00000000ed900000, 0x00000000eda00000|  0%| F|  |TAMS 0x00000000ed900000, 0x00000000ed900000| Untracked 
| 218|0x00000000eda00000, 0x00000000eda00000, 0x00000000edb00000|  0%| F|  |TAMS 0x00000000eda00000, 0x00000000eda00000| Untracked 
| 219|0x00000000edb00000, 0x00000000edb00000, 0x00000000edc00000|  0%| F|  |TAMS 0x00000000edb00000, 0x00000000edb00000| Untracked 
| 220|0x00000000edc00000, 0x00000000edc00000, 0x00000000edd00000|  0%| F|  |TAMS 0x00000000edc00000, 0x00000000edc00000| Untracked 
| 221|0x00000000edd00000, 0x00000000edd00000, 0x00000000ede00000|  0%| F|  |TAMS 0x00000000edd00000, 0x00000000edd00000| Untracked 
| 222|0x00000000ede00000, 0x00000000ede00000, 0x00000000edf00000|  0%| F|  |TAMS 0x00000000ede00000, 0x00000000ede00000| Untracked 
| 223|0x00000000edf00000, 0x00000000edf00000, 0x00000000ee000000|  0%| F|  |TAMS 0x00000000edf00000, 0x00000000edf00000| Untracked 
| 224|0x00000000ee000000, 0x00000000ee000000, 0x00000000ee100000|  0%| F|  |TAMS 0x00000000ee000000, 0x00000000ee000000| Untracked 
| 225|0x00000000ee100000, 0x00000000ee100000, 0x00000000ee200000|  0%| F|  |TAMS 0x00000000ee100000, 0x00000000ee100000| Untracked 
| 226|0x00000000ee200000, 0x00000000ee200000, 0x00000000ee300000|  0%| F|  |TAMS 0x00000000ee200000, 0x00000000ee200000| Untracked 
| 227|0x00000000ee300000, 0x00000000ee300000, 0x00000000ee400000|  0%| F|  |TAMS 0x00000000ee300000, 0x00000000ee300000| Untracked 
| 228|0x00000000ee400000, 0x00000000ee400000, 0x00000000ee500000|  0%| F|  |TAMS 0x00000000ee400000, 0x00000000ee400000| Untracked 
| 229|0x00000000ee500000, 0x00000000ee500000, 0x00000000ee600000|  0%| F|  |TAMS 0x00000000ee500000, 0x00000000ee500000| Untracked 
| 230|0x00000000ee600000, 0x00000000ee600000, 0x00000000ee700000|  0%| F|  |TAMS 0x00000000ee600000, 0x00000000ee600000| Untracked 
| 231|0x00000000ee700000, 0x00000000ee800000, 0x00000000ee800000|100%| E|  |TAMS 0x00000000ee700000, 0x00000000ee700000| Complete 
| 232|0x00000000ee800000, 0x00000000ee900000, 0x00000000ee900000|100%| E|CS|TAMS 0x00000000ee800000, 0x00000000ee800000| Complete 
| 233|0x00000000ee900000, 0x00000000eea00000, 0x00000000eea00000|100%| E|CS|TAMS 0x00000000ee900000, 0x00000000ee900000| Complete 
| 234|0x00000000eea00000, 0x00000000eeb00000, 0x00000000eeb00000|100%| E|CS|TAMS 0x00000000eea00000, 0x00000000eea00000| Complete 
| 235|0x00000000eeb00000, 0x00000000eec00000, 0x00000000eec00000|100%| E|CS|TAMS 0x00000000eeb00000, 0x00000000eeb00000| Complete 
| 236|0x00000000eec00000, 0x00000000eed00000, 0x00000000eed00000|100%| E|CS|TAMS 0x00000000eec00000, 0x00000000eec00000| Complete 
| 237|0x00000000eed00000, 0x00000000eee00000, 0x00000000eee00000|100%| E|CS|TAMS 0x00000000eed00000, 0x00000000eed00000| Complete 
| 238|0x00000000eee00000, 0x00000000eef00000, 0x00000000eef00000|100%| E|CS|TAMS 0x00000000eee00000, 0x00000000eee00000| Complete 
| 239|0x00000000eef00000, 0x00000000ef000000, 0x00000000ef000000|100%| E|CS|TAMS 0x00000000eef00000, 0x00000000eef00000| Complete 
| 240|0x00000000ef000000, 0x00000000ef100000, 0x00000000ef100000|100%| E|CS|TAMS 0x00000000ef000000, 0x00000000ef000000| Complete 
| 241|0x00000000ef100000, 0x00000000ef200000, 0x00000000ef200000|100%| E|CS|TAMS 0x00000000ef100000, 0x00000000ef100000| Complete 
| 242|0x00000000ef200000, 0x00000000ef300000, 0x00000000ef300000|100%| E|CS|TAMS 0x00000000ef200000, 0x00000000ef200000| Complete 
| 243|0x00000000ef300000, 0x00000000ef400000, 0x00000000ef400000|100%| E|CS|TAMS 0x00000000ef300000, 0x00000000ef300000| Complete 
| 244|0x00000000ef400000, 0x00000000ef500000, 0x00000000ef500000|100%| E|CS|TAMS 0x00000000ef400000, 0x00000000ef400000| Complete 
| 245|0x00000000ef500000, 0x00000000ef600000, 0x00000000ef600000|100%| E|CS|TAMS 0x00000000ef500000, 0x00000000ef500000| Complete 
| 246|0x00000000ef600000, 0x00000000ef700000, 0x00000000ef700000|100%| E|CS|TAMS 0x00000000ef600000, 0x00000000ef600000| Complete 
| 247|0x00000000ef700000, 0x00000000ef800000, 0x00000000ef800000|100%| E|CS|TAMS 0x00000000ef700000, 0x00000000ef700000| Complete 
| 248|0x00000000ef800000, 0x00000000ef900000, 0x00000000ef900000|100%| E|CS|TAMS 0x00000000ef800000, 0x00000000ef800000| Complete 
| 249|0x00000000ef900000, 0x00000000efa00000, 0x00000000efa00000|100%| E|CS|TAMS 0x00000000ef900000, 0x00000000ef900000| Complete 
| 250|0x00000000efa00000, 0x00000000efb00000, 0x00000000efb00000|100%| E|CS|TAMS 0x00000000efa00000, 0x00000000efa00000| Complete 
| 251|0x00000000efb00000, 0x00000000efc00000, 0x00000000efc00000|100%| E|CS|TAMS 0x00000000efb00000, 0x00000000efb00000| Complete 
| 252|0x00000000efc00000, 0x00000000efd00000, 0x00000000efd00000|100%| E|CS|TAMS 0x00000000efc00000, 0x00000000efc00000| Complete 
| 253|0x00000000efd00000, 0x00000000efe00000, 0x00000000efe00000|100%| E|CS|TAMS 0x00000000efd00000, 0x00000000efd00000| Complete 
| 254|0x00000000efe00000, 0x00000000eff00000, 0x00000000eff00000|100%| E|CS|TAMS 0x00000000efe00000, 0x00000000efe00000| Complete 
| 255|0x00000000eff00000, 0x00000000f0000000, 0x00000000f0000000|100%| E|CS|TAMS 0x00000000eff00000, 0x00000000eff00000| Complete 

Card table byte_map: [0x000002e455fe0000,0x000002e4560e0000] _byte_map_base: 0x000002e4558e0000

Marking Bits (Prev, Next): (CMBitMap*) 0x000002e43cd9a808, (CMBitMap*) 0x000002e43cd9a840
 Prev Bits: [0x000002e4561e0000, 0x000002e4569e0000)
 Next Bits: [0x000002e4569e0000, 0x000002e4571e0000)

Polling page: 0x000002e43ce50000

Metaspace:

Usage:
  Non-class:     63.65 MB capacity,    62.03 MB ( 97%) used,     1.46 MB (  2%) free+waste,   170.13 KB ( <1%) overhead. 
      Class:     10.07 MB capacity,     9.14 MB ( 91%) used,   868.32 KB (  8%) free+waste,    81.00 KB ( <1%) overhead. 
       Both:     73.72 MB capacity,    71.17 MB ( 97%) used,     2.31 MB (  3%) free+waste,   251.13 KB ( <1%) overhead. 

Virtual space:
  Non-class space:       64.00 MB reserved,      63.75 MB (>99%) committed 
      Class space:      248.00 MB reserved,      10.13 MB (  4%) committed 
             Both:      312.00 MB reserved,      73.88 MB ( 24%) committed 

Chunk freelists:
   Non-Class:  4.25 KB
       Class:  3.00 KB
        Both:  7.25 KB

CodeHeap 'non-profiled nmethods': size=120064Kb used=4495Kb max_used=4495Kb free=115568Kb
 bounds [0x000002e44e370000, 0x000002e44e7e0000, 0x000002e4558b0000]
CodeHeap 'profiled nmethods': size=120000Kb used=19644Kb max_used=19644Kb free=100355Kb
 bounds [0x000002e446e40000, 0x000002e448180000, 0x000002e44e370000]
CodeHeap 'non-nmethods': size=5696Kb used=2267Kb max_used=2316Kb free=3429Kb
 bounds [0x000002e4468b0000, 0x000002e446b20000, 0x000002e446e40000]
 total_blobs=11492 nmethods=8864 adapters=759
 compilation: enabled
              stopped_count=0, restarted_count=0
 full_count=0

Compilation events (10 events):
Event: 50.889 Thread 0x000002e45a082000 9204       3       org.gradle.execution.plan.TaskNodeDependencyResolver$1::execute (21 bytes)
Event: 50.889 Thread 0x000002e45a082000 nmethod 9204 0x000002e448169510 code [0x000002e4481696e0, 0x000002e448169960]
Event: 50.890 Thread 0x000002e45a082000 9205       3       com.android.build.gradle.internal.scope.VariantScopeImpl$$Lambda$344/0x000000010077bc40::isSatisfiedBy (8 bytes)
Event: 50.891 Thread 0x000002e45a082000 nmethod 9205 0x000002e448169a90 code [0x000002e448169c60, 0x000002e44816a078]
Event: 50.891 Thread 0x000002e45a082000 9206       3       com.android.build.gradle.internal.scope.VariantScopeImpl::lambda$getComponentFilter$4 (13 bytes)
Event: 50.891 Thread 0x000002e45a082000 nmethod 9206 0x000002e44816a190 code [0x000002e44816a340, 0x000002e44816a5d8]
Event: 50.897 Thread 0x000002e45a082000 9207       3       org.gradle.api.internal.artifacts.DefaultResolverResults::maybeRethrowFatalError (13 bytes)
Event: 50.898 Thread 0x000002e45a082000 nmethod 9207 0x000002e44816a690 code [0x000002e44816a840, 0x000002e44816a9f8]
Event: 50.899 Thread 0x000002e45a082000 9208       3       org.gradle.api.internal.artifacts.DefaultProjectComponentIdentifier::hashCode (8 bytes)
Event: 50.900 Thread 0x000002e45a082000 nmethod 9208 0x000002e44816aa90 code [0x000002e44816ac60, 0x000002e44816aef0]

GC Heap History (10 events):
Event: 30.619 GC heap before
{Heap before GC invocations=7 (full 0):
 garbage-first heap   total 262144K, used 131930K [0x00000000e0000000, 0x0000000100000000)
  region size 1024K, 111 young (113664K), 13 survivors (13312K)
 Metaspace       used 54190K, capacity 55418K, committed 55552K, reserved 303104K
  class space    used 6840K, capacity 7310K, committed 7424K, reserved 253952K
}
Event: 30.703 GC heap after
{Heap after GC invocations=8 (full 0):
 garbage-first heap   total 262144K, used 40063K [0x00000000e0000000, 0x0000000100000000)
  region size 1024K, 14 young (14336K), 14 survivors (14336K)
 Metaspace       used 54190K, capacity 55418K, committed 55552K, reserved 303104K
  class space    used 6840K, capacity 7310K, committed 7424K, reserved 253952K
}
Event: 31.881 GC heap before
{Heap before GC invocations=8 (full 0):
 garbage-first heap   total 262144K, used 71807K [0x00000000e0000000, 0x0000000100000000)
  region size 1024K, 46 young (47104K), 14 survivors (14336K)
 Metaspace       used 58726K, capacity 60144K, committed 60160K, reserved 307200K
  class space    used 7474K, capacity 8060K, committed 8064K, reserved 253952K
}
Event: 31.951 GC heap after
{Heap after GC invocations=9 (full 0):
 garbage-first heap   total 262144K, used 42264K [0x00000000e0000000, 0x0000000100000000)
  region size 1024K, 2 young (2048K), 2 survivors (2048K)
 Metaspace       used 58726K, capacity 60144K, committed 60160K, reserved 307200K
  class space    used 7474K, capacity 8060K, committed 8064K, reserved 253952K
}
Event: 43.514 GC heap before
{Heap before GC invocations=10 (full 0):
 garbage-first heap   total 262144K, used 124184K [0x00000000e0000000, 0x0000000100000000)
  region size 1024K, 82 young (83968K), 2 survivors (2048K)
 Metaspace       used 63768K, capacity 65421K, committed 65536K, reserved 311296K
  class space    used 8254K, capacity 8895K, committed 8960K, reserved 253952K
}
Event: 43.601 GC heap after
{Heap after GC invocations=11 (full 0):
 garbage-first heap   total 262144K, used 49356K [0x00000000e0000000, 0x0000000100000000)
  region size 1024K, 9 young (9216K), 9 survivors (9216K)
 Metaspace       used 63768K, capacity 65421K, committed 65536K, reserved 311296K
  class space    used 8254K, capacity 8895K, committed 8960K, reserved 253952K
}
Event: 47.809 GC heap before
{Heap before GC invocations=12 (full 0):
 garbage-first heap   total 262144K, used 135372K [0x00000000e0000000, 0x0000000100000000)
  region size 1024K, 90 young (92160K), 9 survivors (9216K)
 Metaspace       used 68310K, capacity 70849K, committed 70912K, reserved 315392K
  class space    used 8809K, capacity 9703K, committed 9728K, reserved 253952K
}
Event: 47.896 GC heap after
{Heap after GC invocations=13 (full 0):
 garbage-first heap   total 262144K, used 66691K [0x00000000e0000000, 0x0000000100000000)
  region size 1024K, 12 young (12288K), 12 survivors (12288K)
 Metaspace       used 68310K, capacity 70849K, committed 70912K, reserved 315392K
  class space    used 8809K, capacity 9703K, committed 9728K, reserved 253952K
}
Event: 50.523 GC heap before
{Heap before GC invocations=13 (full 0):
 garbage-first heap   total 262144K, used 150659K [0x00000000e0000000, 0x0000000100000000)
  region size 1024K, 94 young (96256K), 12 survivors (12288K)
 Metaspace       used 72495K, capacity 75069K, committed 75264K, reserved 319488K
  class space    used 9311K, capacity 10239K, committed 10240K, reserved 253952K
}
Event: 50.576 GC heap after
{Heap after GC invocations=14 (full 0):
 garbage-first heap   total 262144K, used 78260K [0x00000000e0000000, 0x0000000100000000)
  region size 1024K, 10 young (10240K), 10 survivors (10240K)
 Metaspace       used 72495K, capacity 75069K, committed 75264K, reserved 319488K
  class space    used 9311K, capacity 10239K, committed 10240K, reserved 253952K
}

Deoptimization events (10 events):
Event: 49.643 Thread 0x000002e45af37000 Uncommon trap: reason=unstable_if action=reinterpret pc=0x000002e44e762d84 method=com.google.common.base.Objects.equal(Ljava/lang/Object;Ljava/lang/Object;)Z @ 14 c2
Event: 50.489 Thread 0x000002e45af37000 Uncommon trap: reason=profile_predicate action=maybe_recompile pc=0x000002e44e7c0ab0 method=com.google.common.collect.ImmutableSet.construct(I[Ljava/lang/Object;)Lcom/google/common/collect/ImmutableSet; @ 111 c2
Event: 50.490 Thread 0x000002e45af37000 Uncommon trap: reason=profile_predicate action=maybe_recompile pc=0x000002e44e7c0ab0 method=com.google.common.collect.ImmutableSet.construct(I[Ljava/lang/Object;)Lcom/google/common/collect/ImmutableSet; @ 111 c2
Event: 50.490 Thread 0x000002e45af37000 Uncommon trap: reason=profile_predicate action=maybe_recompile pc=0x000002e44e7c0ab0 method=com.google.common.collect.ImmutableSet.construct(I[Ljava/lang/Object;)Lcom/google/common/collect/ImmutableSet; @ 111 c2
Event: 50.491 Thread 0x000002e45af37000 Uncommon trap: reason=profile_predicate action=maybe_recompile pc=0x000002e44e7c0ab0 method=com.google.common.collect.ImmutableSet.construct(I[Ljava/lang/Object;)Lcom/google/common/collect/ImmutableSet; @ 111 c2
Event: 50.623 Thread 0x000002e45af37000 Uncommon trap: reason=class_check action=maybe_recompile pc=0x000002e44e7c4ee4 method=java.util.HashMap.removeNode(ILjava/lang/Object;Ljava/lang/Object;ZZ)Ljava/util/HashMap$Node; @ 143 c2
Event: 50.623 Thread 0x000002e45af37000 Uncommon trap: reason=class_check action=maybe_recompile pc=0x000002e44e7c4ee4 method=java.util.HashMap.removeNode(ILjava/lang/Object;Ljava/lang/Object;ZZ)Ljava/util/HashMap$Node; @ 143 c2
Event: 50.623 Thread 0x000002e45af37000 Uncommon trap: reason=class_check action=maybe_recompile pc=0x000002e44e7c4ee4 method=java.util.HashMap.removeNode(ILjava/lang/Object;Ljava/lang/Object;ZZ)Ljava/util/HashMap$Node; @ 143 c2
Event: 50.623 Thread 0x000002e45af37000 Uncommon trap: reason=class_check action=maybe_recompile pc=0x000002e44e7c4ee4 method=java.util.HashMap.removeNode(ILjava/lang/Object;Ljava/lang/Object;ZZ)Ljava/util/HashMap$Node; @ 143 c2
Event: 50.802 Thread 0x000002e45af37000 Uncommon trap: reason=unstable_if action=reinterpret pc=0x000002e44e7cce40 method=com.google.common.collect.ImmutableSet.construct(I[Ljava/lang/Object;)Lcom/google/common/collect/ImmutableSet; @ 175 c2

Classes redefined (0 events):
No events

Internal exceptions (10 events):
Event: 47.433 Thread 0x000002e45af37000 Exception <a 'java/lang/ClassNotFoundException'{0x00000000ebc83ac0}: com/android/build/gradle/internal/res/LinkApplicationAndroidResourcesTask_DecoratedBeanInfo> (0x00000000ebc83ac0) thrown at [t:/workspace/open/src/hotspot/share/classfile/systemDictionar
Event: 47.434 Thread 0x000002e45af37000 Exception <a 'java/lang/ClassNotFoundException'{0x00000000ebc97a88}: com/android/build/gradle/internal/res/LinkApplicationAndroidResourcesTaskBeanInfo> (0x00000000ebc97a88) thrown at [t:/workspace/open/src/hotspot/share/classfile/systemDictionary.cpp, lin
Event: 47.436 Thread 0x000002e45af37000 Exception <a 'java/lang/ClassNotFoundException'{0x00000000ebcaa248}: com/android/build/gradle/tasks/ProcessAndroidResourcesBeanInfo> (0x00000000ebcaa248) thrown at [t:/workspace/open/src/hotspot/share/classfile/systemDictionary.cpp, line 231]
Event: 47.437 Thread 0x000002e45af37000 Exception <a 'java/lang/ClassNotFoundException'{0x00000000ebcbc9d0}: com/android/build/gradle/tasks/ProcessAndroidResourcesCustomizer> (0x00000000ebcbc9d0) thrown at [t:/workspace/open/src/hotspot/share/classfile/systemDictionary.cpp, line 231]
Event: 47.439 Thread 0x000002e45af37000 Exception <a 'java/lang/ClassNotFoundException'{0x00000000ebce0500}: com/android/build/gradle/internal/res/LinkApplicationAndroidResourcesTaskCustomizer> (0x00000000ebce0500) thrown at [t:/workspace/open/src/hotspot/share/classfile/systemDictionary.cpp, l
Event: 47.444 Thread 0x000002e45af37000 Exception <a 'java/lang/ClassNotFoundException'{0x00000000ebb567d8}: com/android/build/gradle/internal/res/LinkApplicationAndroidResourcesTask_DecoratedCustomizer> (0x00000000ebb567d8) thrown at [t:/workspace/open/src/hotspot/share/classfile/systemDiction
Event: 47.681 Thread 0x000002e45af37000 Exception <a 'java/lang/NullPointerException'{0x00000000eb33f508}> (0x00000000eb33f508) thrown at [t:/workspace/open/src/hotspot/share/interpreter/linkResolver.cpp, line 1454]
Event: 48.167 Thread 0x000002e45af37000 Implicit null exception at 0x000002e44e5f5619 to 0x000002e44e5f6a1e
Event: 48.309 Thread 0x000002e45af37000 Exception <a 'java/lang/NoSuchMethodError'{0x00000000ef345a38}: java.lang.invoke.DirectMethodHandle$Holder.invokeStatic(Ljava/lang/Object;Ljava/lang/Object;ILjava/lang/Object;)I> (0x00000000ef345a38) thrown at [t:/workspace/open/src/hotspot/share/interpre
Event: 48.812 Thread 0x000002e45af37000 Implicit null exception at 0x000002e44e4a3812 to 0x000002e44e4a3e06

Events (10 events):
Event: 50.855 loading class com/android/build/api/transform/SecondaryFile
Event: 50.855 loading class com/android/build/api/transform/SecondaryFile done
Event: 50.855 loading class com/android/build/gradle/internal/pipeline/TransformTask
Event: 50.855 loading class com/android/build/gradle/internal/pipeline/TransformTask done
Event: 50.897 loading class org/gradle/api/artifacts/component/ComponentIdentifier
Event: 50.897 loading class org/gradle/api/artifacts/component/ComponentIdentifier done
Event: 50.897 loading class org/gradle/api/specs/Spec
Event: 50.897 loading class org/gradle/api/specs/Spec done
Event: 50.900 loading class org/gradle/api/internal/file/AbstractFileCollection$4
Event: 50.900 loading class org/gradle/api/internal/file/AbstractFileCollection$4 done


Dynamic libraries:
0x00007ff7da150000 - 0x00007ff7da197000 	C:\Program Files\Java\jdk\bin\java.exe
0x00007ffc9b250000 - 0x00007ffc9b431000 	C:\WINDOWS\SYSTEM32\ntdll.dll
0x00007ffc997c0000 - 0x00007ffc99872000 	C:\WINDOWS\System32\KERNEL32.DLL
0x00007ffc98410000 - 0x00007ffc98683000 	C:\WINDOWS\System32\KERNELBASE.dll
0x00007ffc98a00000 - 0x00007ffc98aa1000 	C:\WINDOWS\System32\ADVAPI32.dll
0x00007ffc995b0000 - 0x00007ffc9964e000 	C:\WINDOWS\System32\msvcrt.dll
0x00007ffc98ab0000 - 0x00007ffc98b0b000 	C:\WINDOWS\System32\sechost.dll
0x00007ffc99650000 - 0x00007ffc99774000 	C:\WINDOWS\System32\RPCRT4.dll
0x00007ffc986f0000 - 0x00007ffc98880000 	C:\WINDOWS\System32\USER32.dll
0x00007ffc97680000 - 0x00007ffc976a0000 	C:\WINDOWS\System32\win32u.dll
0x00007ffc99360000 - 0x00007ffc99388000 	C:\WINDOWS\System32\GDI32.dll
0x00007ffc976a0000 - 0x00007ffc97832000 	C:\WINDOWS\System32\gdi32full.dll
0x00007ffc98370000 - 0x00007ffc9840f000 	C:\WINDOWS\System32\msvcp_win.dll
0x00007ffc98020000 - 0x00007ffc9811a000 	C:\WINDOWS\System32\ucrtbase.dll
0x00007ffc9ad80000 - 0x00007ffc9ad8a000 	C:\WINDOWS\System32\VERSION.dll
0x00007ffc91710000 - 0x00007ffc91979000 	C:\WINDOWS\WinSxS\amd64_microsoft.windows.common-controls_6595b64144ccf1df_6.0.17134.556_none_fb439e4b3064774e\COMCTL32.dll
0x00007ffc99030000 - 0x00007ffc99352000 	C:\WINDOWS\System32\combase.dll
0x00007ffc97890000 - 0x00007ffc9790a000 	C:\WINDOWS\System32\bcryptPrimitives.dll
0x00007ffc9ad30000 - 0x00007ffc9ad5d000 	C:\WINDOWS\System32\IMM32.DLL
0x00007ffc8d130000 - 0x00007ffc8d146000 	C:\Program Files\Java\jdk\bin\vcruntime140.dll
0x00007ffc6f4d0000 - 0x00007ffc6f57a000 	C:\Program Files\Java\jdk\bin\msvcp140.dll
0x00007ffc64630000 - 0x00007ffc65172000 	C:\Program Files\Java\jdk\bin\server\jvm.dll
0x00007ffc99790000 - 0x00007ffc99799000 	C:\WINDOWS\System32\WSOCK32.dll
0x00007ffc9acc0000 - 0x00007ffc9ad2c000 	C:\WINDOWS\System32\WS2_32.dll
0x00007ffc995a0000 - 0x00007ffc995a8000 	C:\WINDOWS\System32\PSAPI.DLL
0x00007ffc941c0000 - 0x00007ffc941e3000 	C:\WINDOWS\SYSTEM32\WINMM.dll
0x00007ffc94190000 - 0x00007ffc941ba000 	C:\WINDOWS\SYSTEM32\WINMMBASE.dll
0x00007ffc97840000 - 0x00007ffc97889000 	C:\WINDOWS\System32\cfgmgr32.dll
0x00007ffc97510000 - 0x00007ffc97521000 	C:\WINDOWS\System32\kernel.appcore.dll
0x00007ffc8aa00000 - 0x00007ffc8aa11000 	C:\Program Files\Java\jdk\bin\verify.dll
0x00007ffc95560000 - 0x00007ffc95729000 	C:\WINDOWS\SYSTEM32\DBGHELP.DLL
0x00007ffc876f0000 - 0x00007ffc87719000 	C:\WINDOWS\SYSTEM32\dbgcore.DLL
0x00007ffc7f8e0000 - 0x00007ffc7f909000 	C:\Program Files\Java\jdk\bin\java.dll
0x00007ffc8a990000 - 0x00007ffc8a9a6000 	C:\Program Files\Java\jdk\bin\zip.dll
0x00007ffc90c20000 - 0x00007ffc90c2a000 	C:\Program Files\Java\jdk\bin\jimage.dll
0x00007ffc99880000 - 0x00007ffc9acc0000 	C:\WINDOWS\System32\SHELL32.dll
0x00007ffc9b110000 - 0x00007ffc9b1b9000 	C:\WINDOWS\System32\shcore.dll
0x00007ffc97910000 - 0x00007ffc9801d000 	C:\WINDOWS\System32\windows.storage.dll
0x00007ffc993b0000 - 0x00007ffc99401000 	C:\WINDOWS\System32\shlwapi.dll
0x00007ffc975b0000 - 0x00007ffc975cf000 	C:\WINDOWS\System32\profapi.dll
0x00007ffc97530000 - 0x00007ffc9757c000 	C:\WINDOWS\System32\powrprof.dll
0x00007ffc975a0000 - 0x00007ffc975aa000 	C:\WINDOWS\System32\FLTLIB.DLL
0x00007ffc84e20000 - 0x00007ffc84e39000 	C:\Program Files\Java\jdk\bin\net.dll
0x00007ffc93a80000 - 0x00007ffc93b5d000 	C:\WINDOWS\SYSTEM32\WINHTTP.dll
0x00007ffc96d20000 - 0x00007ffc96d86000 	C:\WINDOWS\system32\mswsock.dll
0x00007ffc84820000 - 0x00007ffc84833000 	C:\Program Files\Java\jdk\bin\nio.dll
0x00007ffc8d700000 - 0x00007ffc8d726000 	C:\Users\user\.gradle\native\30\windows-amd64\native-platform.dll
0x00007ffc90ad0000 - 0x00007ffc90ad9000 	C:\Program Files\Java\jdk\bin\management.dll
0x00007ffc8ddf0000 - 0x00007ffc8ddfc000 	C:\Program Files\Java\jdk\bin\management_ext.dll
0x00007ffc96f30000 - 0x00007ffc96f47000 	C:\WINDOWS\SYSTEM32\CRYPTSP.dll
0x00007ffc96910000 - 0x00007ffc96943000 	C:\WINDOWS\system32\rsaenh.dll
0x00007ffc97070000 - 0x00007ffc97095000 	C:\WINDOWS\SYSTEM32\bcrypt.dll
0x00007ffc97440000 - 0x00007ffc97468000 	C:\WINDOWS\SYSTEM32\USERENV.dll
0x00007ffc96f50000 - 0x00007ffc96f5b000 	C:\WINDOWS\SYSTEM32\CRYPTBASE.dll
0x00007ffc96ab0000 - 0x00007ffc96ae8000 	C:\WINDOWS\SYSTEM32\IPHLPAPI.DLL
0x00007ffc993a0000 - 0x00007ffc993a8000 	C:\WINDOWS\System32\NSI.dll
0x00007ffc93a60000 - 0x00007ffc93a76000 	C:\WINDOWS\SYSTEM32\dhcpcsvc6.DLL
0x00007ffc93a40000 - 0x00007ffc93a5a000 	C:\WINDOWS\SYSTEM32\dhcpcsvc.DLL

dbghelp: loaded successfully - version: 4.0.5 - missing functions: none
symbol engine: initialized successfully - sym options: 0x614 - pdb path: .;C:\Program Files\Java\jdk\bin;C:\WINDOWS\SYSTEM32;C:\WINDOWS\WinSxS\amd64_microsoft.windows.common-controls_6595b64144ccf1df_6.0.17134.556_none_fb439e4b3064774e;C:\Program Files\Java\jdk\bin\server;C:\Users\user\.gradle\native\30\windows-amd64

VM Arguments:
jvm_args: --add-opens=java.base/java.util=ALL-UNNAMED --add-opens=java.base/java.lang=ALL-UNNAMED --add-opens=java.base/java.lang.invoke=ALL-UNNAMED --add-opens=java.prefs/java.util.prefs=ALL-UNNAMED -XX:MaxMetaspaceSize=256m -XX:+HeapDumpOnOutOfMemoryError -Xms256m -Xmx512m -Dfile.encoding=windows-1252 -Duser.country=IN -Duser.language=en -Duser.variant 
java_command: org.gradle.launcher.daemon.bootstrap.GradleDaemon 6.0.1
java_class_path (initial): C:\Users\user\.gradle\wrapper\dists\gradle-6.0.1-all\99d3u8wxs16ndehh90lbbir67\gradle-6.0.1\lib\gradle-launcher-6.0.1.jar
Launcher Type: SUN_STANDARD

[Global flags]
     intx CICompilerCount                          = 3                                         {product} {ergonomic}
   size_t CompressedClassSpaceSize                 = 260046848                                 {product} {ergonomic}
     uint ConcGCThreads                            = 1                                         {product} {ergonomic}
     uint G1ConcRefinementThreads                  = 4                                         {product} {ergonomic}
   size_t G1HeapRegionSize                         = 1048576                                   {product} {ergonomic}
    uintx GCDrainStackTargetSize                   = 64                                        {product} {ergonomic}
     bool HeapDumpOnOutOfMemoryError               = true                                   {manageable} {command line}
   size_t InitialHeapSize                          = 268435456                                 {product} {command line}
   size_t MarkStackSize                            = 4194304                                   {product} {ergonomic}
   size_t MaxHeapSize                              = 536870912                                 {product} {command line}
   size_t MaxMetaspaceSize                         = 268435456                                 {product} {command line}
   size_t MaxNewSize                               = 321912832                                 {product} {ergonomic}
   size_t MinHeapDeltaBytes                        = 1048576                                   {product} {ergonomic}
    uintx NonNMethodCodeHeapSize                   = 5830092                                {pd product} {ergonomic}
    uintx NonProfiledCodeHeapSize                  = 122914074                              {pd product} {ergonomic}
    uintx ProfiledCodeHeapSize                     = 122914074                              {pd product} {ergonomic}
    uintx ReservedCodeCacheSize                    = 251658240                              {pd product} {ergonomic}
     bool SegmentedCodeCache                       = true                                      {product} {ergonomic}
     bool UseCompressedClassPointers               = true                                 {lp64_product} {ergonomic}
     bool UseCompressedOops                        = true                                 {lp64_product} {ergonomic}
     bool UseG1GC                                  = true                                      {product} {ergonomic}
     bool UseLargePagesIndividualAllocation        = false                                  {pd product} {ergonomic}

Logging:
Log output configuration:
 #0: stdout all=warning uptime,level,tags
 #1: stderr all=off uptime,level,tags

Environment Variables:
JAVA_HOME=C:\Program Files\Java\jdk
CLASSPATH=C:\Users\user\Desktop\reStartup\Covid19_Tracker\android\\gradle\wrapper\gradle-wrapper.jar
PATH=C:\Users\user\Desktop\reStartup\Covid19_Tracker\android\node_modules\.bin;C:\Users\user\Desktop\reStartup\Covid19_Tracker\node_modules\.bin;C:\Users\user\Desktop\reStartup\node_modules\.bin;C:\Users\user\Desktop\node_modules\.bin;C:\Users\user\node_modules\.bin;C:\Users\node_modules\.bin;C:\node_modules\.bin;C:\Program Files\nodejs;C:\WINDOWS\system32;C:\WINDOWS;C:\WINDOWS\system32\Wbem;C:\Python27\;C:\Python27\Scripts;C:\ProgramData\Oracle\Java\javapath;C:\Program Files\Java\jdk\bin;C:\WINDOWS\System32\WindowsPowerShell\v1.0\;C:\Program Files (x86)\AMD\ATI.ACE\Core-Static;C:\WINDOWS\System32\OpenSSH\;C:\Program Files (x86)\Python37-32;C:\Program Files (x86)\Python37-32\Scripts;F:\app\Microsoft VS Code\bin;C:\Program Files\Git\cmd;C:\Users\user\AppData\Local\Android\Sdk\platform-tools;C:\Program Files (x86)\Yarn\bin\;C:\Users\user\AppData\Roaming\nvm;C:\Program Files\nodejs;C:\ProgramData\chocolatey\bin;C:\Users\user\Anaconda3;C:\Users\user\Anaconda3\Library\mingw-w64\bin;C:\Users\user\Anaconda3\Library\usr\bin;C:\Users\user\Anaconda3\Library\bin;C:\Users\user\Anaconda3\Scripts;C:\Program Files\Java\jdk-12.0.2\bin;F:\UDEMY\flutter\bin;C:\Program Files\heroku\bin;C:\Users\user\AppData\Local\Yarn\bin;C:\Users\user\AppData\Roaming\npm;C:\Users\user\AppData\Roaming\nvm;C:\Program Files\nodejs
USERNAME=user
OS=Windows_NT
PROCESSOR_IDENTIFIER=Intel64 Family 6 Model 61 Stepping 4, GenuineIntel



---------------  S Y S T E M  ---------------

OS: Windows 10 , 64 bit Build 17134 (10.0.17134.556)

CPU:total 4 (initial active 4) (2 cores per cpu, 2 threads per core) family 6 model 61 stepping 4, cmov, cx8, fxsr, mmx, sse, sse2, sse3, ssse3, sse4.1, sse4.2, popcnt, avx, avx2, aes, clmul, erms, 3dnowpref, lzcnt, ht, tsc, tscinvbit, bmi1, bmi2, adx, fma

Memory: 4k page, system-wide physical 8106M (3781M free)
TotalPageFile size 14106M (AvailPageFile size 8M)
current process WorkingSet (physical memory assigned to process): 402M, peak: 404M
current process commit charge ("private bytes"): 508M, peak: 512M

vm_info: Java HotSpot(TM) 64-Bit Server VM (11+28) for windows-amd64 JRE (11+28), built on Aug 23 2018 03:03:59 by "mach5one" with MS VC++ 15.5 (VS2017)

END.
